2025-03-25T22:41:48.882+04:00  INFO 14264 --- [ComputingNode] [main] r.v.C.ComputingNodeApplication           : Starting ComputingNodeApplication using Java 22.0.2 with PID 14264 (C:\Users\Ann\Desktop\study\огв\grid framework\ComputingNode\target\classes started by Ann in C:\Users\Ann\Desktop\study\огв\grid framework\ComputingNode)
2025-03-25T22:41:49.312+04:00 DEBUG 14264 --- [ComputingNode] [main] r.v.C.ComputingNodeApplication           : Running with Spring Boot v3.3.5, Spring v6.1.14
2025-03-25T22:41:49.328+04:00  INFO 14264 --- [ComputingNode] [main] r.v.C.ComputingNodeApplication           : No active profile set, falling back to 1 default profile: "default"
2025-03-25T22:42:17.908+04:00  INFO 14264 --- [ComputingNode] [main] o.s.cloud.context.scope.GenericScope     : BeanFactory id=065d012a-3478-3d20-8c16-8a75d86a3913
2025-03-25T22:42:25.604+04:00  INFO 14264 --- [ComputingNode] [main] o.s.b.w.embedded.tomcat.TomcatWebServer  : Tomcat initialized with port 8082 (http)
2025-03-25T22:42:25.652+04:00  INFO 14264 --- [ComputingNode] [main] o.apache.catalina.core.StandardService   : Starting service [Tomcat]
2025-03-25T22:42:25.652+04:00  INFO 14264 --- [ComputingNode] [main] o.apache.catalina.core.StandardEngine    : Starting Servlet engine: [Apache Tomcat/10.1.31]
2025-03-25T22:42:27.172+04:00  INFO 14264 --- [ComputingNode] [main] o.a.c.c.C.[Tomcat].[localhost].[/]       : Initializing Spring embedded WebApplicationContext
2025-03-25T22:42:27.185+04:00  INFO 14264 --- [ComputingNode] [main] w.s.c.ServletWebServerApplicationContext : Root WebApplicationContext: initialization completed in 37272 ms
2025-03-25T22:42:43.208+04:00  INFO 14264 --- [ComputingNode] [main] o.s.b.w.embedded.tomcat.TomcatWebServer  : Tomcat started on port 8082 (http) with context path '/'
2025-03-25T22:42:43.241+04:00  INFO 14264 --- [ComputingNode] [main] r.v.C.ComputingNodeApplication           : Started ComputingNodeApplication in 63.782 seconds (process running for 70.751)
2025-03-25T22:43:59.933+04:00  INFO 14264 --- [ComputingNode] [http-nio-8082-exec-7] o.a.c.c.C.[Tomcat].[localhost].[/]       : Initializing Spring DispatcherServlet 'dispatcherServlet'
2025-03-25T22:43:59.933+04:00  INFO 14264 --- [ComputingNode] [http-nio-8082-exec-7] o.s.web.servlet.DispatcherServlet        : Initializing Servlet 'dispatcherServlet'
2025-03-25T22:43:59.933+04:00  INFO 14264 --- [ComputingNode] [http-nio-8082-exec-7] o.s.web.servlet.DispatcherServlet        : Completed initialization in 0 ms
2025-03-25T22:44:01.084+04:00  INFO 14264 --- [ComputingNode] [http-nio-8082-exec-8] o.springdoc.api.AbstractOpenApiResource  : Init duration for springdoc-openapi is: 707 ms
2025-03-25T22:44:18.820+04:00  INFO 14264 --- [ComputingNode] [http-nio-8082-exec-3] r.v.C.services.NodeRegisterService       : Запрос на регистрацию
2025-03-25T22:44:51.451+04:00  INFO 14264 --- [ComputingNode] [http-nio-8082-exec-2] r.v.C.services.JarStorageService         : JAR-файл сохранен: target\jars\task-36e7b44e-1084-49e8-a635-d95e60bd4e55.jar
2025-03-25T22:44:51.451+04:00 DEBUG 14264 --- [ComputingNode] [http-nio-8082-exec-2] r.v.C.services.ClassLoaderService        : Файл в jar, ru/vaschenko/TaskCoordinator/computation/DefaultGenerator.class
2025-03-25T22:44:51.451+04:00 DEBUG 14264 --- [ComputingNode] [http-nio-8082-exec-2] r.v.C.services.ClassLoaderService        : Новое имя, ru.vaschenko.TaskCoordinator.computation.DefaultGenerator
2025-03-25T22:44:51.451+04:00  INFO 14264 --- [ComputingNode] [http-nio-8082-exec-2] r.v.C.services.ClassLoaderService        : Класс ru.vaschenko.TaskCoordinator.computation.DefaultGenerator загружен
2025-03-25T22:44:51.451+04:00 DEBUG 14264 --- [ComputingNode] [http-nio-8082-exec-2] r.v.C.services.ClassLoaderService        : Файл в jar, ru/vaschenko/TaskCoordinator/computation/DefaultSolver.class
2025-03-25T22:44:51.451+04:00 DEBUG 14264 --- [ComputingNode] [http-nio-8082-exec-2] r.v.C.services.ClassLoaderService        : Новое имя, ru.vaschenko.TaskCoordinator.computation.DefaultSolver
2025-03-25T22:44:51.467+04:00  INFO 14264 --- [ComputingNode] [http-nio-8082-exec-2] r.v.C.services.ClassLoaderService        : Класс ru.vaschenko.TaskCoordinator.computation.DefaultSolver загружен
2025-03-25T22:44:51.469+04:00 DEBUG 14264 --- [ComputingNode] [http-nio-8082-exec-2] r.v.C.services.ClassLoaderService        : Файл в jar, ru/vaschenko/TaskCoordinator/dto/SubTask.class
2025-03-25T22:44:51.469+04:00 DEBUG 14264 --- [ComputingNode] [http-nio-8082-exec-2] r.v.C.services.ClassLoaderService        : Новое имя, ru.vaschenko.TaskCoordinator.dto.SubTask
2025-03-25T22:44:51.469+04:00  INFO 14264 --- [ComputingNode] [http-nio-8082-exec-2] r.v.C.services.ClassLoaderService        : Класс ru.vaschenko.TaskCoordinator.dto.SubTask загружен
2025-03-25T22:44:51.469+04:00 DEBUG 14264 --- [ComputingNode] [http-nio-8082-exec-2] r.v.C.services.ClassLoaderService        : Файл в jar, ru/vaschenko/TaskCoordinator/dto/ResultLatinSquare.class
2025-03-25T22:44:51.469+04:00 DEBUG 14264 --- [ComputingNode] [http-nio-8082-exec-2] r.v.C.services.ClassLoaderService        : Новое имя, ru.vaschenko.TaskCoordinator.dto.ResultLatinSquare
2025-03-25T22:44:51.469+04:00  INFO 14264 --- [ComputingNode] [http-nio-8082-exec-2] r.v.C.services.ClassLoaderService        : Класс ru.vaschenko.TaskCoordinator.dto.ResultLatinSquare загружен
2025-03-25T22:44:51.469+04:00 DEBUG 14264 --- [ComputingNode] [http-nio-8082-exec-2] r.v.C.services.ClassLoaderService        : Запуск findAndInvokeSinglePublicMethod с componentType: GENERATOR
2025-03-25T22:44:51.469+04:00 DEBUG 14264 --- [ComputingNode] [http-nio-8082-exec-2] r.v.C.services.ClassLoaderService        : Загруженные классы: [ru.vaschenko.TaskCoordinator.computation.DefaultGenerator, ru.vaschenko.TaskCoordinator.computation.DefaultSolver, ru.vaschenko.TaskCoordinator.dto.SubTask, ru.vaschenko.TaskCoordinator.dto.ResultLatinSquare]
2025-03-25T22:44:51.469+04:00 DEBUG 14264 --- [ComputingNode] [http-nio-8082-exec-2] r.v.C.services.ClassLoaderService        : Параметры перед конвертацией: {subTask={treeLevel=1, number=0, matrix=[[A, null, null, null], [null, A, null, C], [C, null, A, null], [null, C, null, A]], alphabet=[A, B, C, D]}}
2025-03-25T22:44:51.469+04:00 DEBUG 14264 --- [ComputingNode] [http-nio-8082-exec-2] r.v.C.services.ClassLoaderService        : Найден целевой класс: ru.vaschenko.TaskCoordinator.computation.DefaultGenerator
2025-03-25T22:44:51.486+04:00 DEBUG 14264 --- [ComputingNode] [http-nio-8082-exec-2] r.v.C.services.ClassLoaderService        : Вызываем метод generate из класса DefaultGenerator
2025-03-25T22:44:51.486+04:00 DEBUG 14264 --- [ComputingNode] [http-nio-8082-exec-2] r.v.C.services.ClassLoaderService        : Конвертация параметра 'subTask' из типа LinkedHashMap в SubTask
2025-03-25T22:44:51.510+04:00 DEBUG 14264 --- [ComputingNode] [http-nio-8082-exec-2] r.v.C.services.ClassLoaderService        : Создан экземпляр класса ru.vaschenko.TaskCoordinator.computation.DefaultGenerator
2025-03-25T22:44:51.510+04:00 DEBUG 14264 --- [ComputingNode] [http-nio-8082-exec-2] r.v.C.services.ClassLoaderService        : Типы параметров метода: [ru.vaschenko.TaskCoordinator.dto.SubTask subTask]
2025-03-25T22:44:51.524+04:00 DEBUG 14264 --- [ComputingNode] [http-nio-8082-exec-2] r.v.C.services.ClassLoaderService        : Переданные параметры: [SubTask[treeLevel=1, number=0, matrix=[[A, null, null, null], [null, A, null, C], [C, null, A, null], [null, C, null, A]], alphabet=[A, B, C, D]]]
2025-03-25T22:44:51.524+04:00 DEBUG 14264 --- [ComputingNode] [http-nio-8082-exec-2] r.v.C.services.ClassLoaderService        : Тип параметра 0: class ru.vaschenko.TaskCoordinator.dto.SubTask, значение: SubTask[treeLevel=1, number=0, matrix=[[A, null, null, null], [null, A, null, C], [C, null, A, null], [null, C, null, A]], alphabet=[A, B, C, D]]
2025-03-25T22:44:52.003+04:00 DEBUG 14264 --- [ComputingNode] [http-nio-8082-exec-2] r.v.C.services.ComputingService          : Востановленная подзадача {re=[]}
2025-03-25T22:44:52.082+04:00  INFO 14264 --- [ComputingNode] [http-nio-8082-exec-5] r.v.C.services.JarStorageService         : JAR-файл сохранен: target\jars\task-0d5e4a39-81db-469d-98f1-32da1b688da8.jar
2025-03-25T22:44:52.082+04:00 DEBUG 14264 --- [ComputingNode] [http-nio-8082-exec-5] r.v.C.services.ClassLoaderService        : Файл в jar, ru/vaschenko/TaskCoordinator/computation/DefaultGenerator.class
2025-03-25T22:44:52.082+04:00 DEBUG 14264 --- [ComputingNode] [http-nio-8082-exec-5] r.v.C.services.ClassLoaderService        : Новое имя, ru.vaschenko.TaskCoordinator.computation.DefaultGenerator
2025-03-25T22:44:52.099+04:00  INFO 14264 --- [ComputingNode] [http-nio-8082-exec-5] r.v.C.services.ClassLoaderService        : Класс ru.vaschenko.TaskCoordinator.computation.DefaultGenerator загружен
2025-03-25T22:44:52.099+04:00 DEBUG 14264 --- [ComputingNode] [http-nio-8082-exec-5] r.v.C.services.ClassLoaderService        : Файл в jar, ru/vaschenko/TaskCoordinator/computation/DefaultSolver.class
2025-03-25T22:44:52.099+04:00 DEBUG 14264 --- [ComputingNode] [http-nio-8082-exec-5] r.v.C.services.ClassLoaderService        : Новое имя, ru.vaschenko.TaskCoordinator.computation.DefaultSolver
2025-03-25T22:44:52.099+04:00  INFO 14264 --- [ComputingNode] [http-nio-8082-exec-5] r.v.C.services.ClassLoaderService        : Класс ru.vaschenko.TaskCoordinator.computation.DefaultSolver загружен
2025-03-25T22:44:52.099+04:00 DEBUG 14264 --- [ComputingNode] [http-nio-8082-exec-5] r.v.C.services.ClassLoaderService        : Файл в jar, ru/vaschenko/TaskCoordinator/dto/SubTask.class
2025-03-25T22:44:52.099+04:00 DEBUG 14264 --- [ComputingNode] [http-nio-8082-exec-5] r.v.C.services.ClassLoaderService        : Новое имя, ru.vaschenko.TaskCoordinator.dto.SubTask
2025-03-25T22:44:52.099+04:00  INFO 14264 --- [ComputingNode] [http-nio-8082-exec-5] r.v.C.services.ClassLoaderService        : Класс ru.vaschenko.TaskCoordinator.dto.SubTask загружен
2025-03-25T22:44:52.099+04:00 DEBUG 14264 --- [ComputingNode] [http-nio-8082-exec-5] r.v.C.services.ClassLoaderService        : Файл в jar, ru/vaschenko/TaskCoordinator/dto/ResultLatinSquare.class
2025-03-25T22:44:52.099+04:00 DEBUG 14264 --- [ComputingNode] [http-nio-8082-exec-5] r.v.C.services.ClassLoaderService        : Новое имя, ru.vaschenko.TaskCoordinator.dto.ResultLatinSquare
2025-03-25T22:44:52.099+04:00  INFO 14264 --- [ComputingNode] [http-nio-8082-exec-5] r.v.C.services.ClassLoaderService        : Класс ru.vaschenko.TaskCoordinator.dto.ResultLatinSquare загружен
2025-03-25T22:44:52.099+04:00 DEBUG 14264 --- [ComputingNode] [http-nio-8082-exec-5] r.v.C.services.ClassLoaderService        : Запуск findAndInvokeSinglePublicMethod с componentType: GENERATOR
2025-03-25T22:44:52.099+04:00 DEBUG 14264 --- [ComputingNode] [http-nio-8082-exec-5] r.v.C.services.ClassLoaderService        : Загруженные классы: [ru.vaschenko.TaskCoordinator.computation.DefaultGenerator, ru.vaschenko.TaskCoordinator.computation.DefaultSolver, ru.vaschenko.TaskCoordinator.dto.SubTask, ru.vaschenko.TaskCoordinator.dto.ResultLatinSquare]
2025-03-25T22:44:52.099+04:00 DEBUG 14264 --- [ComputingNode] [http-nio-8082-exec-5] r.v.C.services.ClassLoaderService        : Параметры перед конвертацией: {subTask={treeLevel=1, number=1, matrix=[[A, null, null, null], [null, A, null, C], [C, null, A, null], [null, C, null, A]], alphabet=[A, B, C, D]}}
2025-03-25T22:44:52.099+04:00 DEBUG 14264 --- [ComputingNode] [http-nio-8082-exec-5] r.v.C.services.ClassLoaderService        : Найден целевой класс: ru.vaschenko.TaskCoordinator.computation.DefaultGenerator
2025-03-25T22:44:52.099+04:00 DEBUG 14264 --- [ComputingNode] [http-nio-8082-exec-5] r.v.C.services.ClassLoaderService        : Вызываем метод generate из класса DefaultGenerator
2025-03-25T22:44:52.099+04:00 DEBUG 14264 --- [ComputingNode] [http-nio-8082-exec-5] r.v.C.services.ClassLoaderService        : Конвертация параметра 'subTask' из типа LinkedHashMap в SubTask
2025-03-25T22:44:52.115+04:00 DEBUG 14264 --- [ComputingNode] [http-nio-8082-exec-5] r.v.C.services.ClassLoaderService        : Создан экземпляр класса ru.vaschenko.TaskCoordinator.computation.DefaultGenerator
2025-03-25T22:44:52.116+04:00 DEBUG 14264 --- [ComputingNode] [http-nio-8082-exec-5] r.v.C.services.ClassLoaderService        : Типы параметров метода: [ru.vaschenko.TaskCoordinator.dto.SubTask subTask]
2025-03-25T22:44:52.116+04:00 DEBUG 14264 --- [ComputingNode] [http-nio-8082-exec-5] r.v.C.services.ClassLoaderService        : Переданные параметры: [SubTask[treeLevel=1, number=1, matrix=[[A, null, null, null], [null, A, null, C], [C, null, A, null], [null, C, null, A]], alphabet=[A, B, C, D]]]
2025-03-25T22:44:52.116+04:00 DEBUG 14264 --- [ComputingNode] [http-nio-8082-exec-5] r.v.C.services.ClassLoaderService        : Тип параметра 0: class ru.vaschenko.TaskCoordinator.dto.SubTask, значение: SubTask[treeLevel=1, number=1, matrix=[[A, null, null, null], [null, A, null, C], [C, null, A, null], [null, C, null, A]], alphabet=[A, B, C, D]]
2025-03-25T22:44:52.382+04:00 DEBUG 14264 --- [ComputingNode] [http-nio-8082-exec-5] r.v.C.services.ComputingService          : Востановленная подзадача {re=[ResultLatinSquare[matrix=[[A, B, C, D], [B, A, D, C], [C, D, A, B], [D, C, B, A]]], ResultLatinSquare[matrix=[[A, B, C, D], [D, A, B, C], [C, D, A, B], [B, C, D, A]]]]}
2025-03-25T22:44:52.466+04:00  INFO 14264 --- [ComputingNode] [http-nio-8082-exec-6] r.v.C.services.JarStorageService         : JAR-файл сохранен: target\jars\task-cdc4a058-6135-4d97-9c07-9ac14e9af674.jar
2025-03-25T22:44:52.466+04:00 DEBUG 14264 --- [ComputingNode] [http-nio-8082-exec-6] r.v.C.services.ClassLoaderService        : Файл в jar, ru/vaschenko/TaskCoordinator/computation/DefaultGenerator.class
2025-03-25T22:44:52.466+04:00 DEBUG 14264 --- [ComputingNode] [http-nio-8082-exec-6] r.v.C.services.ClassLoaderService        : Новое имя, ru.vaschenko.TaskCoordinator.computation.DefaultGenerator
2025-03-25T22:44:52.466+04:00  INFO 14264 --- [ComputingNode] [http-nio-8082-exec-6] r.v.C.services.ClassLoaderService        : Класс ru.vaschenko.TaskCoordinator.computation.DefaultGenerator загружен
2025-03-25T22:44:52.482+04:00 DEBUG 14264 --- [ComputingNode] [http-nio-8082-exec-6] r.v.C.services.ClassLoaderService        : Файл в jar, ru/vaschenko/TaskCoordinator/computation/DefaultSolver.class
2025-03-25T22:44:52.483+04:00 DEBUG 14264 --- [ComputingNode] [http-nio-8082-exec-6] r.v.C.services.ClassLoaderService        : Новое имя, ru.vaschenko.TaskCoordinator.computation.DefaultSolver
2025-03-25T22:44:52.483+04:00  INFO 14264 --- [ComputingNode] [http-nio-8082-exec-6] r.v.C.services.ClassLoaderService        : Класс ru.vaschenko.TaskCoordinator.computation.DefaultSolver загружен
2025-03-25T22:44:52.483+04:00 DEBUG 14264 --- [ComputingNode] [http-nio-8082-exec-6] r.v.C.services.ClassLoaderService        : Файл в jar, ru/vaschenko/TaskCoordinator/dto/SubTask.class
2025-03-25T22:44:52.483+04:00 DEBUG 14264 --- [ComputingNode] [http-nio-8082-exec-6] r.v.C.services.ClassLoaderService        : Новое имя, ru.vaschenko.TaskCoordinator.dto.SubTask
2025-03-25T22:44:52.483+04:00  INFO 14264 --- [ComputingNode] [http-nio-8082-exec-6] r.v.C.services.ClassLoaderService        : Класс ru.vaschenko.TaskCoordinator.dto.SubTask загружен
2025-03-25T22:44:52.483+04:00 DEBUG 14264 --- [ComputingNode] [http-nio-8082-exec-6] r.v.C.services.ClassLoaderService        : Файл в jar, ru/vaschenko/TaskCoordinator/dto/ResultLatinSquare.class
2025-03-25T22:44:52.483+04:00 DEBUG 14264 --- [ComputingNode] [http-nio-8082-exec-6] r.v.C.services.ClassLoaderService        : Новое имя, ru.vaschenko.TaskCoordinator.dto.ResultLatinSquare
2025-03-25T22:44:52.483+04:00  INFO 14264 --- [ComputingNode] [http-nio-8082-exec-6] r.v.C.services.ClassLoaderService        : Класс ru.vaschenko.TaskCoordinator.dto.ResultLatinSquare загружен
2025-03-25T22:44:52.483+04:00 DEBUG 14264 --- [ComputingNode] [http-nio-8082-exec-6] r.v.C.services.ClassLoaderService        : Запуск findAndInvokeSinglePublicMethod с componentType: GENERATOR
2025-03-25T22:44:52.483+04:00 DEBUG 14264 --- [ComputingNode] [http-nio-8082-exec-6] r.v.C.services.ClassLoaderService        : Загруженные классы: [ru.vaschenko.TaskCoordinator.computation.DefaultGenerator, ru.vaschenko.TaskCoordinator.computation.DefaultSolver, ru.vaschenko.TaskCoordinator.dto.SubTask, ru.vaschenko.TaskCoordinator.dto.ResultLatinSquare]
2025-03-25T22:44:52.483+04:00 DEBUG 14264 --- [ComputingNode] [http-nio-8082-exec-6] r.v.C.services.ClassLoaderService        : Параметры перед конвертацией: {subTask={treeLevel=1, number=2, matrix=[[A, null, null, null], [null, A, null, C], [C, null, A, null], [null, C, null, A]], alphabet=[A, B, C, D]}}
2025-03-25T22:44:52.483+04:00 DEBUG 14264 --- [ComputingNode] [http-nio-8082-exec-6] r.v.C.services.ClassLoaderService        : Найден целевой класс: ru.vaschenko.TaskCoordinator.computation.DefaultGenerator
2025-03-25T22:44:52.483+04:00 DEBUG 14264 --- [ComputingNode] [http-nio-8082-exec-6] r.v.C.services.ClassLoaderService        : Вызываем метод generate из класса DefaultGenerator
2025-03-25T22:44:52.483+04:00 DEBUG 14264 --- [ComputingNode] [http-nio-8082-exec-6] r.v.C.services.ClassLoaderService        : Конвертация параметра 'subTask' из типа LinkedHashMap в SubTask
2025-03-25T22:44:52.483+04:00 DEBUG 14264 --- [ComputingNode] [http-nio-8082-exec-6] r.v.C.services.ClassLoaderService        : Создан экземпляр класса ru.vaschenko.TaskCoordinator.computation.DefaultGenerator
2025-03-25T22:44:52.483+04:00 DEBUG 14264 --- [ComputingNode] [http-nio-8082-exec-6] r.v.C.services.ClassLoaderService        : Типы параметров метода: [ru.vaschenko.TaskCoordinator.dto.SubTask subTask]
2025-03-25T22:44:52.483+04:00 DEBUG 14264 --- [ComputingNode] [http-nio-8082-exec-6] r.v.C.services.ClassLoaderService        : Переданные параметры: [SubTask[treeLevel=1, number=2, matrix=[[A, null, null, null], [null, A, null, C], [C, null, A, null], [null, C, null, A]], alphabet=[A, B, C, D]]]
2025-03-25T22:44:52.483+04:00 DEBUG 14264 --- [ComputingNode] [http-nio-8082-exec-6] r.v.C.services.ClassLoaderService        : Тип параметра 0: class ru.vaschenko.TaskCoordinator.dto.SubTask, значение: SubTask[treeLevel=1, number=2, matrix=[[A, null, null, null], [null, A, null, C], [C, null, A, null], [null, C, null, A]], alphabet=[A, B, C, D]]
2025-03-25T22:44:52.767+04:00 DEBUG 14264 --- [ComputingNode] [http-nio-8082-exec-6] r.v.C.services.ComputingService          : Востановленная подзадача {re=[]}
2025-03-25T22:44:52.833+04:00  INFO 14264 --- [ComputingNode] [http-nio-8082-exec-9] r.v.C.services.JarStorageService         : JAR-файл сохранен: target\jars\task-878b53c1-3ce1-403c-9523-02dd52eee808.jar
2025-03-25T22:44:52.833+04:00 DEBUG 14264 --- [ComputingNode] [http-nio-8082-exec-9] r.v.C.services.ClassLoaderService        : Файл в jar, ru/vaschenko/TaskCoordinator/computation/DefaultGenerator.class
2025-03-25T22:44:52.833+04:00 DEBUG 14264 --- [ComputingNode] [http-nio-8082-exec-9] r.v.C.services.ClassLoaderService        : Новое имя, ru.vaschenko.TaskCoordinator.computation.DefaultGenerator
2025-03-25T22:44:52.833+04:00  INFO 14264 --- [ComputingNode] [http-nio-8082-exec-9] r.v.C.services.ClassLoaderService        : Класс ru.vaschenko.TaskCoordinator.computation.DefaultGenerator загружен
2025-03-25T22:44:52.833+04:00 DEBUG 14264 --- [ComputingNode] [http-nio-8082-exec-9] r.v.C.services.ClassLoaderService        : Файл в jar, ru/vaschenko/TaskCoordinator/computation/DefaultSolver.class
2025-03-25T22:44:52.833+04:00 DEBUG 14264 --- [ComputingNode] [http-nio-8082-exec-9] r.v.C.services.ClassLoaderService        : Новое имя, ru.vaschenko.TaskCoordinator.computation.DefaultSolver
2025-03-25T22:44:52.833+04:00  INFO 14264 --- [ComputingNode] [http-nio-8082-exec-9] r.v.C.services.ClassLoaderService        : Класс ru.vaschenko.TaskCoordinator.computation.DefaultSolver загружен
2025-03-25T22:44:52.833+04:00 DEBUG 14264 --- [ComputingNode] [http-nio-8082-exec-9] r.v.C.services.ClassLoaderService        : Файл в jar, ru/vaschenko/TaskCoordinator/dto/SubTask.class
2025-03-25T22:44:52.833+04:00 DEBUG 14264 --- [ComputingNode] [http-nio-8082-exec-9] r.v.C.services.ClassLoaderService        : Новое имя, ru.vaschenko.TaskCoordinator.dto.SubTask
2025-03-25T22:44:52.833+04:00  INFO 14264 --- [ComputingNode] [http-nio-8082-exec-9] r.v.C.services.ClassLoaderService        : Класс ru.vaschenko.TaskCoordinator.dto.SubTask загружен
2025-03-25T22:44:52.833+04:00 DEBUG 14264 --- [ComputingNode] [http-nio-8082-exec-9] r.v.C.services.ClassLoaderService        : Файл в jar, ru/vaschenko/TaskCoordinator/dto/ResultLatinSquare.class
2025-03-25T22:44:52.833+04:00 DEBUG 14264 --- [ComputingNode] [http-nio-8082-exec-9] r.v.C.services.ClassLoaderService        : Новое имя, ru.vaschenko.TaskCoordinator.dto.ResultLatinSquare
2025-03-25T22:44:52.833+04:00  INFO 14264 --- [ComputingNode] [http-nio-8082-exec-9] r.v.C.services.ClassLoaderService        : Класс ru.vaschenko.TaskCoordinator.dto.ResultLatinSquare загружен
2025-03-25T22:44:52.833+04:00 DEBUG 14264 --- [ComputingNode] [http-nio-8082-exec-9] r.v.C.services.ClassLoaderService        : Запуск findAndInvokeSinglePublicMethod с componentType: GENERATOR
2025-03-25T22:44:52.833+04:00 DEBUG 14264 --- [ComputingNode] [http-nio-8082-exec-9] r.v.C.services.ClassLoaderService        : Загруженные классы: [ru.vaschenko.TaskCoordinator.computation.DefaultGenerator, ru.vaschenko.TaskCoordinator.computation.DefaultSolver, ru.vaschenko.TaskCoordinator.dto.SubTask, ru.vaschenko.TaskCoordinator.dto.ResultLatinSquare]
2025-03-25T22:44:52.833+04:00 DEBUG 14264 --- [ComputingNode] [http-nio-8082-exec-9] r.v.C.services.ClassLoaderService        : Параметры перед конвертацией: {subTask={treeLevel=1, number=3, matrix=[[A, null, null, null], [null, A, null, C], [C, null, A, null], [null, C, null, A]], alphabet=[A, B, C, D]}}
2025-03-25T22:44:52.849+04:00 DEBUG 14264 --- [ComputingNode] [http-nio-8082-exec-9] r.v.C.services.ClassLoaderService        : Найден целевой класс: ru.vaschenko.TaskCoordinator.computation.DefaultGenerator
2025-03-25T22:44:52.851+04:00 DEBUG 14264 --- [ComputingNode] [http-nio-8082-exec-9] r.v.C.services.ClassLoaderService        : Вызываем метод generate из класса DefaultGenerator
2025-03-25T22:44:52.851+04:00 DEBUG 14264 --- [ComputingNode] [http-nio-8082-exec-9] r.v.C.services.ClassLoaderService        : Конвертация параметра 'subTask' из типа LinkedHashMap в SubTask
2025-03-25T22:44:52.851+04:00 DEBUG 14264 --- [ComputingNode] [http-nio-8082-exec-9] r.v.C.services.ClassLoaderService        : Создан экземпляр класса ru.vaschenko.TaskCoordinator.computation.DefaultGenerator
2025-03-25T22:44:52.851+04:00 DEBUG 14264 --- [ComputingNode] [http-nio-8082-exec-9] r.v.C.services.ClassLoaderService        : Типы параметров метода: [ru.vaschenko.TaskCoordinator.dto.SubTask subTask]
2025-03-25T22:44:52.851+04:00 DEBUG 14264 --- [ComputingNode] [http-nio-8082-exec-9] r.v.C.services.ClassLoaderService        : Переданные параметры: [SubTask[treeLevel=1, number=3, matrix=[[A, null, null, null], [null, A, null, C], [C, null, A, null], [null, C, null, A]], alphabet=[A, B, C, D]]]
2025-03-25T22:44:52.851+04:00 DEBUG 14264 --- [ComputingNode] [http-nio-8082-exec-9] r.v.C.services.ClassLoaderService        : Тип параметра 0: class ru.vaschenko.TaskCoordinator.dto.SubTask, значение: SubTask[treeLevel=1, number=3, matrix=[[A, null, null, null], [null, A, null, C], [C, null, A, null], [null, C, null, A]], alphabet=[A, B, C, D]]
2025-03-25T22:44:53.136+04:00 DEBUG 14264 --- [ComputingNode] [http-nio-8082-exec-9] r.v.C.services.ComputingService          : Востановленная подзадача {re=[ResultLatinSquare[matrix=[[A, D, C, B], [B, A, D, C], [C, B, A, D], [D, C, B, A]]], ResultLatinSquare[matrix=[[A, D, C, B], [D, A, B, C], [C, B, A, D], [B, C, D, A]]]]}
2025-03-25T22:44:53.200+04:00  INFO 14264 --- [ComputingNode] [http-nio-8082-exec-10] r.v.C.services.JarStorageService         : JAR-файл сохранен: target\jars\task-420e0b6f-1e1a-49f1-b144-9df6e62892a9.jar
2025-03-25T22:44:53.200+04:00 DEBUG 14264 --- [ComputingNode] [http-nio-8082-exec-10] r.v.C.services.ClassLoaderService        : Файл в jar, ru/vaschenko/TaskCoordinator/computation/DefaultGenerator.class
2025-03-25T22:44:53.200+04:00 DEBUG 14264 --- [ComputingNode] [http-nio-8082-exec-10] r.v.C.services.ClassLoaderService        : Новое имя, ru.vaschenko.TaskCoordinator.computation.DefaultGenerator
2025-03-25T22:44:53.200+04:00  INFO 14264 --- [ComputingNode] [http-nio-8082-exec-10] r.v.C.services.ClassLoaderService        : Класс ru.vaschenko.TaskCoordinator.computation.DefaultGenerator загружен
2025-03-25T22:44:53.200+04:00 DEBUG 14264 --- [ComputingNode] [http-nio-8082-exec-10] r.v.C.services.ClassLoaderService        : Файл в jar, ru/vaschenko/TaskCoordinator/computation/DefaultSolver.class
2025-03-25T22:44:53.216+04:00 DEBUG 14264 --- [ComputingNode] [http-nio-8082-exec-10] r.v.C.services.ClassLoaderService        : Новое имя, ru.vaschenko.TaskCoordinator.computation.DefaultSolver
2025-03-25T22:44:53.216+04:00  INFO 14264 --- [ComputingNode] [http-nio-8082-exec-10] r.v.C.services.ClassLoaderService        : Класс ru.vaschenko.TaskCoordinator.computation.DefaultSolver загружен
2025-03-25T22:44:53.216+04:00 DEBUG 14264 --- [ComputingNode] [http-nio-8082-exec-10] r.v.C.services.ClassLoaderService        : Файл в jar, ru/vaschenko/TaskCoordinator/dto/SubTask.class
2025-03-25T22:44:53.216+04:00 DEBUG 14264 --- [ComputingNode] [http-nio-8082-exec-10] r.v.C.services.ClassLoaderService        : Новое имя, ru.vaschenko.TaskCoordinator.dto.SubTask
2025-03-25T22:44:53.216+04:00  INFO 14264 --- [ComputingNode] [http-nio-8082-exec-10] r.v.C.services.ClassLoaderService        : Класс ru.vaschenko.TaskCoordinator.dto.SubTask загружен
2025-03-25T22:44:53.216+04:00 DEBUG 14264 --- [ComputingNode] [http-nio-8082-exec-10] r.v.C.services.ClassLoaderService        : Файл в jar, ru/vaschenko/TaskCoordinator/dto/ResultLatinSquare.class
2025-03-25T22:44:53.216+04:00 DEBUG 14264 --- [ComputingNode] [http-nio-8082-exec-10] r.v.C.services.ClassLoaderService        : Новое имя, ru.vaschenko.TaskCoordinator.dto.ResultLatinSquare
2025-03-25T22:44:53.216+04:00  INFO 14264 --- [ComputingNode] [http-nio-8082-exec-10] r.v.C.services.ClassLoaderService        : Класс ru.vaschenko.TaskCoordinator.dto.ResultLatinSquare загружен
2025-03-25T22:44:53.216+04:00 DEBUG 14264 --- [ComputingNode] [http-nio-8082-exec-10] r.v.C.services.ClassLoaderService        : Запуск findAndInvokeSinglePublicMethod с componentType: GENERATOR
2025-03-25T22:44:53.216+04:00 DEBUG 14264 --- [ComputingNode] [http-nio-8082-exec-10] r.v.C.services.ClassLoaderService        : Загруженные классы: [ru.vaschenko.TaskCoordinator.computation.DefaultGenerator, ru.vaschenko.TaskCoordinator.computation.DefaultSolver, ru.vaschenko.TaskCoordinator.dto.SubTask, ru.vaschenko.TaskCoordinator.dto.ResultLatinSquare]
2025-03-25T22:44:53.216+04:00 DEBUG 14264 --- [ComputingNode] [http-nio-8082-exec-10] r.v.C.services.ClassLoaderService        : Параметры перед конвертацией: {subTask={treeLevel=1, number=4, matrix=[[A, null, null, null], [null, A, null, C], [C, null, A, null], [null, C, null, A]], alphabet=[A, B, C, D]}}
2025-03-25T22:44:53.216+04:00 DEBUG 14264 --- [ComputingNode] [http-nio-8082-exec-10] r.v.C.services.ClassLoaderService        : Найден целевой класс: ru.vaschenko.TaskCoordinator.computation.DefaultGenerator
2025-03-25T22:44:53.216+04:00 DEBUG 14264 --- [ComputingNode] [http-nio-8082-exec-10] r.v.C.services.ClassLoaderService        : Вызываем метод generate из класса DefaultGenerator
2025-03-25T22:44:53.216+04:00 DEBUG 14264 --- [ComputingNode] [http-nio-8082-exec-10] r.v.C.services.ClassLoaderService        : Конвертация параметра 'subTask' из типа LinkedHashMap в SubTask
2025-03-25T22:44:53.216+04:00 DEBUG 14264 --- [ComputingNode] [http-nio-8082-exec-10] r.v.C.services.ClassLoaderService        : Создан экземпляр класса ru.vaschenko.TaskCoordinator.computation.DefaultGenerator
2025-03-25T22:44:53.216+04:00 DEBUG 14264 --- [ComputingNode] [http-nio-8082-exec-10] r.v.C.services.ClassLoaderService        : Типы параметров метода: [ru.vaschenko.TaskCoordinator.dto.SubTask subTask]
2025-03-25T22:44:53.216+04:00 DEBUG 14264 --- [ComputingNode] [http-nio-8082-exec-10] r.v.C.services.ClassLoaderService        : Переданные параметры: [SubTask[treeLevel=1, number=4, matrix=[[A, null, null, null], [null, A, null, C], [C, null, A, null], [null, C, null, A]], alphabet=[A, B, C, D]]]
2025-03-25T22:44:53.216+04:00 DEBUG 14264 --- [ComputingNode] [http-nio-8082-exec-10] r.v.C.services.ClassLoaderService        : Тип параметра 0: class ru.vaschenko.TaskCoordinator.dto.SubTask, значение: SubTask[treeLevel=1, number=4, matrix=[[A, null, null, null], [null, A, null, C], [C, null, A, null], [null, C, null, A]], alphabet=[A, B, C, D]]
2025-03-25T22:44:53.453+04:00 DEBUG 14264 --- [ComputingNode] [http-nio-8082-exec-10] r.v.C.services.ComputingService          : Востановленная подзадача {re=[]}
2025-03-25T22:47:51.598+04:00  INFO 14264 --- [ComputingNode] [http-nio-8082-exec-8] r.v.C.services.NodeRegisterService       : Запрос на регистрацию
2025-03-25T22:47:59.428+04:00  INFO 14264 --- [ComputingNode] [http-nio-8082-exec-3] r.v.C.services.JarStorageService         : JAR-файл сохранен: target\jars\task-cfee4fa9-2376-40ba-822f-f05fed098f93.jar
2025-03-25T22:47:59.428+04:00 DEBUG 14264 --- [ComputingNode] [http-nio-8082-exec-3] r.v.C.services.ClassLoaderService        : Файл в jar, ru/vaschenko/TaskCoordinator/computation/DefaultGenerator.class
2025-03-25T22:47:59.428+04:00 DEBUG 14264 --- [ComputingNode] [http-nio-8082-exec-3] r.v.C.services.ClassLoaderService        : Новое имя, ru.vaschenko.TaskCoordinator.computation.DefaultGenerator
2025-03-25T22:47:59.445+04:00  INFO 14264 --- [ComputingNode] [http-nio-8082-exec-3] r.v.C.services.ClassLoaderService        : Класс ru.vaschenko.TaskCoordinator.computation.DefaultGenerator загружен
2025-03-25T22:47:59.445+04:00 DEBUG 14264 --- [ComputingNode] [http-nio-8082-exec-3] r.v.C.services.ClassLoaderService        : Файл в jar, ru/vaschenko/TaskCoordinator/computation/DefaultSolver.class
2025-03-25T22:47:59.445+04:00 DEBUG 14264 --- [ComputingNode] [http-nio-8082-exec-3] r.v.C.services.ClassLoaderService        : Новое имя, ru.vaschenko.TaskCoordinator.computation.DefaultSolver
2025-03-25T22:47:59.445+04:00  INFO 14264 --- [ComputingNode] [http-nio-8082-exec-3] r.v.C.services.ClassLoaderService        : Класс ru.vaschenko.TaskCoordinator.computation.DefaultSolver загружен
2025-03-25T22:47:59.445+04:00 DEBUG 14264 --- [ComputingNode] [http-nio-8082-exec-3] r.v.C.services.ClassLoaderService        : Файл в jar, ru/vaschenko/TaskCoordinator/dto/SubTask.class
2025-03-25T22:47:59.445+04:00 DEBUG 14264 --- [ComputingNode] [http-nio-8082-exec-3] r.v.C.services.ClassLoaderService        : Новое имя, ru.vaschenko.TaskCoordinator.dto.SubTask
2025-03-25T22:47:59.445+04:00  INFO 14264 --- [ComputingNode] [http-nio-8082-exec-3] r.v.C.services.ClassLoaderService        : Класс ru.vaschenko.TaskCoordinator.dto.SubTask загружен
2025-03-25T22:47:59.445+04:00 DEBUG 14264 --- [ComputingNode] [http-nio-8082-exec-3] r.v.C.services.ClassLoaderService        : Файл в jar, ru/vaschenko/TaskCoordinator/dto/ResultLatinSquare.class
2025-03-25T22:47:59.445+04:00 DEBUG 14264 --- [ComputingNode] [http-nio-8082-exec-3] r.v.C.services.ClassLoaderService        : Новое имя, ru.vaschenko.TaskCoordinator.dto.ResultLatinSquare
2025-03-25T22:47:59.445+04:00  INFO 14264 --- [ComputingNode] [http-nio-8082-exec-3] r.v.C.services.ClassLoaderService        : Класс ru.vaschenko.TaskCoordinator.dto.ResultLatinSquare загружен
2025-03-25T22:47:59.445+04:00 DEBUG 14264 --- [ComputingNode] [http-nio-8082-exec-3] r.v.C.services.ClassLoaderService        : Запуск findAndInvokeSinglePublicMethod с componentType: GENERATOR
2025-03-25T22:47:59.445+04:00 DEBUG 14264 --- [ComputingNode] [http-nio-8082-exec-3] r.v.C.services.ClassLoaderService        : Загруженные классы: [ru.vaschenko.TaskCoordinator.computation.DefaultGenerator, ru.vaschenko.TaskCoordinator.computation.DefaultSolver, ru.vaschenko.TaskCoordinator.dto.SubTask, ru.vaschenko.TaskCoordinator.dto.ResultLatinSquare]
2025-03-25T22:47:59.445+04:00 DEBUG 14264 --- [ComputingNode] [http-nio-8082-exec-3] r.v.C.services.ClassLoaderService        : Параметры перед конвертацией: {subTask={treeLevel=1, number=0, matrix=[[A, null, null, null], [null, A, null, C], [C, null, A, null], [null, C, null, A]], alphabet=[A, B, C, D]}}
2025-03-25T22:47:59.445+04:00 DEBUG 14264 --- [ComputingNode] [http-nio-8082-exec-3] r.v.C.services.ClassLoaderService        : Найден целевой класс: ru.vaschenko.TaskCoordinator.computation.DefaultGenerator
2025-03-25T22:47:59.445+04:00 DEBUG 14264 --- [ComputingNode] [http-nio-8082-exec-3] r.v.C.services.ClassLoaderService        : Вызываем метод generate из класса DefaultGenerator
2025-03-25T22:47:59.445+04:00 DEBUG 14264 --- [ComputingNode] [http-nio-8082-exec-3] r.v.C.services.ClassLoaderService        : Конвертация параметра 'subTask' из типа LinkedHashMap в SubTask
2025-03-25T22:47:59.445+04:00 DEBUG 14264 --- [ComputingNode] [http-nio-8082-exec-3] r.v.C.services.ClassLoaderService        : Создан экземпляр класса ru.vaschenko.TaskCoordinator.computation.DefaultGenerator
2025-03-25T22:47:59.462+04:00 DEBUG 14264 --- [ComputingNode] [http-nio-8082-exec-3] r.v.C.services.ClassLoaderService        : Типы параметров метода: [ru.vaschenko.TaskCoordinator.dto.SubTask subTask]
2025-03-25T22:47:59.462+04:00 DEBUG 14264 --- [ComputingNode] [http-nio-8082-exec-3] r.v.C.services.ClassLoaderService        : Переданные параметры: [SubTask[treeLevel=1, number=0, matrix=[[A, null, null, null], [null, A, null, C], [C, null, A, null], [null, C, null, A]], alphabet=[A, B, C, D]]]
2025-03-25T22:47:59.462+04:00 DEBUG 14264 --- [ComputingNode] [http-nio-8082-exec-3] r.v.C.services.ClassLoaderService        : Тип параметра 0: class ru.vaschenko.TaskCoordinator.dto.SubTask, значение: SubTask[treeLevel=1, number=0, matrix=[[A, null, null, null], [null, A, null, C], [C, null, A, null], [null, C, null, A]], alphabet=[A, B, C, D]]
2025-03-25T22:47:59.678+04:00 DEBUG 14264 --- [ComputingNode] [http-nio-8082-exec-3] r.v.C.services.ComputingService          : Востановленная подзадача {re=[]}
2025-03-25T22:47:59.769+04:00  INFO 14264 --- [ComputingNode] [http-nio-8082-exec-1] r.v.C.services.JarStorageService         : JAR-файл сохранен: target\jars\task-64e8720b-03a8-466c-b746-e7ad34c11b93.jar
2025-03-25T22:47:59.780+04:00 DEBUG 14264 --- [ComputingNode] [http-nio-8082-exec-1] r.v.C.services.ClassLoaderService        : Файл в jar, ru/vaschenko/TaskCoordinator/computation/DefaultGenerator.class
2025-03-25T22:47:59.780+04:00 DEBUG 14264 --- [ComputingNode] [http-nio-8082-exec-1] r.v.C.services.ClassLoaderService        : Новое имя, ru.vaschenko.TaskCoordinator.computation.DefaultGenerator
2025-03-25T22:47:59.780+04:00  INFO 14264 --- [ComputingNode] [http-nio-8082-exec-1] r.v.C.services.ClassLoaderService        : Класс ru.vaschenko.TaskCoordinator.computation.DefaultGenerator загружен
2025-03-25T22:47:59.780+04:00 DEBUG 14264 --- [ComputingNode] [http-nio-8082-exec-1] r.v.C.services.ClassLoaderService        : Файл в jar, ru/vaschenko/TaskCoordinator/computation/DefaultSolver.class
2025-03-25T22:47:59.780+04:00 DEBUG 14264 --- [ComputingNode] [http-nio-8082-exec-1] r.v.C.services.ClassLoaderService        : Новое имя, ru.vaschenko.TaskCoordinator.computation.DefaultSolver
2025-03-25T22:47:59.780+04:00  INFO 14264 --- [ComputingNode] [http-nio-8082-exec-1] r.v.C.services.ClassLoaderService        : Класс ru.vaschenko.TaskCoordinator.computation.DefaultSolver загружен
2025-03-25T22:47:59.780+04:00 DEBUG 14264 --- [ComputingNode] [http-nio-8082-exec-1] r.v.C.services.ClassLoaderService        : Файл в jar, ru/vaschenko/TaskCoordinator/dto/SubTask.class
2025-03-25T22:47:59.780+04:00 DEBUG 14264 --- [ComputingNode] [http-nio-8082-exec-1] r.v.C.services.ClassLoaderService        : Новое имя, ru.vaschenko.TaskCoordinator.dto.SubTask
2025-03-25T22:47:59.780+04:00  INFO 14264 --- [ComputingNode] [http-nio-8082-exec-1] r.v.C.services.ClassLoaderService        : Класс ru.vaschenko.TaskCoordinator.dto.SubTask загружен
2025-03-25T22:47:59.780+04:00 DEBUG 14264 --- [ComputingNode] [http-nio-8082-exec-1] r.v.C.services.ClassLoaderService        : Файл в jar, ru/vaschenko/TaskCoordinator/dto/ResultLatinSquare.class
2025-03-25T22:47:59.780+04:00 DEBUG 14264 --- [ComputingNode] [http-nio-8082-exec-1] r.v.C.services.ClassLoaderService        : Новое имя, ru.vaschenko.TaskCoordinator.dto.ResultLatinSquare
2025-03-25T22:47:59.780+04:00  INFO 14264 --- [ComputingNode] [http-nio-8082-exec-1] r.v.C.services.ClassLoaderService        : Класс ru.vaschenko.TaskCoordinator.dto.ResultLatinSquare загружен
2025-03-25T22:47:59.780+04:00 DEBUG 14264 --- [ComputingNode] [http-nio-8082-exec-1] r.v.C.services.ClassLoaderService        : Запуск findAndInvokeSinglePublicMethod с componentType: GENERATOR
2025-03-25T22:47:59.780+04:00 DEBUG 14264 --- [ComputingNode] [http-nio-8082-exec-1] r.v.C.services.ClassLoaderService        : Загруженные классы: [ru.vaschenko.TaskCoordinator.computation.DefaultGenerator, ru.vaschenko.TaskCoordinator.computation.DefaultSolver, ru.vaschenko.TaskCoordinator.dto.SubTask, ru.vaschenko.TaskCoordinator.dto.ResultLatinSquare]
2025-03-25T22:47:59.780+04:00 DEBUG 14264 --- [ComputingNode] [http-nio-8082-exec-1] r.v.C.services.ClassLoaderService        : Параметры перед конвертацией: {subTask={treeLevel=1, number=1, matrix=[[A, null, null, null], [null, A, null, C], [C, null, A, null], [null, C, null, A]], alphabet=[A, B, C, D]}}
2025-03-25T22:47:59.780+04:00 DEBUG 14264 --- [ComputingNode] [http-nio-8082-exec-1] r.v.C.services.ClassLoaderService        : Найден целевой класс: ru.vaschenko.TaskCoordinator.computation.DefaultGenerator
2025-03-25T22:47:59.780+04:00 DEBUG 14264 --- [ComputingNode] [http-nio-8082-exec-1] r.v.C.services.ClassLoaderService        : Вызываем метод generate из класса DefaultGenerator
2025-03-25T22:47:59.780+04:00 DEBUG 14264 --- [ComputingNode] [http-nio-8082-exec-1] r.v.C.services.ClassLoaderService        : Конвертация параметра 'subTask' из типа LinkedHashMap в SubTask
2025-03-25T22:47:59.799+04:00 DEBUG 14264 --- [ComputingNode] [http-nio-8082-exec-1] r.v.C.services.ClassLoaderService        : Создан экземпляр класса ru.vaschenko.TaskCoordinator.computation.DefaultGenerator
2025-03-25T22:47:59.799+04:00 DEBUG 14264 --- [ComputingNode] [http-nio-8082-exec-1] r.v.C.services.ClassLoaderService        : Типы параметров метода: [ru.vaschenko.TaskCoordinator.dto.SubTask subTask]
2025-03-25T22:47:59.802+04:00 DEBUG 14264 --- [ComputingNode] [http-nio-8082-exec-1] r.v.C.services.ClassLoaderService        : Переданные параметры: [SubTask[treeLevel=1, number=1, matrix=[[A, null, null, null], [null, A, null, C], [C, null, A, null], [null, C, null, A]], alphabet=[A, B, C, D]]]
2025-03-25T22:47:59.803+04:00 DEBUG 14264 --- [ComputingNode] [http-nio-8082-exec-1] r.v.C.services.ClassLoaderService        : Тип параметра 0: class ru.vaschenko.TaskCoordinator.dto.SubTask, значение: SubTask[treeLevel=1, number=1, matrix=[[A, null, null, null], [null, A, null, C], [C, null, A, null], [null, C, null, A]], alphabet=[A, B, C, D]]
2025-03-25T22:48:00.081+04:00 DEBUG 14264 --- [ComputingNode] [http-nio-8082-exec-1] r.v.C.services.ComputingService          : Востановленная подзадача {re=[ResultLatinSquare[matrix=[[A, B, C, D], [B, A, D, C], [C, D, A, B], [D, C, B, A]]], ResultLatinSquare[matrix=[[A, B, C, D], [D, A, B, C], [C, D, A, B], [B, C, D, A]]]]}
2025-03-25T22:48:00.145+04:00  INFO 14264 --- [ComputingNode] [http-nio-8082-exec-2] r.v.C.services.JarStorageService         : JAR-файл сохранен: target\jars\task-79b89d36-1082-45b0-bfb8-69732a879217.jar
2025-03-25T22:48:00.145+04:00 DEBUG 14264 --- [ComputingNode] [http-nio-8082-exec-2] r.v.C.services.ClassLoaderService        : Файл в jar, ru/vaschenko/TaskCoordinator/computation/DefaultGenerator.class
2025-03-25T22:48:00.145+04:00 DEBUG 14264 --- [ComputingNode] [http-nio-8082-exec-2] r.v.C.services.ClassLoaderService        : Новое имя, ru.vaschenko.TaskCoordinator.computation.DefaultGenerator
2025-03-25T22:48:00.145+04:00  INFO 14264 --- [ComputingNode] [http-nio-8082-exec-2] r.v.C.services.ClassLoaderService        : Класс ru.vaschenko.TaskCoordinator.computation.DefaultGenerator загружен
2025-03-25T22:48:00.145+04:00 DEBUG 14264 --- [ComputingNode] [http-nio-8082-exec-2] r.v.C.services.ClassLoaderService        : Файл в jar, ru/vaschenko/TaskCoordinator/computation/DefaultSolver.class
2025-03-25T22:48:00.160+04:00 DEBUG 14264 --- [ComputingNode] [http-nio-8082-exec-2] r.v.C.services.ClassLoaderService        : Новое имя, ru.vaschenko.TaskCoordinator.computation.DefaultSolver
2025-03-25T22:48:00.163+04:00  INFO 14264 --- [ComputingNode] [http-nio-8082-exec-2] r.v.C.services.ClassLoaderService        : Класс ru.vaschenko.TaskCoordinator.computation.DefaultSolver загружен
2025-03-25T22:48:00.165+04:00 DEBUG 14264 --- [ComputingNode] [http-nio-8082-exec-2] r.v.C.services.ClassLoaderService        : Файл в jar, ru/vaschenko/TaskCoordinator/dto/SubTask.class
2025-03-25T22:48:00.165+04:00 DEBUG 14264 --- [ComputingNode] [http-nio-8082-exec-2] r.v.C.services.ClassLoaderService        : Новое имя, ru.vaschenko.TaskCoordinator.dto.SubTask
2025-03-25T22:48:00.165+04:00  INFO 14264 --- [ComputingNode] [http-nio-8082-exec-2] r.v.C.services.ClassLoaderService        : Класс ru.vaschenko.TaskCoordinator.dto.SubTask загружен
2025-03-25T22:48:00.165+04:00 DEBUG 14264 --- [ComputingNode] [http-nio-8082-exec-2] r.v.C.services.ClassLoaderService        : Файл в jar, ru/vaschenko/TaskCoordinator/dto/ResultLatinSquare.class
2025-03-25T22:48:00.165+04:00 DEBUG 14264 --- [ComputingNode] [http-nio-8082-exec-2] r.v.C.services.ClassLoaderService        : Новое имя, ru.vaschenko.TaskCoordinator.dto.ResultLatinSquare
2025-03-25T22:48:00.165+04:00  INFO 14264 --- [ComputingNode] [http-nio-8082-exec-2] r.v.C.services.ClassLoaderService        : Класс ru.vaschenko.TaskCoordinator.dto.ResultLatinSquare загружен
2025-03-25T22:48:00.165+04:00 DEBUG 14264 --- [ComputingNode] [http-nio-8082-exec-2] r.v.C.services.ClassLoaderService        : Запуск findAndInvokeSinglePublicMethod с componentType: GENERATOR
2025-03-25T22:48:00.165+04:00 DEBUG 14264 --- [ComputingNode] [http-nio-8082-exec-2] r.v.C.services.ClassLoaderService        : Загруженные классы: [ru.vaschenko.TaskCoordinator.computation.DefaultGenerator, ru.vaschenko.TaskCoordinator.computation.DefaultSolver, ru.vaschenko.TaskCoordinator.dto.SubTask, ru.vaschenko.TaskCoordinator.dto.ResultLatinSquare]
2025-03-25T22:48:00.165+04:00 DEBUG 14264 --- [ComputingNode] [http-nio-8082-exec-2] r.v.C.services.ClassLoaderService        : Параметры перед конвертацией: {subTask={treeLevel=1, number=2, matrix=[[A, null, null, null], [null, A, null, C], [C, null, A, null], [null, C, null, A]], alphabet=[A, B, C, D]}}
2025-03-25T22:48:00.165+04:00 DEBUG 14264 --- [ComputingNode] [http-nio-8082-exec-2] r.v.C.services.ClassLoaderService        : Найден целевой класс: ru.vaschenko.TaskCoordinator.computation.DefaultGenerator
2025-03-25T22:48:00.165+04:00 DEBUG 14264 --- [ComputingNode] [http-nio-8082-exec-2] r.v.C.services.ClassLoaderService        : Вызываем метод generate из класса DefaultGenerator
2025-03-25T22:48:00.165+04:00 DEBUG 14264 --- [ComputingNode] [http-nio-8082-exec-2] r.v.C.services.ClassLoaderService        : Конвертация параметра 'subTask' из типа LinkedHashMap в SubTask
2025-03-25T22:48:00.179+04:00 DEBUG 14264 --- [ComputingNode] [http-nio-8082-exec-2] r.v.C.services.ClassLoaderService        : Создан экземпляр класса ru.vaschenko.TaskCoordinator.computation.DefaultGenerator
2025-03-25T22:48:00.179+04:00 DEBUG 14264 --- [ComputingNode] [http-nio-8082-exec-2] r.v.C.services.ClassLoaderService        : Типы параметров метода: [ru.vaschenko.TaskCoordinator.dto.SubTask subTask]
2025-03-25T22:48:00.179+04:00 DEBUG 14264 --- [ComputingNode] [http-nio-8082-exec-2] r.v.C.services.ClassLoaderService        : Переданные параметры: [SubTask[treeLevel=1, number=2, matrix=[[A, null, null, null], [null, A, null, C], [C, null, A, null], [null, C, null, A]], alphabet=[A, B, C, D]]]
2025-03-25T22:48:00.179+04:00 DEBUG 14264 --- [ComputingNode] [http-nio-8082-exec-2] r.v.C.services.ClassLoaderService        : Тип параметра 0: class ru.vaschenko.TaskCoordinator.dto.SubTask, значение: SubTask[treeLevel=1, number=2, matrix=[[A, null, null, null], [null, A, null, C], [C, null, A, null], [null, C, null, A]], alphabet=[A, B, C, D]]
2025-03-25T22:48:00.491+04:00 DEBUG 14264 --- [ComputingNode] [http-nio-8082-exec-2] r.v.C.services.ComputingService          : Востановленная подзадача {re=[]}
2025-03-25T22:48:00.560+04:00  INFO 14264 --- [ComputingNode] [http-nio-8082-exec-5] r.v.C.services.JarStorageService         : JAR-файл сохранен: target\jars\task-0e9f8b5e-d497-4465-8424-2970c7d0e620.jar
2025-03-25T22:48:00.567+04:00 DEBUG 14264 --- [ComputingNode] [http-nio-8082-exec-5] r.v.C.services.ClassLoaderService        : Файл в jar, ru/vaschenko/TaskCoordinator/computation/DefaultGenerator.class
2025-03-25T22:48:00.569+04:00 DEBUG 14264 --- [ComputingNode] [http-nio-8082-exec-5] r.v.C.services.ClassLoaderService        : Новое имя, ru.vaschenko.TaskCoordinator.computation.DefaultGenerator
2025-03-25T22:48:00.572+04:00  INFO 14264 --- [ComputingNode] [http-nio-8082-exec-5] r.v.C.services.ClassLoaderService        : Класс ru.vaschenko.TaskCoordinator.computation.DefaultGenerator загружен
2025-03-25T22:48:00.572+04:00 DEBUG 14264 --- [ComputingNode] [http-nio-8082-exec-5] r.v.C.services.ClassLoaderService        : Файл в jar, ru/vaschenko/TaskCoordinator/computation/DefaultSolver.class
2025-03-25T22:48:00.572+04:00 DEBUG 14264 --- [ComputingNode] [http-nio-8082-exec-5] r.v.C.services.ClassLoaderService        : Новое имя, ru.vaschenko.TaskCoordinator.computation.DefaultSolver
2025-03-25T22:48:00.572+04:00  INFO 14264 --- [ComputingNode] [http-nio-8082-exec-5] r.v.C.services.ClassLoaderService        : Класс ru.vaschenko.TaskCoordinator.computation.DefaultSolver загружен
2025-03-25T22:48:00.577+04:00 DEBUG 14264 --- [ComputingNode] [http-nio-8082-exec-5] r.v.C.services.ClassLoaderService        : Файл в jar, ru/vaschenko/TaskCoordinator/dto/SubTask.class
2025-03-25T22:48:00.578+04:00 DEBUG 14264 --- [ComputingNode] [http-nio-8082-exec-5] r.v.C.services.ClassLoaderService        : Новое имя, ru.vaschenko.TaskCoordinator.dto.SubTask
2025-03-25T22:48:00.581+04:00  INFO 14264 --- [ComputingNode] [http-nio-8082-exec-5] r.v.C.services.ClassLoaderService        : Класс ru.vaschenko.TaskCoordinator.dto.SubTask загружен
2025-03-25T22:48:00.583+04:00 DEBUG 14264 --- [ComputingNode] [http-nio-8082-exec-5] r.v.C.services.ClassLoaderService        : Файл в jar, ru/vaschenko/TaskCoordinator/dto/ResultLatinSquare.class
2025-03-25T22:48:00.583+04:00 DEBUG 14264 --- [ComputingNode] [http-nio-8082-exec-5] r.v.C.services.ClassLoaderService        : Новое имя, ru.vaschenko.TaskCoordinator.dto.ResultLatinSquare
2025-03-25T22:48:00.584+04:00  INFO 14264 --- [ComputingNode] [http-nio-8082-exec-5] r.v.C.services.ClassLoaderService        : Класс ru.vaschenko.TaskCoordinator.dto.ResultLatinSquare загружен
2025-03-25T22:48:00.584+04:00 DEBUG 14264 --- [ComputingNode] [http-nio-8082-exec-5] r.v.C.services.ClassLoaderService        : Запуск findAndInvokeSinglePublicMethod с componentType: GENERATOR
2025-03-25T22:48:00.584+04:00 DEBUG 14264 --- [ComputingNode] [http-nio-8082-exec-5] r.v.C.services.ClassLoaderService        : Загруженные классы: [ru.vaschenko.TaskCoordinator.computation.DefaultGenerator, ru.vaschenko.TaskCoordinator.computation.DefaultSolver, ru.vaschenko.TaskCoordinator.dto.SubTask, ru.vaschenko.TaskCoordinator.dto.ResultLatinSquare]
2025-03-25T22:48:00.584+04:00 DEBUG 14264 --- [ComputingNode] [http-nio-8082-exec-5] r.v.C.services.ClassLoaderService        : Параметры перед конвертацией: {subTask={treeLevel=1, number=3, matrix=[[A, null, null, null], [null, A, null, C], [C, null, A, null], [null, C, null, A]], alphabet=[A, B, C, D]}}
2025-03-25T22:48:00.588+04:00 DEBUG 14264 --- [ComputingNode] [http-nio-8082-exec-5] r.v.C.services.ClassLoaderService        : Найден целевой класс: ru.vaschenko.TaskCoordinator.computation.DefaultGenerator
2025-03-25T22:48:00.589+04:00 DEBUG 14264 --- [ComputingNode] [http-nio-8082-exec-5] r.v.C.services.ClassLoaderService        : Вызываем метод generate из класса DefaultGenerator
2025-03-25T22:48:00.589+04:00 DEBUG 14264 --- [ComputingNode] [http-nio-8082-exec-5] r.v.C.services.ClassLoaderService        : Конвертация параметра 'subTask' из типа LinkedHashMap в SubTask
2025-03-25T22:48:00.599+04:00 DEBUG 14264 --- [ComputingNode] [http-nio-8082-exec-5] r.v.C.services.ClassLoaderService        : Создан экземпляр класса ru.vaschenko.TaskCoordinator.computation.DefaultGenerator
2025-03-25T22:48:00.599+04:00 DEBUG 14264 --- [ComputingNode] [http-nio-8082-exec-5] r.v.C.services.ClassLoaderService        : Типы параметров метода: [ru.vaschenko.TaskCoordinator.dto.SubTask subTask]
2025-03-25T22:48:00.599+04:00 DEBUG 14264 --- [ComputingNode] [http-nio-8082-exec-5] r.v.C.services.ClassLoaderService        : Переданные параметры: [SubTask[treeLevel=1, number=3, matrix=[[A, null, null, null], [null, A, null, C], [C, null, A, null], [null, C, null, A]], alphabet=[A, B, C, D]]]
2025-03-25T22:48:00.599+04:00 DEBUG 14264 --- [ComputingNode] [http-nio-8082-exec-5] r.v.C.services.ClassLoaderService        : Тип параметра 0: class ru.vaschenko.TaskCoordinator.dto.SubTask, значение: SubTask[treeLevel=1, number=3, matrix=[[A, null, null, null], [null, A, null, C], [C, null, A, null], [null, C, null, A]], alphabet=[A, B, C, D]]
2025-03-25T22:48:01.000+04:00 DEBUG 14264 --- [ComputingNode] [http-nio-8082-exec-5] r.v.C.services.ComputingService          : Востановленная подзадача {re=[ResultLatinSquare[matrix=[[A, D, C, B], [B, A, D, C], [C, B, A, D], [D, C, B, A]]], ResultLatinSquare[matrix=[[A, D, C, B], [D, A, B, C], [C, B, A, D], [B, C, D, A]]]]}
2025-03-25T22:48:01.079+04:00  INFO 14264 --- [ComputingNode] [http-nio-8082-exec-6] r.v.C.services.JarStorageService         : JAR-файл сохранен: target\jars\task-c7f8dc16-effc-423b-859e-d505693e49ee.jar
2025-03-25T22:48:01.079+04:00 DEBUG 14264 --- [ComputingNode] [http-nio-8082-exec-6] r.v.C.services.ClassLoaderService        : Файл в jar, ru/vaschenko/TaskCoordinator/computation/DefaultGenerator.class
2025-03-25T22:48:01.079+04:00 DEBUG 14264 --- [ComputingNode] [http-nio-8082-exec-6] r.v.C.services.ClassLoaderService        : Новое имя, ru.vaschenko.TaskCoordinator.computation.DefaultGenerator
2025-03-25T22:48:01.079+04:00  INFO 14264 --- [ComputingNode] [http-nio-8082-exec-6] r.v.C.services.ClassLoaderService        : Класс ru.vaschenko.TaskCoordinator.computation.DefaultGenerator загружен
2025-03-25T22:48:01.079+04:00 DEBUG 14264 --- [ComputingNode] [http-nio-8082-exec-6] r.v.C.services.ClassLoaderService        : Файл в jar, ru/vaschenko/TaskCoordinator/computation/DefaultSolver.class
2025-03-25T22:48:01.079+04:00 DEBUG 14264 --- [ComputingNode] [http-nio-8082-exec-6] r.v.C.services.ClassLoaderService        : Новое имя, ru.vaschenko.TaskCoordinator.computation.DefaultSolver
2025-03-25T22:48:01.088+04:00  INFO 14264 --- [ComputingNode] [http-nio-8082-exec-6] r.v.C.services.ClassLoaderService        : Класс ru.vaschenko.TaskCoordinator.computation.DefaultSolver загружен
2025-03-25T22:48:01.088+04:00 DEBUG 14264 --- [ComputingNode] [http-nio-8082-exec-6] r.v.C.services.ClassLoaderService        : Файл в jar, ru/vaschenko/TaskCoordinator/dto/SubTask.class
2025-03-25T22:48:01.088+04:00 DEBUG 14264 --- [ComputingNode] [http-nio-8082-exec-6] r.v.C.services.ClassLoaderService        : Новое имя, ru.vaschenko.TaskCoordinator.dto.SubTask
2025-03-25T22:48:01.088+04:00  INFO 14264 --- [ComputingNode] [http-nio-8082-exec-6] r.v.C.services.ClassLoaderService        : Класс ru.vaschenko.TaskCoordinator.dto.SubTask загружен
2025-03-25T22:48:01.088+04:00 DEBUG 14264 --- [ComputingNode] [http-nio-8082-exec-6] r.v.C.services.ClassLoaderService        : Файл в jar, ru/vaschenko/TaskCoordinator/dto/ResultLatinSquare.class
2025-03-25T22:48:01.092+04:00 DEBUG 14264 --- [ComputingNode] [http-nio-8082-exec-6] r.v.C.services.ClassLoaderService        : Новое имя, ru.vaschenko.TaskCoordinator.dto.ResultLatinSquare
2025-03-25T22:48:01.093+04:00  INFO 14264 --- [ComputingNode] [http-nio-8082-exec-6] r.v.C.services.ClassLoaderService        : Класс ru.vaschenko.TaskCoordinator.dto.ResultLatinSquare загружен
2025-03-25T22:48:01.094+04:00 DEBUG 14264 --- [ComputingNode] [http-nio-8082-exec-6] r.v.C.services.ClassLoaderService        : Запуск findAndInvokeSinglePublicMethod с componentType: GENERATOR
2025-03-25T22:48:01.095+04:00 DEBUG 14264 --- [ComputingNode] [http-nio-8082-exec-6] r.v.C.services.ClassLoaderService        : Загруженные классы: [ru.vaschenko.TaskCoordinator.computation.DefaultGenerator, ru.vaschenko.TaskCoordinator.computation.DefaultSolver, ru.vaschenko.TaskCoordinator.dto.SubTask, ru.vaschenko.TaskCoordinator.dto.ResultLatinSquare]
2025-03-25T22:48:01.095+04:00 DEBUG 14264 --- [ComputingNode] [http-nio-8082-exec-6] r.v.C.services.ClassLoaderService        : Параметры перед конвертацией: {subTask={treeLevel=1, number=4, matrix=[[A, null, null, null], [null, A, null, C], [C, null, A, null], [null, C, null, A]], alphabet=[A, B, C, D]}}
2025-03-25T22:48:01.096+04:00 DEBUG 14264 --- [ComputingNode] [http-nio-8082-exec-6] r.v.C.services.ClassLoaderService        : Найден целевой класс: ru.vaschenko.TaskCoordinator.computation.DefaultGenerator
2025-03-25T22:48:01.097+04:00 DEBUG 14264 --- [ComputingNode] [http-nio-8082-exec-6] r.v.C.services.ClassLoaderService        : Вызываем метод generate из класса DefaultGenerator
2025-03-25T22:48:01.097+04:00 DEBUG 14264 --- [ComputingNode] [http-nio-8082-exec-6] r.v.C.services.ClassLoaderService        : Конвертация параметра 'subTask' из типа LinkedHashMap в SubTask
2025-03-25T22:48:01.098+04:00 DEBUG 14264 --- [ComputingNode] [http-nio-8082-exec-6] r.v.C.services.ClassLoaderService        : Создан экземпляр класса ru.vaschenko.TaskCoordinator.computation.DefaultGenerator
2025-03-25T22:48:01.098+04:00 DEBUG 14264 --- [ComputingNode] [http-nio-8082-exec-6] r.v.C.services.ClassLoaderService        : Типы параметров метода: [ru.vaschenko.TaskCoordinator.dto.SubTask subTask]
2025-03-25T22:48:01.098+04:00 DEBUG 14264 --- [ComputingNode] [http-nio-8082-exec-6] r.v.C.services.ClassLoaderService        : Переданные параметры: [SubTask[treeLevel=1, number=4, matrix=[[A, null, null, null], [null, A, null, C], [C, null, A, null], [null, C, null, A]], alphabet=[A, B, C, D]]]
2025-03-25T22:48:01.098+04:00 DEBUG 14264 --- [ComputingNode] [http-nio-8082-exec-6] r.v.C.services.ClassLoaderService        : Тип параметра 0: class ru.vaschenko.TaskCoordinator.dto.SubTask, значение: SubTask[treeLevel=1, number=4, matrix=[[A, null, null, null], [null, A, null, C], [C, null, A, null], [null, C, null, A]], alphabet=[A, B, C, D]]
2025-03-25T22:48:01.348+04:00 DEBUG 14264 --- [ComputingNode] [http-nio-8082-exec-6] r.v.C.services.ComputingService          : Востановленная подзадача {re=[]}
2025-03-25T22:51:42.459+04:00  INFO 14264 --- [ComputingNode] [http-nio-8082-exec-7] r.v.C.services.NodeRegisterService       : Запрос на регистрацию
2025-03-25T23:05:48.586+04:00  INFO 13004 --- [ComputingNode] [main] r.v.C.ComputingNodeApplication           : Starting ComputingNodeApplication using Java 22.0.2 with PID 13004 (C:\Users\Ann\Desktop\study\огв\grid framework\ComputingNode2\target\classes started by Ann in C:\Users\Ann\Desktop\study\огв\grid framework\ComputingNode2)
2025-03-25T23:05:48.620+04:00 DEBUG 13004 --- [ComputingNode] [main] r.v.C.ComputingNodeApplication           : Running with Spring Boot v3.3.5, Spring v6.1.14
2025-03-25T23:05:48.638+04:00  INFO 13004 --- [ComputingNode] [main] r.v.C.ComputingNodeApplication           : No active profile set, falling back to 1 default profile: "default"
2025-03-25T23:05:55.951+04:00  INFO 13004 --- [ComputingNode] [main] o.s.cloud.context.scope.GenericScope     : BeanFactory id=065d012a-3478-3d20-8c16-8a75d86a3913
2025-03-25T23:05:59.047+04:00  INFO 13004 --- [ComputingNode] [main] o.s.b.w.embedded.tomcat.TomcatWebServer  : Tomcat initialized with port 8084 (http)
2025-03-25T23:05:59.301+04:00  INFO 13004 --- [ComputingNode] [main] o.apache.catalina.core.StandardService   : Starting service [Tomcat]
2025-03-25T23:05:59.305+04:00  INFO 13004 --- [ComputingNode] [main] o.apache.catalina.core.StandardEngine    : Starting Servlet engine: [Apache Tomcat/10.1.31]
2025-03-25T23:06:00.422+04:00  INFO 13004 --- [ComputingNode] [main] o.a.c.c.C.[Tomcat].[localhost].[/]       : Initializing Spring embedded WebApplicationContext
2025-03-25T23:06:00.429+04:00  INFO 13004 --- [ComputingNode] [main] w.s.c.ServletWebServerApplicationContext : Root WebApplicationContext: initialization completed in 11247 ms
2025-03-25T23:06:02.487+04:00  INFO 13004 --- [ComputingNode] [main] o.s.b.w.embedded.tomcat.TomcatWebServer  : Tomcat started on port 8084 (http) with context path '/'
2025-03-25T23:06:02.505+04:00  INFO 13004 --- [ComputingNode] [main] r.v.C.ComputingNodeApplication           : Started ComputingNodeApplication in 19.625 seconds (process running for 24.918)
2025-03-25T23:08:51.407+04:00  INFO 13004 --- [ComputingNode] [http-nio-8084-exec-1] o.a.c.c.C.[Tomcat].[localhost].[/]       : Initializing Spring DispatcherServlet 'dispatcherServlet'
2025-03-25T23:08:51.420+04:00  INFO 13004 --- [ComputingNode] [http-nio-8084-exec-1] o.s.web.servlet.DispatcherServlet        : Initializing Servlet 'dispatcherServlet'
2025-03-25T23:08:51.464+04:00  INFO 13004 --- [ComputingNode] [http-nio-8084-exec-1] o.s.web.servlet.DispatcherServlet        : Completed initialization in 39 ms
2025-03-25T23:09:00.724+04:00  INFO 13004 --- [ComputingNode] [http-nio-8084-exec-9] o.springdoc.api.AbstractOpenApiResource  : Init duration for springdoc-openapi is: 5879 ms
2025-03-25T23:09:13.633+04:00  INFO 13004 --- [ComputingNode] [http-nio-8084-exec-4] r.v.C.services.NodeRegisterService       : Запрос на регистрацию
2025-03-25T23:09:38.230+04:00  INFO 13004 --- [ComputingNode] [http-nio-8084-exec-8] r.v.C.services.JarStorageService         : JAR-файл сохранен: target\jars\task-e2d3aa4a-80bb-42cc-ab90-8db23edd96d2.jar
2025-03-25T23:09:38.234+04:00 DEBUG 13004 --- [ComputingNode] [http-nio-8084-exec-8] r.v.C.services.ClassLoaderService        : Файл в jar, ru/vaschenko/TaskCoordinator/computation/DefaultGenerator.class
2025-03-25T23:09:38.235+04:00 DEBUG 13004 --- [ComputingNode] [http-nio-8084-exec-8] r.v.C.services.ClassLoaderService        : Новое имя, ru.vaschenko.TaskCoordinator.computation.DefaultGenerator
2025-03-25T23:09:38.240+04:00  INFO 13004 --- [ComputingNode] [http-nio-8084-exec-8] r.v.C.services.ClassLoaderService        : Класс ru.vaschenko.TaskCoordinator.computation.DefaultGenerator загружен
2025-03-25T23:09:38.241+04:00 DEBUG 13004 --- [ComputingNode] [http-nio-8084-exec-8] r.v.C.services.ClassLoaderService        : Файл в jar, ru/vaschenko/TaskCoordinator/computation/DefaultSolver.class
2025-03-25T23:09:38.242+04:00 DEBUG 13004 --- [ComputingNode] [http-nio-8084-exec-8] r.v.C.services.ClassLoaderService        : Новое имя, ru.vaschenko.TaskCoordinator.computation.DefaultSolver
2025-03-25T23:09:38.244+04:00  INFO 13004 --- [ComputingNode] [http-nio-8084-exec-8] r.v.C.services.ClassLoaderService        : Класс ru.vaschenko.TaskCoordinator.computation.DefaultSolver загружен
2025-03-25T23:09:38.244+04:00 DEBUG 13004 --- [ComputingNode] [http-nio-8084-exec-8] r.v.C.services.ClassLoaderService        : Файл в jar, ru/vaschenko/TaskCoordinator/dto/SubTask.class
2025-03-25T23:09:38.245+04:00 DEBUG 13004 --- [ComputingNode] [http-nio-8084-exec-8] r.v.C.services.ClassLoaderService        : Новое имя, ru.vaschenko.TaskCoordinator.dto.SubTask
2025-03-25T23:09:38.247+04:00  INFO 13004 --- [ComputingNode] [http-nio-8084-exec-8] r.v.C.services.ClassLoaderService        : Класс ru.vaschenko.TaskCoordinator.dto.SubTask загружен
2025-03-25T23:09:38.248+04:00 DEBUG 13004 --- [ComputingNode] [http-nio-8084-exec-8] r.v.C.services.ClassLoaderService        : Файл в jar, ru/vaschenko/TaskCoordinator/dto/ResultLatinSquare.class
2025-03-25T23:09:38.248+04:00 DEBUG 13004 --- [ComputingNode] [http-nio-8084-exec-8] r.v.C.services.ClassLoaderService        : Новое имя, ru.vaschenko.TaskCoordinator.dto.ResultLatinSquare
2025-03-25T23:09:38.250+04:00  INFO 13004 --- [ComputingNode] [http-nio-8084-exec-8] r.v.C.services.ClassLoaderService        : Класс ru.vaschenko.TaskCoordinator.dto.ResultLatinSquare загружен
2025-03-25T23:09:38.252+04:00 DEBUG 13004 --- [ComputingNode] [http-nio-8084-exec-8] r.v.C.services.ClassLoaderService        : Запуск findAndInvokeSinglePublicMethod с componentType: GENERATOR
2025-03-25T23:09:38.253+04:00 DEBUG 13004 --- [ComputingNode] [http-nio-8084-exec-8] r.v.C.services.ClassLoaderService        : Загруженные классы: [ru.vaschenko.TaskCoordinator.computation.DefaultGenerator, ru.vaschenko.TaskCoordinator.computation.DefaultSolver, ru.vaschenko.TaskCoordinator.dto.SubTask, ru.vaschenko.TaskCoordinator.dto.ResultLatinSquare]
2025-03-25T23:09:38.254+04:00 DEBUG 13004 --- [ComputingNode] [http-nio-8084-exec-8] r.v.C.services.ClassLoaderService        : Параметры перед конвертацией: {subTask={treeLevel=1, number=0, matrix=[[A, null, null, null], [null, A, null, C], [C, null, A, null], [null, C, null, A]], alphabet=[A, B, C, D]}}
2025-03-25T23:09:38.260+04:00 DEBUG 13004 --- [ComputingNode] [http-nio-8084-exec-8] r.v.C.services.ClassLoaderService        : Найден целевой класс: ru.vaschenko.TaskCoordinator.computation.DefaultGenerator
2025-03-25T23:09:38.267+04:00 DEBUG 13004 --- [ComputingNode] [http-nio-8084-exec-8] r.v.C.services.ClassLoaderService        : Вызываем метод generate из класса DefaultGenerator
2025-03-25T23:09:38.271+04:00 DEBUG 13004 --- [ComputingNode] [http-nio-8084-exec-8] r.v.C.services.ClassLoaderService        : Конвертация параметра 'subTask' из типа LinkedHashMap в SubTask
2025-03-25T23:09:38.290+04:00 DEBUG 13004 --- [ComputingNode] [http-nio-8084-exec-8] r.v.C.services.ClassLoaderService        : Создан экземпляр класса ru.vaschenko.TaskCoordinator.computation.DefaultGenerator
2025-03-25T23:09:38.291+04:00 DEBUG 13004 --- [ComputingNode] [http-nio-8084-exec-8] r.v.C.services.ClassLoaderService        : Типы параметров метода: [ru.vaschenko.TaskCoordinator.dto.SubTask subTask]
2025-03-25T23:09:38.314+04:00 DEBUG 13004 --- [ComputingNode] [http-nio-8084-exec-8] r.v.C.services.ClassLoaderService        : Переданные параметры: [SubTask[treeLevel=1, number=0, matrix=[[A, null, null, null], [null, A, null, C], [C, null, A, null], [null, C, null, A]], alphabet=[A, B, C, D]]]
2025-03-25T23:09:38.315+04:00 DEBUG 13004 --- [ComputingNode] [http-nio-8084-exec-8] r.v.C.services.ClassLoaderService        : Тип параметра 0: class ru.vaschenko.TaskCoordinator.dto.SubTask, значение: SubTask[treeLevel=1, number=0, matrix=[[A, null, null, null], [null, A, null, C], [C, null, A, null], [null, C, null, A]], alphabet=[A, B, C, D]]
2025-03-25T23:09:38.769+04:00 DEBUG 13004 --- [ComputingNode] [http-nio-8084-exec-8] r.v.C.services.ComputingService          : Востановленная подзадача {re=[]}
2025-03-25T23:09:39.395+04:00  INFO 13004 --- [ComputingNode] [http-nio-8084-exec-7] r.v.C.services.JarStorageService         : JAR-файл сохранен: target\jars\task-6532a79d-5935-4ee3-8deb-71840d23a49c.jar
2025-03-25T23:09:39.398+04:00 DEBUG 13004 --- [ComputingNode] [http-nio-8084-exec-7] r.v.C.services.ClassLoaderService        : Файл в jar, ru/vaschenko/TaskCoordinator/computation/DefaultGenerator.class
2025-03-25T23:09:39.398+04:00 DEBUG 13004 --- [ComputingNode] [http-nio-8084-exec-7] r.v.C.services.ClassLoaderService        : Новое имя, ru.vaschenko.TaskCoordinator.computation.DefaultGenerator
2025-03-25T23:09:39.402+04:00  INFO 13004 --- [ComputingNode] [http-nio-8084-exec-7] r.v.C.services.ClassLoaderService        : Класс ru.vaschenko.TaskCoordinator.computation.DefaultGenerator загружен
2025-03-25T23:09:39.403+04:00 DEBUG 13004 --- [ComputingNode] [http-nio-8084-exec-7] r.v.C.services.ClassLoaderService        : Файл в jar, ru/vaschenko/TaskCoordinator/computation/DefaultSolver.class
2025-03-25T23:09:39.403+04:00 DEBUG 13004 --- [ComputingNode] [http-nio-8084-exec-7] r.v.C.services.ClassLoaderService        : Новое имя, ru.vaschenko.TaskCoordinator.computation.DefaultSolver
2025-03-25T23:09:39.406+04:00  INFO 13004 --- [ComputingNode] [http-nio-8084-exec-7] r.v.C.services.ClassLoaderService        : Класс ru.vaschenko.TaskCoordinator.computation.DefaultSolver загружен
2025-03-25T23:09:39.406+04:00 DEBUG 13004 --- [ComputingNode] [http-nio-8084-exec-7] r.v.C.services.ClassLoaderService        : Файл в jar, ru/vaschenko/TaskCoordinator/dto/SubTask.class
2025-03-25T23:09:39.406+04:00 DEBUG 13004 --- [ComputingNode] [http-nio-8084-exec-7] r.v.C.services.ClassLoaderService        : Новое имя, ru.vaschenko.TaskCoordinator.dto.SubTask
2025-03-25T23:09:39.407+04:00  INFO 13004 --- [ComputingNode] [http-nio-8084-exec-7] r.v.C.services.ClassLoaderService        : Класс ru.vaschenko.TaskCoordinator.dto.SubTask загружен
2025-03-25T23:09:39.407+04:00 DEBUG 13004 --- [ComputingNode] [http-nio-8084-exec-7] r.v.C.services.ClassLoaderService        : Файл в jar, ru/vaschenko/TaskCoordinator/dto/ResultLatinSquare.class
2025-03-25T23:09:39.408+04:00 DEBUG 13004 --- [ComputingNode] [http-nio-8084-exec-7] r.v.C.services.ClassLoaderService        : Новое имя, ru.vaschenko.TaskCoordinator.dto.ResultLatinSquare
2025-03-25T23:09:39.409+04:00  INFO 13004 --- [ComputingNode] [http-nio-8084-exec-7] r.v.C.services.ClassLoaderService        : Класс ru.vaschenko.TaskCoordinator.dto.ResultLatinSquare загружен
2025-03-25T23:09:39.410+04:00 DEBUG 13004 --- [ComputingNode] [http-nio-8084-exec-7] r.v.C.services.ClassLoaderService        : Запуск findAndInvokeSinglePublicMethod с componentType: GENERATOR
2025-03-25T23:09:39.410+04:00 DEBUG 13004 --- [ComputingNode] [http-nio-8084-exec-7] r.v.C.services.ClassLoaderService        : Загруженные классы: [ru.vaschenko.TaskCoordinator.computation.DefaultGenerator, ru.vaschenko.TaskCoordinator.computation.DefaultSolver, ru.vaschenko.TaskCoordinator.dto.SubTask, ru.vaschenko.TaskCoordinator.dto.ResultLatinSquare]
2025-03-25T23:09:39.411+04:00 DEBUG 13004 --- [ComputingNode] [http-nio-8084-exec-7] r.v.C.services.ClassLoaderService        : Параметры перед конвертацией: {subTask={treeLevel=1, number=2, matrix=[[A, null, null, null], [null, A, null, C], [C, null, A, null], [null, C, null, A]], alphabet=[A, B, C, D]}}
2025-03-25T23:09:39.413+04:00 DEBUG 13004 --- [ComputingNode] [http-nio-8084-exec-7] r.v.C.services.ClassLoaderService        : Найден целевой класс: ru.vaschenko.TaskCoordinator.computation.DefaultGenerator
2025-03-25T23:09:39.413+04:00 DEBUG 13004 --- [ComputingNode] [http-nio-8084-exec-7] r.v.C.services.ClassLoaderService        : Вызываем метод generate из класса DefaultGenerator
2025-03-25T23:09:39.413+04:00 DEBUG 13004 --- [ComputingNode] [http-nio-8084-exec-7] r.v.C.services.ClassLoaderService        : Конвертация параметра 'subTask' из типа LinkedHashMap в SubTask
2025-03-25T23:09:39.419+04:00 DEBUG 13004 --- [ComputingNode] [http-nio-8084-exec-7] r.v.C.services.ClassLoaderService        : Создан экземпляр класса ru.vaschenko.TaskCoordinator.computation.DefaultGenerator
2025-03-25T23:09:39.419+04:00 DEBUG 13004 --- [ComputingNode] [http-nio-8084-exec-7] r.v.C.services.ClassLoaderService        : Типы параметров метода: [ru.vaschenko.TaskCoordinator.dto.SubTask subTask]
2025-03-25T23:09:39.421+04:00 DEBUG 13004 --- [ComputingNode] [http-nio-8084-exec-7] r.v.C.services.ClassLoaderService        : Переданные параметры: [SubTask[treeLevel=1, number=2, matrix=[[A, null, null, null], [null, A, null, C], [C, null, A, null], [null, C, null, A]], alphabet=[A, B, C, D]]]
2025-03-25T23:09:39.423+04:00 DEBUG 13004 --- [ComputingNode] [http-nio-8084-exec-7] r.v.C.services.ClassLoaderService        : Тип параметра 0: class ru.vaschenko.TaskCoordinator.dto.SubTask, значение: SubTask[treeLevel=1, number=2, matrix=[[A, null, null, null], [null, A, null, C], [C, null, A, null], [null, C, null, A]], alphabet=[A, B, C, D]]
2025-03-25T23:09:39.755+04:00 DEBUG 13004 --- [ComputingNode] [http-nio-8084-exec-7] r.v.C.services.ComputingService          : Востановленная подзадача {re=[]}
2025-03-25T23:09:40.285+04:00  INFO 13004 --- [ComputingNode] [http-nio-8084-exec-10] r.v.C.services.JarStorageService         : JAR-файл сохранен: target\jars\task-9706cf2a-5371-4c19-b351-5efd7b6adbbb.jar
2025-03-25T23:09:40.288+04:00 DEBUG 13004 --- [ComputingNode] [http-nio-8084-exec-10] r.v.C.services.ClassLoaderService        : Файл в jar, ru/vaschenko/TaskCoordinator/computation/DefaultGenerator.class
2025-03-25T23:09:40.289+04:00 DEBUG 13004 --- [ComputingNode] [http-nio-8084-exec-10] r.v.C.services.ClassLoaderService        : Новое имя, ru.vaschenko.TaskCoordinator.computation.DefaultGenerator
2025-03-25T23:09:40.293+04:00  INFO 13004 --- [ComputingNode] [http-nio-8084-exec-10] r.v.C.services.ClassLoaderService        : Класс ru.vaschenko.TaskCoordinator.computation.DefaultGenerator загружен
2025-03-25T23:09:40.293+04:00 DEBUG 13004 --- [ComputingNode] [http-nio-8084-exec-10] r.v.C.services.ClassLoaderService        : Файл в jar, ru/vaschenko/TaskCoordinator/computation/DefaultSolver.class
2025-03-25T23:09:40.294+04:00 DEBUG 13004 --- [ComputingNode] [http-nio-8084-exec-10] r.v.C.services.ClassLoaderService        : Новое имя, ru.vaschenko.TaskCoordinator.computation.DefaultSolver
2025-03-25T23:09:40.296+04:00  INFO 13004 --- [ComputingNode] [http-nio-8084-exec-10] r.v.C.services.ClassLoaderService        : Класс ru.vaschenko.TaskCoordinator.computation.DefaultSolver загружен
2025-03-25T23:09:40.296+04:00 DEBUG 13004 --- [ComputingNode] [http-nio-8084-exec-10] r.v.C.services.ClassLoaderService        : Файл в jar, ru/vaschenko/TaskCoordinator/dto/SubTask.class
2025-03-25T23:09:40.297+04:00 DEBUG 13004 --- [ComputingNode] [http-nio-8084-exec-10] r.v.C.services.ClassLoaderService        : Новое имя, ru.vaschenko.TaskCoordinator.dto.SubTask
2025-03-25T23:09:40.298+04:00  INFO 13004 --- [ComputingNode] [http-nio-8084-exec-10] r.v.C.services.ClassLoaderService        : Класс ru.vaschenko.TaskCoordinator.dto.SubTask загружен
2025-03-25T23:09:40.299+04:00 DEBUG 13004 --- [ComputingNode] [http-nio-8084-exec-10] r.v.C.services.ClassLoaderService        : Файл в jar, ru/vaschenko/TaskCoordinator/dto/ResultLatinSquare.class
2025-03-25T23:09:40.299+04:00 DEBUG 13004 --- [ComputingNode] [http-nio-8084-exec-10] r.v.C.services.ClassLoaderService        : Новое имя, ru.vaschenko.TaskCoordinator.dto.ResultLatinSquare
2025-03-25T23:09:40.300+04:00  INFO 13004 --- [ComputingNode] [http-nio-8084-exec-10] r.v.C.services.ClassLoaderService        : Класс ru.vaschenko.TaskCoordinator.dto.ResultLatinSquare загружен
2025-03-25T23:09:40.301+04:00 DEBUG 13004 --- [ComputingNode] [http-nio-8084-exec-10] r.v.C.services.ClassLoaderService        : Запуск findAndInvokeSinglePublicMethod с componentType: GENERATOR
2025-03-25T23:09:40.302+04:00 DEBUG 13004 --- [ComputingNode] [http-nio-8084-exec-10] r.v.C.services.ClassLoaderService        : Загруженные классы: [ru.vaschenko.TaskCoordinator.computation.DefaultGenerator, ru.vaschenko.TaskCoordinator.computation.DefaultSolver, ru.vaschenko.TaskCoordinator.dto.SubTask, ru.vaschenko.TaskCoordinator.dto.ResultLatinSquare]
2025-03-25T23:09:40.302+04:00 DEBUG 13004 --- [ComputingNode] [http-nio-8084-exec-10] r.v.C.services.ClassLoaderService        : Параметры перед конвертацией: {subTask={treeLevel=1, number=4, matrix=[[A, null, null, null], [null, A, null, C], [C, null, A, null], [null, C, null, A]], alphabet=[A, B, C, D]}}
2025-03-25T23:09:40.303+04:00 DEBUG 13004 --- [ComputingNode] [http-nio-8084-exec-10] r.v.C.services.ClassLoaderService        : Найден целевой класс: ru.vaschenko.TaskCoordinator.computation.DefaultGenerator
2025-03-25T23:09:40.304+04:00 DEBUG 13004 --- [ComputingNode] [http-nio-8084-exec-10] r.v.C.services.ClassLoaderService        : Вызываем метод generate из класса DefaultGenerator
2025-03-25T23:09:40.305+04:00 DEBUG 13004 --- [ComputingNode] [http-nio-8084-exec-10] r.v.C.services.ClassLoaderService        : Конвертация параметра 'subTask' из типа LinkedHashMap в SubTask
2025-03-25T23:09:40.309+04:00 DEBUG 13004 --- [ComputingNode] [http-nio-8084-exec-10] r.v.C.services.ClassLoaderService        : Создан экземпляр класса ru.vaschenko.TaskCoordinator.computation.DefaultGenerator
2025-03-25T23:09:40.310+04:00 DEBUG 13004 --- [ComputingNode] [http-nio-8084-exec-10] r.v.C.services.ClassLoaderService        : Типы параметров метода: [ru.vaschenko.TaskCoordinator.dto.SubTask subTask]
2025-03-25T23:09:40.312+04:00 DEBUG 13004 --- [ComputingNode] [http-nio-8084-exec-10] r.v.C.services.ClassLoaderService        : Переданные параметры: [SubTask[treeLevel=1, number=4, matrix=[[A, null, null, null], [null, A, null, C], [C, null, A, null], [null, C, null, A]], alphabet=[A, B, C, D]]]
2025-03-25T23:09:40.312+04:00 DEBUG 13004 --- [ComputingNode] [http-nio-8084-exec-10] r.v.C.services.ClassLoaderService        : Тип параметра 0: class ru.vaschenko.TaskCoordinator.dto.SubTask, значение: SubTask[treeLevel=1, number=4, matrix=[[A, null, null, null], [null, A, null, C], [C, null, A, null], [null, C, null, A]], alphabet=[A, B, C, D]]
2025-03-25T23:09:40.575+04:00 DEBUG 13004 --- [ComputingNode] [http-nio-8084-exec-10] r.v.C.services.ComputingService          : Востановленная подзадача {re=[]}
