2025-03-31T21:47:41.918+04:00  INFO 13456 --- [TaskCoordinator] [main] r.v.T.TaskCoordinatorApplication         : Starting TaskCoordinatorApplication using Java 22.0.2 with PID 13456 (C:\Users\Ann\Desktop\study\огв\grid framework\TaskCoordinator\target\classes started by Ann in C:\Users\Ann\Desktop\study\огв\grid framework\TaskCoordinator)
2025-03-31T21:47:41.946+04:00 DEBUG 13456 --- [TaskCoordinator] [main] r.v.T.TaskCoordinatorApplication         : Running with Spring Boot v3.3.5, Spring v6.1.14
2025-03-31T21:47:41.952+04:00  INFO 13456 --- [TaskCoordinator] [main] r.v.T.TaskCoordinatorApplication         : No active profile set, falling back to 1 default profile: "default"
2025-03-31T21:48:00.273+04:00  INFO 13456 --- [TaskCoordinator] [main] o.s.cloud.context.scope.GenericScope     : BeanFactory id=c41c95a8-2ed3-317f-a5da-c5d3350155ea
2025-03-31T21:48:15.770+04:00  INFO 13456 --- [TaskCoordinator] [main] o.s.b.w.embedded.tomcat.TomcatWebServer  : Tomcat initialized with port 8080 (http)
2025-03-31T21:48:17.725+04:00  INFO 13456 --- [TaskCoordinator] [main] o.apache.catalina.core.StandardService   : Starting service [Tomcat]
2025-03-31T21:48:17.779+04:00  INFO 13456 --- [TaskCoordinator] [main] o.apache.catalina.core.StandardEngine    : Starting Servlet engine: [Apache Tomcat/10.1.31]
2025-03-31T21:48:18.281+04:00  INFO 13456 --- [TaskCoordinator] [main] o.a.c.c.C.[Tomcat].[localhost].[/]       : Initializing Spring embedded WebApplicationContext
2025-03-31T21:48:18.307+04:00  INFO 13456 --- [TaskCoordinator] [main] w.s.c.ServletWebServerApplicationContext : Root WebApplicationContext: initialization completed in 36188 ms
2025-03-31T21:48:33.177+04:00  INFO 13456 --- [TaskCoordinator] [main] o.s.b.w.embedded.tomcat.TomcatWebServer  : Tomcat started on port 8080 (http) with context path '/'
2025-03-31T21:48:33.520+04:00  INFO 13456 --- [TaskCoordinator] [main] r.v.T.TaskCoordinatorApplication         : Started TaskCoordinatorApplication in 52.727 seconds (process running for 53.645)
2025-03-31T21:52:52.713+04:00  INFO 13456 --- [TaskCoordinator] [http-nio-8080-exec-2] o.a.c.c.C.[Tomcat].[localhost].[/]       : Initializing Spring DispatcherServlet 'dispatcherServlet'
2025-03-31T21:52:52.736+04:00  INFO 13456 --- [TaskCoordinator] [http-nio-8080-exec-2] o.s.web.servlet.DispatcherServlet        : Initializing Servlet 'dispatcherServlet'
2025-03-31T21:52:52.797+04:00  INFO 13456 --- [TaskCoordinator] [http-nio-8080-exec-2] o.s.web.servlet.DispatcherServlet        : Completed initialization in 55 ms
2025-03-31T21:52:59.505+04:00  INFO 13456 --- [TaskCoordinator] [http-nio-8080-exec-3] o.springdoc.api.AbstractOpenApiResource  : Init duration for springdoc-openapi is: 4594 ms
2025-03-31T21:55:10.755+04:00  INFO 13456 --- [TaskCoordinator] [http-nio-8080-exec-10] r.v.T.services.JarPackingService         : ==> Начинаем упаковку JAR-файла...
2025-03-31T21:55:10.755+04:00  INFO 13456 --- [TaskCoordinator] [http-nio-8080-exec-10] r.v.T.services.JarPackingService         : Всего классов для упаковки: 6
2025-03-31T21:55:10.755+04:00  INFO 13456 --- [TaskCoordinator] [http-nio-8080-exec-10] r.v.T.services.JarPackingService         : Файлы для упаковки:
2025-03-31T21:55:10.755+04:00  INFO 13456 --- [TaskCoordinator] [http-nio-8080-exec-10] r.v.T.services.JarPackingService         :   - ru/vaschenko/TaskCoordinator/computation/DefaultDistributor.class
2025-03-31T21:55:10.755+04:00  INFO 13456 --- [TaskCoordinator] [http-nio-8080-exec-10] r.v.T.services.JarPackingService         :   - ru/vaschenko/TaskCoordinator/computation/DefaultCollector.class
2025-03-31T21:55:10.755+04:00  INFO 13456 --- [TaskCoordinator] [http-nio-8080-exec-10] r.v.T.services.JarPackingService         :   - ru/vaschenko/TaskCoordinator/dto/Task.class
2025-03-31T21:55:10.755+04:00  INFO 13456 --- [TaskCoordinator] [http-nio-8080-exec-10] r.v.T.services.JarPackingService         :   - ru/vaschenko/TaskCoordinator/dto/TaskRequest.class
2025-03-31T21:55:10.755+04:00  INFO 13456 --- [TaskCoordinator] [http-nio-8080-exec-10] r.v.T.services.JarPackingService         :   - ru/vaschenko/TaskCoordinator/dto/SubTask.class
2025-03-31T21:55:10.755+04:00  INFO 13456 --- [TaskCoordinator] [http-nio-8080-exec-10] r.v.T.services.JarPackingService         :   - ru/vaschenko/TaskCoordinator/dto/ResultLatinSquare.class
2025-03-31T21:55:10.787+04:00  INFO 13456 --- [TaskCoordinator] [http-nio-8080-exec-10] r.v.T.services.JarPackingService         : Временный JAR-файл создан: C:\Users\Ann\AppData\Local\Temp\classes-2977821714523908993.jar
2025-03-31T21:55:10.803+04:00 DEBUG 13456 --- [TaskCoordinator] [http-nio-8080-exec-10] r.v.T.services.JarPackingService         : Добавлен файл ru/vaschenko/TaskCoordinator/computation/DefaultDistributor.class в JAR
2025-03-31T21:55:10.803+04:00 DEBUG 13456 --- [TaskCoordinator] [http-nio-8080-exec-10] r.v.T.services.JarPackingService         : Добавлен файл ru/vaschenko/TaskCoordinator/computation/DefaultCollector.class в JAR
2025-03-31T21:55:10.803+04:00 DEBUG 13456 --- [TaskCoordinator] [http-nio-8080-exec-10] r.v.T.services.JarPackingService         : Добавлен файл ru/vaschenko/TaskCoordinator/dto/Task.class в JAR
2025-03-31T21:55:10.803+04:00 DEBUG 13456 --- [TaskCoordinator] [http-nio-8080-exec-10] r.v.T.services.JarPackingService         : Добавлен файл ru/vaschenko/TaskCoordinator/dto/TaskRequest.class в JAR
2025-03-31T21:55:10.803+04:00 DEBUG 13456 --- [TaskCoordinator] [http-nio-8080-exec-10] r.v.T.services.JarPackingService         : Добавлен файл ru/vaschenko/TaskCoordinator/dto/SubTask.class в JAR
2025-03-31T21:55:10.819+04:00 DEBUG 13456 --- [TaskCoordinator] [http-nio-8080-exec-10] r.v.T.services.JarPackingService         : Добавлен файл ru/vaschenko/TaskCoordinator/dto/ResultLatinSquare.class в JAR
2025-03-31T21:55:10.823+04:00  INFO 13456 --- [TaskCoordinator] [http-nio-8080-exec-10] r.v.T.services.JarPackingService         : JAR-файл успешно создан, размер: 8011 байт
2025-03-31T21:55:10.823+04:00  INFO 13456 --- [TaskCoordinator] [http-nio-8080-exec-10] r.v.T.services.JarPackingService         : Временный JAR-файл удалён
2025-03-31T21:55:10.823+04:00  INFO 13456 --- [TaskCoordinator] [http-nio-8080-exec-10] r.v.T.services.JarPackingService         : ==> Начинаем упаковку JAR-файла...
2025-03-31T21:55:10.823+04:00  INFO 13456 --- [TaskCoordinator] [http-nio-8080-exec-10] r.v.T.services.JarPackingService         : Всего классов для упаковки: 4
2025-03-31T21:55:10.823+04:00  INFO 13456 --- [TaskCoordinator] [http-nio-8080-exec-10] r.v.T.services.JarPackingService         : Файлы для упаковки:
2025-03-31T21:55:10.823+04:00  INFO 13456 --- [TaskCoordinator] [http-nio-8080-exec-10] r.v.T.services.JarPackingService         :   - ru/vaschenko/TaskCoordinator/computation/DefaultGenerator.class
2025-03-31T21:55:10.823+04:00  INFO 13456 --- [TaskCoordinator] [http-nio-8080-exec-10] r.v.T.services.JarPackingService         :   - ru/vaschenko/TaskCoordinator/computation/DefaultSolver.class
2025-03-31T21:55:10.823+04:00  INFO 13456 --- [TaskCoordinator] [http-nio-8080-exec-10] r.v.T.services.JarPackingService         :   - ru/vaschenko/TaskCoordinator/dto/SubTask.class
2025-03-31T21:55:10.823+04:00  INFO 13456 --- [TaskCoordinator] [http-nio-8080-exec-10] r.v.T.services.JarPackingService         :   - ru/vaschenko/TaskCoordinator/dto/ResultLatinSquare.class
2025-03-31T21:55:10.823+04:00  INFO 13456 --- [TaskCoordinator] [http-nio-8080-exec-10] r.v.T.services.JarPackingService         : Временный JAR-файл создан: C:\Users\Ann\AppData\Local\Temp\classes-14249235024741278355.jar
2025-03-31T21:55:10.839+04:00 DEBUG 13456 --- [TaskCoordinator] [http-nio-8080-exec-10] r.v.T.services.JarPackingService         : Добавлен файл ru/vaschenko/TaskCoordinator/computation/DefaultGenerator.class в JAR
2025-03-31T21:55:10.839+04:00 DEBUG 13456 --- [TaskCoordinator] [http-nio-8080-exec-10] r.v.T.services.JarPackingService         : Добавлен файл ru/vaschenko/TaskCoordinator/computation/DefaultSolver.class в JAR
2025-03-31T21:55:10.839+04:00 DEBUG 13456 --- [TaskCoordinator] [http-nio-8080-exec-10] r.v.T.services.JarPackingService         : Добавлен файл ru/vaschenko/TaskCoordinator/dto/SubTask.class в JAR
2025-03-31T21:55:10.839+04:00 DEBUG 13456 --- [TaskCoordinator] [http-nio-8080-exec-10] r.v.T.services.JarPackingService         : Добавлен файл ru/vaschenko/TaskCoordinator/dto/ResultLatinSquare.class в JAR
2025-03-31T21:55:10.839+04:00  INFO 13456 --- [TaskCoordinator] [http-nio-8080-exec-10] r.v.T.services.JarPackingService         : JAR-файл успешно создан, размер: 7151 байт
2025-03-31T21:55:10.839+04:00  INFO 13456 --- [TaskCoordinator] [http-nio-8080-exec-10] r.v.T.services.JarPackingService         : Временный JAR-файл удалён
2025-03-31T21:55:10.839+04:00 DEBUG 13456 --- [TaskCoordinator] [http-nio-8080-exec-10] r.v.T.services.LatinSquareService        : FullTaskRequest[args={task=Task[alphabet=[A, B, C, D], matrix=[[A, null, null, null], [null, A, null, C], [C, null, A, null], [null, C, null, A]]]}, jarToDist=[B@51166d79, jarToComp=[B@2d81f208]
2025-03-31T21:55:10.871+04:00  INFO 13456 --- [TaskCoordinator] [http-nio-8080-exec-10] r.v.T.c.ServiceDiscoveryClintFacade      : Sending request for work node in task, FullTaskRequest[args={task=Task[alphabet=[A, B, C, D], matrix=[[A, null, null, null], [null, A, null, C], [C, null, A, null], [null, C, null, A]]]}, jarToDist=[B@51166d79, jarToComp=[B@2d81f208]
2025-03-31T21:55:13.740+04:00  INFO 13456 --- [TaskCoordinator] [http-nio-8080-exec-10] r.v.T.c.ServiceDiscoveryClintFacade      : Received result for task
2025-03-31T21:58:20.427+04:00  INFO 13456 --- [TaskCoordinator] [http-nio-8080-exec-7] r.v.T.services.JarPackingService         : ==> Начинаем упаковку JAR-файла...
2025-03-31T21:58:20.427+04:00  INFO 13456 --- [TaskCoordinator] [http-nio-8080-exec-7] r.v.T.services.JarPackingService         : Всего классов для упаковки: 6
2025-03-31T21:58:20.427+04:00  INFO 13456 --- [TaskCoordinator] [http-nio-8080-exec-7] r.v.T.services.JarPackingService         : Файлы для упаковки:
2025-03-31T21:58:20.427+04:00  INFO 13456 --- [TaskCoordinator] [http-nio-8080-exec-7] r.v.T.services.JarPackingService         :   - ru/vaschenko/TaskCoordinator/computation/DefaultDistributor.class
2025-03-31T21:58:20.427+04:00  INFO 13456 --- [TaskCoordinator] [http-nio-8080-exec-7] r.v.T.services.JarPackingService         :   - ru/vaschenko/TaskCoordinator/computation/DefaultCollector.class
2025-03-31T21:58:20.427+04:00  INFO 13456 --- [TaskCoordinator] [http-nio-8080-exec-7] r.v.T.services.JarPackingService         :   - ru/vaschenko/TaskCoordinator/dto/Task.class
2025-03-31T21:58:20.427+04:00  INFO 13456 --- [TaskCoordinator] [http-nio-8080-exec-7] r.v.T.services.JarPackingService         :   - ru/vaschenko/TaskCoordinator/dto/TaskRequest.class
2025-03-31T21:58:20.427+04:00  INFO 13456 --- [TaskCoordinator] [http-nio-8080-exec-7] r.v.T.services.JarPackingService         :   - ru/vaschenko/TaskCoordinator/dto/SubTask.class
2025-03-31T21:58:20.427+04:00  INFO 13456 --- [TaskCoordinator] [http-nio-8080-exec-7] r.v.T.services.JarPackingService         :   - ru/vaschenko/TaskCoordinator/dto/ResultLatinSquare.class
2025-03-31T21:58:20.427+04:00  INFO 13456 --- [TaskCoordinator] [http-nio-8080-exec-7] r.v.T.services.JarPackingService         : Временный JAR-файл создан: C:\Users\Ann\AppData\Local\Temp\classes-8661798945645761619.jar
2025-03-31T21:58:20.427+04:00 DEBUG 13456 --- [TaskCoordinator] [http-nio-8080-exec-7] r.v.T.services.JarPackingService         : Добавлен файл ru/vaschenko/TaskCoordinator/computation/DefaultDistributor.class в JAR
2025-03-31T21:58:20.427+04:00 DEBUG 13456 --- [TaskCoordinator] [http-nio-8080-exec-7] r.v.T.services.JarPackingService         : Добавлен файл ru/vaschenko/TaskCoordinator/computation/DefaultCollector.class в JAR
2025-03-31T21:58:20.443+04:00 DEBUG 13456 --- [TaskCoordinator] [http-nio-8080-exec-7] r.v.T.services.JarPackingService         : Добавлен файл ru/vaschenko/TaskCoordinator/dto/Task.class в JAR
2025-03-31T21:58:20.443+04:00 DEBUG 13456 --- [TaskCoordinator] [http-nio-8080-exec-7] r.v.T.services.JarPackingService         : Добавлен файл ru/vaschenko/TaskCoordinator/dto/TaskRequest.class в JAR
2025-03-31T21:58:20.443+04:00 DEBUG 13456 --- [TaskCoordinator] [http-nio-8080-exec-7] r.v.T.services.JarPackingService         : Добавлен файл ru/vaschenko/TaskCoordinator/dto/SubTask.class в JAR
2025-03-31T21:58:20.443+04:00 DEBUG 13456 --- [TaskCoordinator] [http-nio-8080-exec-7] r.v.T.services.JarPackingService         : Добавлен файл ru/vaschenko/TaskCoordinator/dto/ResultLatinSquare.class в JAR
2025-03-31T21:58:20.443+04:00  INFO 13456 --- [TaskCoordinator] [http-nio-8080-exec-7] r.v.T.services.JarPackingService         : JAR-файл успешно создан, размер: 8011 байт
2025-03-31T21:58:20.443+04:00  INFO 13456 --- [TaskCoordinator] [http-nio-8080-exec-7] r.v.T.services.JarPackingService         : Временный JAR-файл удалён
2025-03-31T21:58:20.443+04:00  INFO 13456 --- [TaskCoordinator] [http-nio-8080-exec-7] r.v.T.services.JarPackingService         : ==> Начинаем упаковку JAR-файла...
2025-03-31T21:58:20.443+04:00  INFO 13456 --- [TaskCoordinator] [http-nio-8080-exec-7] r.v.T.services.JarPackingService         : Всего классов для упаковки: 4
2025-03-31T21:58:20.443+04:00  INFO 13456 --- [TaskCoordinator] [http-nio-8080-exec-7] r.v.T.services.JarPackingService         : Файлы для упаковки:
2025-03-31T21:58:20.443+04:00  INFO 13456 --- [TaskCoordinator] [http-nio-8080-exec-7] r.v.T.services.JarPackingService         :   - ru/vaschenko/TaskCoordinator/computation/DefaultGenerator.class
2025-03-31T21:58:20.443+04:00  INFO 13456 --- [TaskCoordinator] [http-nio-8080-exec-7] r.v.T.services.JarPackingService         :   - ru/vaschenko/TaskCoordinator/computation/DefaultSolver.class
2025-03-31T21:58:20.443+04:00  INFO 13456 --- [TaskCoordinator] [http-nio-8080-exec-7] r.v.T.services.JarPackingService         :   - ru/vaschenko/TaskCoordinator/dto/SubTask.class
2025-03-31T21:58:20.443+04:00  INFO 13456 --- [TaskCoordinator] [http-nio-8080-exec-7] r.v.T.services.JarPackingService         :   - ru/vaschenko/TaskCoordinator/dto/ResultLatinSquare.class
2025-03-31T21:58:20.459+04:00  INFO 13456 --- [TaskCoordinator] [http-nio-8080-exec-7] r.v.T.services.JarPackingService         : Временный JAR-файл создан: C:\Users\Ann\AppData\Local\Temp\classes-7699219058410363446.jar
2025-03-31T21:58:20.459+04:00 DEBUG 13456 --- [TaskCoordinator] [http-nio-8080-exec-7] r.v.T.services.JarPackingService         : Добавлен файл ru/vaschenko/TaskCoordinator/computation/DefaultGenerator.class в JAR
2025-03-31T21:58:20.459+04:00 DEBUG 13456 --- [TaskCoordinator] [http-nio-8080-exec-7] r.v.T.services.JarPackingService         : Добавлен файл ru/vaschenko/TaskCoordinator/computation/DefaultSolver.class в JAR
2025-03-31T21:58:20.459+04:00 DEBUG 13456 --- [TaskCoordinator] [http-nio-8080-exec-7] r.v.T.services.JarPackingService         : Добавлен файл ru/vaschenko/TaskCoordinator/dto/SubTask.class в JAR
2025-03-31T21:58:20.459+04:00 DEBUG 13456 --- [TaskCoordinator] [http-nio-8080-exec-7] r.v.T.services.JarPackingService         : Добавлен файл ru/vaschenko/TaskCoordinator/dto/ResultLatinSquare.class в JAR
2025-03-31T21:58:20.459+04:00  INFO 13456 --- [TaskCoordinator] [http-nio-8080-exec-7] r.v.T.services.JarPackingService         : JAR-файл успешно создан, размер: 7151 байт
2025-03-31T21:58:20.459+04:00  INFO 13456 --- [TaskCoordinator] [http-nio-8080-exec-7] r.v.T.services.JarPackingService         : Временный JAR-файл удалён
2025-03-31T21:58:20.459+04:00 DEBUG 13456 --- [TaskCoordinator] [http-nio-8080-exec-7] r.v.T.services.LatinSquareService        : FullTaskRequest[args={task=Task[alphabet=[A, B, C, D], matrix=[[A, null, null, null], [null, A, null, C], [C, null, A, null], [null, C, null, A]]]}, jarToDist=[B@5f831222, jarToComp=[B@5144f7a2]
2025-03-31T21:58:20.459+04:00  INFO 13456 --- [TaskCoordinator] [http-nio-8080-exec-7] r.v.T.c.ServiceDiscoveryClintFacade      : Sending request for work node in task, FullTaskRequest[args={task=Task[alphabet=[A, B, C, D], matrix=[[A, null, null, null], [null, A, null, C], [C, null, A, null], [null, C, null, A]]]}, jarToDist=[B@5f831222, jarToComp=[B@5144f7a2]
2025-03-31T21:58:22.772+04:00  INFO 13456 --- [TaskCoordinator] [http-nio-8080-exec-7] r.v.T.c.ServiceDiscoveryClintFacade      : Received result for task
2025-03-31T22:20:34.522+04:00  INFO 7820 --- [TaskCoordinator] [main] r.v.T.TaskCoordinatorApplication         : Starting TaskCoordinatorApplication using Java 22.0.2 with PID 7820 (C:\Users\Ann\Desktop\study\огв\grid framework\TaskCoordinator\target\classes started by Ann in C:\Users\Ann\Desktop\study\огв\grid framework\TaskCoordinator)
2025-03-31T22:20:34.533+04:00 DEBUG 7820 --- [TaskCoordinator] [main] r.v.T.TaskCoordinatorApplication         : Running with Spring Boot v3.3.5, Spring v6.1.14
2025-03-31T22:20:34.536+04:00  INFO 7820 --- [TaskCoordinator] [main] r.v.T.TaskCoordinatorApplication         : No active profile set, falling back to 1 default profile: "default"
2025-03-31T22:20:36.335+04:00  INFO 7820 --- [TaskCoordinator] [main] o.s.cloud.context.scope.GenericScope     : BeanFactory id=c41c95a8-2ed3-317f-a5da-c5d3350155ea
2025-03-31T22:20:37.378+04:00  INFO 7820 --- [TaskCoordinator] [main] o.s.b.w.embedded.tomcat.TomcatWebServer  : Tomcat initialized with port 8080 (http)
2025-03-31T22:20:37.773+04:00  INFO 7820 --- [TaskCoordinator] [main] o.apache.catalina.core.StandardService   : Starting service [Tomcat]
2025-03-31T22:20:37.773+04:00  INFO 7820 --- [TaskCoordinator] [main] o.apache.catalina.core.StandardEngine    : Starting Servlet engine: [Apache Tomcat/10.1.31]
2025-03-31T22:20:38.952+04:00  INFO 7820 --- [TaskCoordinator] [main] o.a.c.c.C.[Tomcat].[localhost].[/]       : Initializing Spring embedded WebApplicationContext
2025-03-31T22:20:38.967+04:00  INFO 7820 --- [TaskCoordinator] [main] w.s.c.ServletWebServerApplicationContext : Root WebApplicationContext: initialization completed in 4320 ms
2025-03-31T22:20:42.702+04:00  INFO 7820 --- [TaskCoordinator] [main] o.s.b.w.embedded.tomcat.TomcatWebServer  : Tomcat started on port 8080 (http) with context path '/'
2025-03-31T22:20:42.718+04:00  INFO 7820 --- [TaskCoordinator] [main] r.v.T.TaskCoordinatorApplication         : Started TaskCoordinatorApplication in 9.157 seconds (process running for 9.93)
2025-03-31T22:21:15.481+04:00  INFO 7820 --- [TaskCoordinator] [http-nio-8080-exec-1] o.a.c.c.C.[Tomcat].[localhost].[/]       : Initializing Spring DispatcherServlet 'dispatcherServlet'
2025-03-31T22:21:15.481+04:00  INFO 7820 --- [TaskCoordinator] [http-nio-8080-exec-1] o.s.web.servlet.DispatcherServlet        : Initializing Servlet 'dispatcherServlet'
2025-03-31T22:21:15.496+04:00  INFO 7820 --- [TaskCoordinator] [http-nio-8080-exec-1] o.s.web.servlet.DispatcherServlet        : Completed initialization in 15 ms
2025-03-31T22:21:16.697+04:00  INFO 7820 --- [TaskCoordinator] [http-nio-8080-exec-3] o.springdoc.api.AbstractOpenApiResource  : Init duration for springdoc-openapi is: 749 ms
2025-03-31T22:21:20.959+04:00  INFO 7820 --- [TaskCoordinator] [http-nio-8080-exec-4] r.v.T.services.JarPackingService         : ==> Начинаем упаковку JAR-файла...
2025-03-31T22:21:20.963+04:00  INFO 7820 --- [TaskCoordinator] [http-nio-8080-exec-4] r.v.T.services.JarPackingService         : Всего классов для упаковки: 6
2025-03-31T22:21:20.965+04:00  INFO 7820 --- [TaskCoordinator] [http-nio-8080-exec-4] r.v.T.services.JarPackingService         : Файлы для упаковки:
2025-03-31T22:21:20.965+04:00  INFO 7820 --- [TaskCoordinator] [http-nio-8080-exec-4] r.v.T.services.JarPackingService         :   - ru/vaschenko/TaskCoordinator/computation/DefaultDistributor.class
2025-03-31T22:21:20.965+04:00  INFO 7820 --- [TaskCoordinator] [http-nio-8080-exec-4] r.v.T.services.JarPackingService         :   - ru/vaschenko/TaskCoordinator/computation/DefaultCollector.class
2025-03-31T22:21:20.965+04:00  INFO 7820 --- [TaskCoordinator] [http-nio-8080-exec-4] r.v.T.services.JarPackingService         :   - ru/vaschenko/TaskCoordinator/dto/Task.class
2025-03-31T22:21:20.969+04:00  INFO 7820 --- [TaskCoordinator] [http-nio-8080-exec-4] r.v.T.services.JarPackingService         :   - ru/vaschenko/TaskCoordinator/dto/TaskRequest.class
2025-03-31T22:21:20.970+04:00  INFO 7820 --- [TaskCoordinator] [http-nio-8080-exec-4] r.v.T.services.JarPackingService         :   - ru/vaschenko/TaskCoordinator/dto/SubTask.class
2025-03-31T22:21:20.970+04:00  INFO 7820 --- [TaskCoordinator] [http-nio-8080-exec-4] r.v.T.services.JarPackingService         :   - ru/vaschenko/TaskCoordinator/dto/ResultLatinSquare.class
2025-03-31T22:21:20.973+04:00  INFO 7820 --- [TaskCoordinator] [http-nio-8080-exec-4] r.v.T.services.JarPackingService         : Временный JAR-файл создан: C:\Users\Ann\AppData\Local\Temp\classes-7192327313516572314.jar
2025-03-31T22:21:20.981+04:00 DEBUG 7820 --- [TaskCoordinator] [http-nio-8080-exec-4] r.v.T.services.JarPackingService         : Добавлен файл ru/vaschenko/TaskCoordinator/computation/DefaultDistributor.class в JAR
2025-03-31T22:21:20.981+04:00 DEBUG 7820 --- [TaskCoordinator] [http-nio-8080-exec-4] r.v.T.services.JarPackingService         : Добавлен файл ru/vaschenko/TaskCoordinator/computation/DefaultCollector.class в JAR
2025-03-31T22:21:20.981+04:00 DEBUG 7820 --- [TaskCoordinator] [http-nio-8080-exec-4] r.v.T.services.JarPackingService         : Добавлен файл ru/vaschenko/TaskCoordinator/dto/Task.class в JAR
2025-03-31T22:21:20.981+04:00 DEBUG 7820 --- [TaskCoordinator] [http-nio-8080-exec-4] r.v.T.services.JarPackingService         : Добавлен файл ru/vaschenko/TaskCoordinator/dto/TaskRequest.class в JAR
2025-03-31T22:21:20.981+04:00 DEBUG 7820 --- [TaskCoordinator] [http-nio-8080-exec-4] r.v.T.services.JarPackingService         : Добавлен файл ru/vaschenko/TaskCoordinator/dto/SubTask.class в JAR
2025-03-31T22:21:20.997+04:00 DEBUG 7820 --- [TaskCoordinator] [http-nio-8080-exec-4] r.v.T.services.JarPackingService         : Добавлен файл ru/vaschenko/TaskCoordinator/dto/ResultLatinSquare.class в JAR
2025-03-31T22:21:20.998+04:00  INFO 7820 --- [TaskCoordinator] [http-nio-8080-exec-4] r.v.T.services.JarPackingService         : JAR-файл успешно создан, размер: 8011 байт
2025-03-31T22:21:20.998+04:00  INFO 7820 --- [TaskCoordinator] [http-nio-8080-exec-4] r.v.T.services.JarPackingService         : Временный JAR-файл удалён
2025-03-31T22:21:20.998+04:00  INFO 7820 --- [TaskCoordinator] [http-nio-8080-exec-4] r.v.T.services.JarPackingService         : ==> Начинаем упаковку JAR-файла...
2025-03-31T22:21:20.998+04:00  INFO 7820 --- [TaskCoordinator] [http-nio-8080-exec-4] r.v.T.services.JarPackingService         : Всего классов для упаковки: 4
2025-03-31T22:21:20.998+04:00  INFO 7820 --- [TaskCoordinator] [http-nio-8080-exec-4] r.v.T.services.JarPackingService         : Файлы для упаковки:
2025-03-31T22:21:20.998+04:00  INFO 7820 --- [TaskCoordinator] [http-nio-8080-exec-4] r.v.T.services.JarPackingService         :   - ru/vaschenko/TaskCoordinator/computation/DefaultGenerator.class
2025-03-31T22:21:20.998+04:00  INFO 7820 --- [TaskCoordinator] [http-nio-8080-exec-4] r.v.T.services.JarPackingService         :   - ru/vaschenko/TaskCoordinator/computation/DefaultSolver.class
2025-03-31T22:21:20.998+04:00  INFO 7820 --- [TaskCoordinator] [http-nio-8080-exec-4] r.v.T.services.JarPackingService         :   - ru/vaschenko/TaskCoordinator/dto/SubTask.class
2025-03-31T22:21:20.998+04:00  INFO 7820 --- [TaskCoordinator] [http-nio-8080-exec-4] r.v.T.services.JarPackingService         :   - ru/vaschenko/TaskCoordinator/dto/ResultLatinSquare.class
2025-03-31T22:21:20.998+04:00  INFO 7820 --- [TaskCoordinator] [http-nio-8080-exec-4] r.v.T.services.JarPackingService         : Временный JAR-файл создан: C:\Users\Ann\AppData\Local\Temp\classes-15288621047902705294.jar
2025-03-31T22:21:21.013+04:00 DEBUG 7820 --- [TaskCoordinator] [http-nio-8080-exec-4] r.v.T.services.JarPackingService         : Добавлен файл ru/vaschenko/TaskCoordinator/computation/DefaultGenerator.class в JAR
2025-03-31T22:21:21.013+04:00 DEBUG 7820 --- [TaskCoordinator] [http-nio-8080-exec-4] r.v.T.services.JarPackingService         : Добавлен файл ru/vaschenko/TaskCoordinator/computation/DefaultSolver.class в JAR
2025-03-31T22:21:21.013+04:00 DEBUG 7820 --- [TaskCoordinator] [http-nio-8080-exec-4] r.v.T.services.JarPackingService         : Добавлен файл ru/vaschenko/TaskCoordinator/dto/SubTask.class в JAR
2025-03-31T22:21:21.013+04:00 DEBUG 7820 --- [TaskCoordinator] [http-nio-8080-exec-4] r.v.T.services.JarPackingService         : Добавлен файл ru/vaschenko/TaskCoordinator/dto/ResultLatinSquare.class в JAR
2025-03-31T22:21:21.031+04:00  INFO 7820 --- [TaskCoordinator] [http-nio-8080-exec-4] r.v.T.services.JarPackingService         : JAR-файл успешно создан, размер: 7151 байт
2025-03-31T22:21:21.031+04:00  INFO 7820 --- [TaskCoordinator] [http-nio-8080-exec-4] r.v.T.services.JarPackingService         : Временный JAR-файл удалён
2025-03-31T22:21:21.031+04:00 DEBUG 7820 --- [TaskCoordinator] [http-nio-8080-exec-4] r.v.T.services.LatinSquareService        : FullTaskRequest[args={task=Task[alphabet=[A, B, C, D], matrix=[[A, null, null, null], [null, A, null, C], [C, null, A, null], [null, C, null, A]]]}, jarToDist=[B@351800de, jarToComp=[B@42746630]
2025-03-31T22:21:21.039+04:00  INFO 7820 --- [TaskCoordinator] [http-nio-8080-exec-4] r.v.T.c.ServiceDiscoveryClintFacade      : Sending request for work node in task, FullTaskRequest[args={task=Task[alphabet=[A, B, C, D], matrix=[[A, null, null, null], [null, A, null, C], [C, null, A, null], [null, C, null, A]]]}, jarToDist=[B@351800de, jarToComp=[B@42746630]
2025-03-31T22:21:34.182+04:00  INFO 7820 --- [TaskCoordinator] [http-nio-8080-exec-4] r.v.T.c.ServiceDiscoveryClintFacade      : Received result for task
2025-03-31T22:24:09.503+04:00  INFO 7820 --- [TaskCoordinator] [http-nio-8080-exec-9] r.v.T.services.JarPackingService         : ==> Начинаем упаковку JAR-файла...
2025-03-31T22:24:09.503+04:00  INFO 7820 --- [TaskCoordinator] [http-nio-8080-exec-9] r.v.T.services.JarPackingService         : Всего классов для упаковки: 6
2025-03-31T22:24:09.503+04:00  INFO 7820 --- [TaskCoordinator] [http-nio-8080-exec-9] r.v.T.services.JarPackingService         : Файлы для упаковки:
2025-03-31T22:24:09.503+04:00  INFO 7820 --- [TaskCoordinator] [http-nio-8080-exec-9] r.v.T.services.JarPackingService         :   - ru/vaschenko/TaskCoordinator/computation/DefaultDistributor.class
2025-03-31T22:24:09.503+04:00  INFO 7820 --- [TaskCoordinator] [http-nio-8080-exec-9] r.v.T.services.JarPackingService         :   - ru/vaschenko/TaskCoordinator/computation/DefaultCollector.class
2025-03-31T22:24:09.503+04:00  INFO 7820 --- [TaskCoordinator] [http-nio-8080-exec-9] r.v.T.services.JarPackingService         :   - ru/vaschenko/TaskCoordinator/dto/Task.class
2025-03-31T22:24:09.503+04:00  INFO 7820 --- [TaskCoordinator] [http-nio-8080-exec-9] r.v.T.services.JarPackingService         :   - ru/vaschenko/TaskCoordinator/dto/TaskRequest.class
2025-03-31T22:24:09.503+04:00  INFO 7820 --- [TaskCoordinator] [http-nio-8080-exec-9] r.v.T.services.JarPackingService         :   - ru/vaschenko/TaskCoordinator/dto/SubTask.class
2025-03-31T22:24:09.503+04:00  INFO 7820 --- [TaskCoordinator] [http-nio-8080-exec-9] r.v.T.services.JarPackingService         :   - ru/vaschenko/TaskCoordinator/dto/ResultLatinSquare.class
2025-03-31T22:24:09.503+04:00  INFO 7820 --- [TaskCoordinator] [http-nio-8080-exec-9] r.v.T.services.JarPackingService         : Временный JAR-файл создан: C:\Users\Ann\AppData\Local\Temp\classes-7629975578393153086.jar
2025-03-31T22:24:09.519+04:00 DEBUG 7820 --- [TaskCoordinator] [http-nio-8080-exec-9] r.v.T.services.JarPackingService         : Добавлен файл ru/vaschenko/TaskCoordinator/computation/DefaultDistributor.class в JAR
2025-03-31T22:24:09.519+04:00 DEBUG 7820 --- [TaskCoordinator] [http-nio-8080-exec-9] r.v.T.services.JarPackingService         : Добавлен файл ru/vaschenko/TaskCoordinator/computation/DefaultCollector.class в JAR
2025-03-31T22:24:09.519+04:00 DEBUG 7820 --- [TaskCoordinator] [http-nio-8080-exec-9] r.v.T.services.JarPackingService         : Добавлен файл ru/vaschenko/TaskCoordinator/dto/Task.class в JAR
2025-03-31T22:24:09.519+04:00 DEBUG 7820 --- [TaskCoordinator] [http-nio-8080-exec-9] r.v.T.services.JarPackingService         : Добавлен файл ru/vaschenko/TaskCoordinator/dto/TaskRequest.class в JAR
2025-03-31T22:24:09.519+04:00 DEBUG 7820 --- [TaskCoordinator] [http-nio-8080-exec-9] r.v.T.services.JarPackingService         : Добавлен файл ru/vaschenko/TaskCoordinator/dto/SubTask.class в JAR
2025-03-31T22:24:09.535+04:00 DEBUG 7820 --- [TaskCoordinator] [http-nio-8080-exec-9] r.v.T.services.JarPackingService         : Добавлен файл ru/vaschenko/TaskCoordinator/dto/ResultLatinSquare.class в JAR
2025-03-31T22:24:09.535+04:00  INFO 7820 --- [TaskCoordinator] [http-nio-8080-exec-9] r.v.T.services.JarPackingService         : JAR-файл успешно создан, размер: 8011 байт
2025-03-31T22:24:09.542+04:00  INFO 7820 --- [TaskCoordinator] [http-nio-8080-exec-9] r.v.T.services.JarPackingService         : Временный JAR-файл удалён
2025-03-31T22:24:09.542+04:00  INFO 7820 --- [TaskCoordinator] [http-nio-8080-exec-9] r.v.T.services.JarPackingService         : ==> Начинаем упаковку JAR-файла...
2025-03-31T22:24:09.542+04:00  INFO 7820 --- [TaskCoordinator] [http-nio-8080-exec-9] r.v.T.services.JarPackingService         : Всего классов для упаковки: 4
2025-03-31T22:24:09.542+04:00  INFO 7820 --- [TaskCoordinator] [http-nio-8080-exec-9] r.v.T.services.JarPackingService         : Файлы для упаковки:
2025-03-31T22:24:09.542+04:00  INFO 7820 --- [TaskCoordinator] [http-nio-8080-exec-9] r.v.T.services.JarPackingService         :   - ru/vaschenko/TaskCoordinator/computation/DefaultGenerator.class
2025-03-31T22:24:09.542+04:00  INFO 7820 --- [TaskCoordinator] [http-nio-8080-exec-9] r.v.T.services.JarPackingService         :   - ru/vaschenko/TaskCoordinator/computation/DefaultSolver.class
2025-03-31T22:24:09.542+04:00  INFO 7820 --- [TaskCoordinator] [http-nio-8080-exec-9] r.v.T.services.JarPackingService         :   - ru/vaschenko/TaskCoordinator/dto/SubTask.class
2025-03-31T22:24:09.542+04:00  INFO 7820 --- [TaskCoordinator] [http-nio-8080-exec-9] r.v.T.services.JarPackingService         :   - ru/vaschenko/TaskCoordinator/dto/ResultLatinSquare.class
2025-03-31T22:24:09.542+04:00  INFO 7820 --- [TaskCoordinator] [http-nio-8080-exec-9] r.v.T.services.JarPackingService         : Временный JAR-файл создан: C:\Users\Ann\AppData\Local\Temp\classes-11765605523966459652.jar
2025-03-31T22:24:09.542+04:00 DEBUG 7820 --- [TaskCoordinator] [http-nio-8080-exec-9] r.v.T.services.JarPackingService         : Добавлен файл ru/vaschenko/TaskCoordinator/computation/DefaultGenerator.class в JAR
2025-03-31T22:24:09.542+04:00 DEBUG 7820 --- [TaskCoordinator] [http-nio-8080-exec-9] r.v.T.services.JarPackingService         : Добавлен файл ru/vaschenko/TaskCoordinator/computation/DefaultSolver.class в JAR
2025-03-31T22:24:09.558+04:00 DEBUG 7820 --- [TaskCoordinator] [http-nio-8080-exec-9] r.v.T.services.JarPackingService         : Добавлен файл ru/vaschenko/TaskCoordinator/dto/SubTask.class в JAR
2025-03-31T22:24:09.558+04:00 DEBUG 7820 --- [TaskCoordinator] [http-nio-8080-exec-9] r.v.T.services.JarPackingService         : Добавлен файл ru/vaschenko/TaskCoordinator/dto/ResultLatinSquare.class в JAR
2025-03-31T22:24:09.558+04:00  INFO 7820 --- [TaskCoordinator] [http-nio-8080-exec-9] r.v.T.services.JarPackingService         : JAR-файл успешно создан, размер: 7151 байт
2025-03-31T22:24:09.558+04:00  INFO 7820 --- [TaskCoordinator] [http-nio-8080-exec-9] r.v.T.services.JarPackingService         : Временный JAR-файл удалён
2025-03-31T22:24:09.558+04:00 DEBUG 7820 --- [TaskCoordinator] [http-nio-8080-exec-9] r.v.T.services.LatinSquareService        : FullTaskRequest[args={task=Task[alphabet=[A, B, C, D], matrix=[[A, null, null, null], [null, A, null, C], [C, null, A, null], [null, C, null, A]]]}, jarToDist=[B@719d6133, jarToComp=[B@7f5a8170]
2025-03-31T22:24:09.558+04:00  INFO 7820 --- [TaskCoordinator] [http-nio-8080-exec-9] r.v.T.c.ServiceDiscoveryClintFacade      : Sending request for work node in task, FullTaskRequest[args={task=Task[alphabet=[A, B, C, D], matrix=[[A, null, null, null], [null, A, null, C], [C, null, A, null], [null, C, null, A]]]}, jarToDist=[B@719d6133, jarToComp=[B@7f5a8170]
2025-03-31T22:24:12.363+04:00  INFO 7820 --- [TaskCoordinator] [http-nio-8080-exec-9] r.v.T.c.ServiceDiscoveryClintFacade      : Received result for task
