2025-03-31T21:51:16.739+04:00  INFO 15760 --- [ComputingNode] [main] r.v.C.ComputingNodeApplication           : Starting ComputingNodeApplication using Java 22.0.2 with PID 15760 (C:\Users\Ann\Desktop\study\огв\grid framework\ComputingNode\target\classes started by Ann in C:\Users\Ann\Desktop\study\огв\grid framework\ComputingNode)
2025-03-31T21:51:16.779+04:00 DEBUG 15760 --- [ComputingNode] [main] r.v.C.ComputingNodeApplication           : Running with Spring Boot v3.3.5, Spring v6.1.14
2025-03-31T21:51:16.779+04:00  INFO 15760 --- [ComputingNode] [main] r.v.C.ComputingNodeApplication           : No active profile set, falling back to 1 default profile: "default"
2025-03-31T21:51:47.693+04:00  INFO 15760 --- [ComputingNode] [main] o.s.cloud.context.scope.GenericScope     : BeanFactory id=065d012a-3478-3d20-8c16-8a75d86a3913
2025-03-31T21:51:49.277+04:00  INFO 15760 --- [ComputingNode] [main] o.s.b.w.embedded.tomcat.TomcatWebServer  : Tomcat initialized with port 8082 (http)
2025-03-31T21:51:49.389+04:00  INFO 15760 --- [ComputingNode] [main] o.apache.catalina.core.StandardService   : Starting service [Tomcat]
2025-03-31T21:51:49.389+04:00  INFO 15760 --- [ComputingNode] [main] o.apache.catalina.core.StandardEngine    : Starting Servlet engine: [Apache Tomcat/10.1.31]
2025-03-31T21:51:49.702+04:00  INFO 15760 --- [ComputingNode] [main] o.a.c.c.C.[Tomcat].[localhost].[/]       : Initializing Spring embedded WebApplicationContext
2025-03-31T21:51:49.705+04:00  INFO 15760 --- [ComputingNode] [main] w.s.c.ServletWebServerApplicationContext : Root WebApplicationContext: initialization completed in 32436 ms
2025-03-31T21:51:52.175+04:00  INFO 15760 --- [ComputingNode] [main] o.s.b.w.embedded.tomcat.TomcatWebServer  : Tomcat started on port 8082 (http) with context path '/'
2025-03-31T21:51:52.213+04:00  INFO 15760 --- [ComputingNode] [main] r.v.C.ComputingNodeApplication           : Started ComputingNodeApplication in 45.599 seconds (process running for 58.421)
2025-03-31T21:53:55.017+04:00  INFO 15760 --- [ComputingNode] [http-nio-8082-exec-1] o.a.c.c.C.[Tomcat].[localhost].[/]       : Initializing Spring DispatcherServlet 'dispatcherServlet'
2025-03-31T21:53:55.022+04:00  INFO 15760 --- [ComputingNode] [http-nio-8082-exec-1] o.s.web.servlet.DispatcherServlet        : Initializing Servlet 'dispatcherServlet'
2025-03-31T21:53:55.028+04:00  INFO 15760 --- [ComputingNode] [http-nio-8082-exec-1] o.s.web.servlet.DispatcherServlet        : Completed initialization in 5 ms
2025-03-31T21:54:12.507+04:00  INFO 15760 --- [ComputingNode] [http-nio-8082-exec-5] o.springdoc.api.AbstractOpenApiResource  : Init duration for springdoc-openapi is: 17021 ms
2025-03-31T21:54:54.041+04:00  INFO 15760 --- [ComputingNode] [http-nio-8082-exec-9] r.v.C.services.NodeRegisterService       : Запрос на регистрацию
2025-03-31T21:55:11.476+04:00  INFO 15760 --- [ComputingNode] [http-nio-8082-exec-7] r.v.C.services.JarStorageService         : JAR-файл сохранен: target\jars\task-888758db-77ef-41b7-af09-13ceff76c1b8.jar
2025-03-31T21:55:11.480+04:00 DEBUG 15760 --- [ComputingNode] [http-nio-8082-exec-7] r.v.C.services.ClassLoaderService        : Файл в jar, ru/vaschenko/TaskCoordinator/computation/DefaultGenerator.class
2025-03-31T21:55:11.480+04:00 DEBUG 15760 --- [ComputingNode] [http-nio-8082-exec-7] r.v.C.services.ClassLoaderService        : Новое имя, ru.vaschenko.TaskCoordinator.computation.DefaultGenerator
2025-03-31T21:55:11.487+04:00  INFO 15760 --- [ComputingNode] [http-nio-8082-exec-7] r.v.C.services.ClassLoaderService        : Класс ru.vaschenko.TaskCoordinator.computation.DefaultGenerator загружен
2025-03-31T21:55:11.489+04:00 DEBUG 15760 --- [ComputingNode] [http-nio-8082-exec-7] r.v.C.services.ClassLoaderService        : Файл в jar, ru/vaschenko/TaskCoordinator/computation/DefaultSolver.class
2025-03-31T21:55:11.490+04:00 DEBUG 15760 --- [ComputingNode] [http-nio-8082-exec-7] r.v.C.services.ClassLoaderService        : Новое имя, ru.vaschenko.TaskCoordinator.computation.DefaultSolver
2025-03-31T21:55:11.490+04:00  INFO 15760 --- [ComputingNode] [http-nio-8082-exec-7] r.v.C.services.ClassLoaderService        : Класс ru.vaschenko.TaskCoordinator.computation.DefaultSolver загружен
2025-03-31T21:55:11.490+04:00 DEBUG 15760 --- [ComputingNode] [http-nio-8082-exec-7] r.v.C.services.ClassLoaderService        : Файл в jar, ru/vaschenko/TaskCoordinator/dto/SubTask.class
2025-03-31T21:55:11.490+04:00 DEBUG 15760 --- [ComputingNode] [http-nio-8082-exec-7] r.v.C.services.ClassLoaderService        : Новое имя, ru.vaschenko.TaskCoordinator.dto.SubTask
2025-03-31T21:55:11.490+04:00  INFO 15760 --- [ComputingNode] [http-nio-8082-exec-7] r.v.C.services.ClassLoaderService        : Класс ru.vaschenko.TaskCoordinator.dto.SubTask загружен
2025-03-31T21:55:11.490+04:00 DEBUG 15760 --- [ComputingNode] [http-nio-8082-exec-7] r.v.C.services.ClassLoaderService        : Файл в jar, ru/vaschenko/TaskCoordinator/dto/ResultLatinSquare.class
2025-03-31T21:55:11.490+04:00 DEBUG 15760 --- [ComputingNode] [http-nio-8082-exec-7] r.v.C.services.ClassLoaderService        : Новое имя, ru.vaschenko.TaskCoordinator.dto.ResultLatinSquare
2025-03-31T21:55:11.490+04:00  INFO 15760 --- [ComputingNode] [http-nio-8082-exec-7] r.v.C.services.ClassLoaderService        : Класс ru.vaschenko.TaskCoordinator.dto.ResultLatinSquare загружен
2025-03-31T21:55:11.490+04:00 DEBUG 15760 --- [ComputingNode] [http-nio-8082-exec-7] r.v.C.services.ClassLoaderService        : Запуск findAndInvokeSinglePublicMethod с componentType: GENERATOR
2025-03-31T21:55:11.490+04:00 DEBUG 15760 --- [ComputingNode] [http-nio-8082-exec-7] r.v.C.services.ClassLoaderService        : Загруженные классы: [ru.vaschenko.TaskCoordinator.computation.DefaultGenerator, ru.vaschenko.TaskCoordinator.computation.DefaultSolver, ru.vaschenko.TaskCoordinator.dto.SubTask, ru.vaschenko.TaskCoordinator.dto.ResultLatinSquare]
2025-03-31T21:55:11.490+04:00 DEBUG 15760 --- [ComputingNode] [http-nio-8082-exec-7] r.v.C.services.ClassLoaderService        : Параметры перед конвертацией: {subTask={treeLevel=1, number=0, matrix=[[A, null, null, null], [null, A, null, C], [C, null, A, null], [null, C, null, A]], alphabet=[A, B, C, D]}}
2025-03-31T21:55:11.529+04:00 DEBUG 15760 --- [ComputingNode] [http-nio-8082-exec-7] r.v.C.services.ClassLoaderService        : Найден целевой класс: ru.vaschenko.TaskCoordinator.computation.DefaultGenerator
2025-03-31T21:55:11.539+04:00 DEBUG 15760 --- [ComputingNode] [http-nio-8082-exec-7] r.v.C.services.ClassLoaderService        : Вызываем метод generate из класса DefaultGenerator
2025-03-31T21:55:11.545+04:00 DEBUG 15760 --- [ComputingNode] [http-nio-8082-exec-7] r.v.C.services.ClassLoaderService        : Конвертация параметра 'subTask' из типа LinkedHashMap в SubTask
2025-03-31T21:55:11.560+04:00 DEBUG 15760 --- [ComputingNode] [http-nio-8082-exec-7] r.v.C.services.ClassLoaderService        : Создан экземпляр класса ru.vaschenko.TaskCoordinator.computation.DefaultGenerator
2025-03-31T21:55:11.560+04:00 DEBUG 15760 --- [ComputingNode] [http-nio-8082-exec-7] r.v.C.services.ClassLoaderService        : Типы параметров метода: [ru.vaschenko.TaskCoordinator.dto.SubTask subTask]
2025-03-31T21:55:11.592+04:00 DEBUG 15760 --- [ComputingNode] [http-nio-8082-exec-7] r.v.C.services.ClassLoaderService        : Переданные параметры: [SubTask[treeLevel=1, number=0, matrix=[[A, null, null, null], [null, A, null, C], [C, null, A, null], [null, C, null, A]], alphabet=[A, B, C, D]]]
2025-03-31T21:55:11.592+04:00 DEBUG 15760 --- [ComputingNode] [http-nio-8082-exec-7] r.v.C.services.ClassLoaderService        : Тип параметра 0: class ru.vaschenko.TaskCoordinator.dto.SubTask, значение: SubTask[treeLevel=1, number=0, matrix=[[A, null, null, null], [null, A, null, C], [C, null, A, null], [null, C, null, A]], alphabet=[A, B, C, D]]
2025-03-31T21:55:12.314+04:00 DEBUG 15760 --- [ComputingNode] [http-nio-8082-exec-7] r.v.C.services.ComputingService          : Востановленная подзадача {re=[]}
2025-03-31T21:55:12.568+04:00  INFO 15760 --- [ComputingNode] [http-nio-8082-exec-8] r.v.C.services.JarStorageService         : JAR-файл сохранен: target\jars\task-79a3beeb-0f29-452a-82a0-5c0b2ec1a575.jar
2025-03-31T21:55:12.573+04:00 DEBUG 15760 --- [ComputingNode] [http-nio-8082-exec-8] r.v.C.services.ClassLoaderService        : Файл в jar, ru/vaschenko/TaskCoordinator/computation/DefaultGenerator.class
2025-03-31T21:55:12.573+04:00 DEBUG 15760 --- [ComputingNode] [http-nio-8082-exec-8] r.v.C.services.ClassLoaderService        : Новое имя, ru.vaschenko.TaskCoordinator.computation.DefaultGenerator
2025-03-31T21:55:12.575+04:00  INFO 15760 --- [ComputingNode] [http-nio-8082-exec-8] r.v.C.services.ClassLoaderService        : Класс ru.vaschenko.TaskCoordinator.computation.DefaultGenerator загружен
2025-03-31T21:55:12.575+04:00 DEBUG 15760 --- [ComputingNode] [http-nio-8082-exec-8] r.v.C.services.ClassLoaderService        : Файл в jar, ru/vaschenko/TaskCoordinator/computation/DefaultSolver.class
2025-03-31T21:55:12.575+04:00 DEBUG 15760 --- [ComputingNode] [http-nio-8082-exec-8] r.v.C.services.ClassLoaderService        : Новое имя, ru.vaschenko.TaskCoordinator.computation.DefaultSolver
2025-03-31T21:55:12.582+04:00  INFO 15760 --- [ComputingNode] [http-nio-8082-exec-8] r.v.C.services.ClassLoaderService        : Класс ru.vaschenko.TaskCoordinator.computation.DefaultSolver загружен
2025-03-31T21:55:12.583+04:00 DEBUG 15760 --- [ComputingNode] [http-nio-8082-exec-8] r.v.C.services.ClassLoaderService        : Файл в jar, ru/vaschenko/TaskCoordinator/dto/SubTask.class
2025-03-31T21:55:12.583+04:00 DEBUG 15760 --- [ComputingNode] [http-nio-8082-exec-8] r.v.C.services.ClassLoaderService        : Новое имя, ru.vaschenko.TaskCoordinator.dto.SubTask
2025-03-31T21:55:12.583+04:00  INFO 15760 --- [ComputingNode] [http-nio-8082-exec-8] r.v.C.services.ClassLoaderService        : Класс ru.vaschenko.TaskCoordinator.dto.SubTask загружен
2025-03-31T21:55:12.583+04:00 DEBUG 15760 --- [ComputingNode] [http-nio-8082-exec-8] r.v.C.services.ClassLoaderService        : Файл в jar, ru/vaschenko/TaskCoordinator/dto/ResultLatinSquare.class
2025-03-31T21:55:12.583+04:00 DEBUG 15760 --- [ComputingNode] [http-nio-8082-exec-8] r.v.C.services.ClassLoaderService        : Новое имя, ru.vaschenko.TaskCoordinator.dto.ResultLatinSquare
2025-03-31T21:55:12.594+04:00  INFO 15760 --- [ComputingNode] [http-nio-8082-exec-8] r.v.C.services.ClassLoaderService        : Класс ru.vaschenko.TaskCoordinator.dto.ResultLatinSquare загружен
2025-03-31T21:55:12.594+04:00 DEBUG 15760 --- [ComputingNode] [http-nio-8082-exec-8] r.v.C.services.ClassLoaderService        : Запуск findAndInvokeSinglePublicMethod с componentType: GENERATOR
2025-03-31T21:55:12.596+04:00 DEBUG 15760 --- [ComputingNode] [http-nio-8082-exec-8] r.v.C.services.ClassLoaderService        : Загруженные классы: [ru.vaschenko.TaskCoordinator.computation.DefaultGenerator, ru.vaschenko.TaskCoordinator.computation.DefaultSolver, ru.vaschenko.TaskCoordinator.dto.SubTask, ru.vaschenko.TaskCoordinator.dto.ResultLatinSquare]
2025-03-31T21:55:12.597+04:00 DEBUG 15760 --- [ComputingNode] [http-nio-8082-exec-8] r.v.C.services.ClassLoaderService        : Параметры перед конвертацией: {subTask={treeLevel=1, number=2, matrix=[[A, null, null, null], [null, A, null, C], [C, null, A, null], [null, C, null, A]], alphabet=[A, B, C, D]}}
2025-03-31T21:55:12.599+04:00 DEBUG 15760 --- [ComputingNode] [http-nio-8082-exec-8] r.v.C.services.ClassLoaderService        : Найден целевой класс: ru.vaschenko.TaskCoordinator.computation.DefaultGenerator
2025-03-31T21:55:12.599+04:00 DEBUG 15760 --- [ComputingNode] [http-nio-8082-exec-8] r.v.C.services.ClassLoaderService        : Вызываем метод generate из класса DefaultGenerator
2025-03-31T21:55:12.599+04:00 DEBUG 15760 --- [ComputingNode] [http-nio-8082-exec-8] r.v.C.services.ClassLoaderService        : Конвертация параметра 'subTask' из типа LinkedHashMap в SubTask
2025-03-31T21:55:12.607+04:00 DEBUG 15760 --- [ComputingNode] [http-nio-8082-exec-8] r.v.C.services.ClassLoaderService        : Создан экземпляр класса ru.vaschenko.TaskCoordinator.computation.DefaultGenerator
2025-03-31T21:55:12.607+04:00 DEBUG 15760 --- [ComputingNode] [http-nio-8082-exec-8] r.v.C.services.ClassLoaderService        : Типы параметров метода: [ru.vaschenko.TaskCoordinator.dto.SubTask subTask]
2025-03-31T21:55:12.607+04:00 DEBUG 15760 --- [ComputingNode] [http-nio-8082-exec-8] r.v.C.services.ClassLoaderService        : Переданные параметры: [SubTask[treeLevel=1, number=2, matrix=[[A, null, null, null], [null, A, null, C], [C, null, A, null], [null, C, null, A]], alphabet=[A, B, C, D]]]
2025-03-31T21:55:12.607+04:00 DEBUG 15760 --- [ComputingNode] [http-nio-8082-exec-8] r.v.C.services.ClassLoaderService        : Тип параметра 0: class ru.vaschenko.TaskCoordinator.dto.SubTask, значение: SubTask[treeLevel=1, number=2, matrix=[[A, null, null, null], [null, A, null, C], [C, null, A, null], [null, C, null, A]], alphabet=[A, B, C, D]]
2025-03-31T21:55:13.039+04:00 DEBUG 15760 --- [ComputingNode] [http-nio-8082-exec-8] r.v.C.services.ComputingService          : Востановленная подзадача {re=[]}
2025-03-31T21:55:13.690+04:00  INFO 15760 --- [ComputingNode] [http-nio-8082-exec-1] r.v.C.services.JarStorageService         : JAR-файл сохранен: target\jars\task-0487aad9-299a-454d-ab6f-8a3fe359684c.jar
2025-03-31T21:55:13.690+04:00 DEBUG 15760 --- [ComputingNode] [http-nio-8082-exec-1] r.v.C.services.ClassLoaderService        : Файл в jar, ru/vaschenko/TaskCoordinator/computation/DefaultGenerator.class
2025-03-31T21:55:13.690+04:00 DEBUG 15760 --- [ComputingNode] [http-nio-8082-exec-1] r.v.C.services.ClassLoaderService        : Новое имя, ru.vaschenko.TaskCoordinator.computation.DefaultGenerator
2025-03-31T21:55:13.690+04:00  INFO 15760 --- [ComputingNode] [http-nio-8082-exec-1] r.v.C.services.ClassLoaderService        : Класс ru.vaschenko.TaskCoordinator.computation.DefaultGenerator загружен
2025-03-31T21:55:13.690+04:00 DEBUG 15760 --- [ComputingNode] [http-nio-8082-exec-1] r.v.C.services.ClassLoaderService        : Файл в jar, ru/vaschenko/TaskCoordinator/computation/DefaultSolver.class
2025-03-31T21:55:13.690+04:00 DEBUG 15760 --- [ComputingNode] [http-nio-8082-exec-1] r.v.C.services.ClassLoaderService        : Новое имя, ru.vaschenko.TaskCoordinator.computation.DefaultSolver
2025-03-31T21:55:13.690+04:00  INFO 15760 --- [ComputingNode] [http-nio-8082-exec-1] r.v.C.services.ClassLoaderService        : Класс ru.vaschenko.TaskCoordinator.computation.DefaultSolver загружен
2025-03-31T21:55:13.690+04:00 DEBUG 15760 --- [ComputingNode] [http-nio-8082-exec-1] r.v.C.services.ClassLoaderService        : Файл в jar, ru/vaschenko/TaskCoordinator/dto/SubTask.class
2025-03-31T21:55:13.690+04:00 DEBUG 15760 --- [ComputingNode] [http-nio-8082-exec-1] r.v.C.services.ClassLoaderService        : Новое имя, ru.vaschenko.TaskCoordinator.dto.SubTask
2025-03-31T21:55:13.690+04:00  INFO 15760 --- [ComputingNode] [http-nio-8082-exec-1] r.v.C.services.ClassLoaderService        : Класс ru.vaschenko.TaskCoordinator.dto.SubTask загружен
2025-03-31T21:55:13.704+04:00 DEBUG 15760 --- [ComputingNode] [http-nio-8082-exec-1] r.v.C.services.ClassLoaderService        : Файл в jar, ru/vaschenko/TaskCoordinator/dto/ResultLatinSquare.class
2025-03-31T21:55:13.705+04:00 DEBUG 15760 --- [ComputingNode] [http-nio-8082-exec-1] r.v.C.services.ClassLoaderService        : Новое имя, ru.vaschenko.TaskCoordinator.dto.ResultLatinSquare
2025-03-31T21:55:13.706+04:00  INFO 15760 --- [ComputingNode] [http-nio-8082-exec-1] r.v.C.services.ClassLoaderService        : Класс ru.vaschenko.TaskCoordinator.dto.ResultLatinSquare загружен
2025-03-31T21:55:13.706+04:00 DEBUG 15760 --- [ComputingNode] [http-nio-8082-exec-1] r.v.C.services.ClassLoaderService        : Запуск findAndInvokeSinglePublicMethod с componentType: GENERATOR
2025-03-31T21:55:13.706+04:00 DEBUG 15760 --- [ComputingNode] [http-nio-8082-exec-1] r.v.C.services.ClassLoaderService        : Загруженные классы: [ru.vaschenko.TaskCoordinator.computation.DefaultGenerator, ru.vaschenko.TaskCoordinator.computation.DefaultSolver, ru.vaschenko.TaskCoordinator.dto.SubTask, ru.vaschenko.TaskCoordinator.dto.ResultLatinSquare]
2025-03-31T21:55:13.706+04:00 DEBUG 15760 --- [ComputingNode] [http-nio-8082-exec-1] r.v.C.services.ClassLoaderService        : Параметры перед конвертацией: {subTask={treeLevel=1, number=4, matrix=[[A, null, null, null], [null, A, null, C], [C, null, A, null], [null, C, null, A]], alphabet=[A, B, C, D]}}
2025-03-31T21:55:13.706+04:00 DEBUG 15760 --- [ComputingNode] [http-nio-8082-exec-1] r.v.C.services.ClassLoaderService        : Найден целевой класс: ru.vaschenko.TaskCoordinator.computation.DefaultGenerator
2025-03-31T21:55:13.706+04:00 DEBUG 15760 --- [ComputingNode] [http-nio-8082-exec-1] r.v.C.services.ClassLoaderService        : Вызываем метод generate из класса DefaultGenerator
2025-03-31T21:55:13.706+04:00 DEBUG 15760 --- [ComputingNode] [http-nio-8082-exec-1] r.v.C.services.ClassLoaderService        : Конвертация параметра 'subTask' из типа LinkedHashMap в SubTask
2025-03-31T21:55:13.706+04:00 DEBUG 15760 --- [ComputingNode] [http-nio-8082-exec-1] r.v.C.services.ClassLoaderService        : Создан экземпляр класса ru.vaschenko.TaskCoordinator.computation.DefaultGenerator
2025-03-31T21:55:13.706+04:00 DEBUG 15760 --- [ComputingNode] [http-nio-8082-exec-1] r.v.C.services.ClassLoaderService        : Типы параметров метода: [ru.vaschenko.TaskCoordinator.dto.SubTask subTask]
2025-03-31T21:55:13.706+04:00 DEBUG 15760 --- [ComputingNode] [http-nio-8082-exec-1] r.v.C.services.ClassLoaderService        : Переданные параметры: [SubTask[treeLevel=1, number=4, matrix=[[A, null, null, null], [null, A, null, C], [C, null, A, null], [null, C, null, A]], alphabet=[A, B, C, D]]]
2025-03-31T21:55:13.706+04:00 DEBUG 15760 --- [ComputingNode] [http-nio-8082-exec-1] r.v.C.services.ClassLoaderService        : Тип параметра 0: class ru.vaschenko.TaskCoordinator.dto.SubTask, значение: SubTask[treeLevel=1, number=4, matrix=[[A, null, null, null], [null, A, null, C], [C, null, A, null], [null, C, null, A]], alphabet=[A, B, C, D]]
2025-03-31T21:55:14.183+04:00 DEBUG 15760 --- [ComputingNode] [http-nio-8082-exec-1] r.v.C.services.ComputingService          : Востановленная подзадача {re=[]}
2025-03-31T21:58:20.646+04:00  INFO 15760 --- [ComputingNode] [http-nio-8082-exec-5] r.v.C.services.JarStorageService         : JAR-файл сохранен: target\jars\task-db13796f-f091-4cab-be2b-5dfc61dfb7dd.jar
2025-03-31T21:58:20.657+04:00 DEBUG 15760 --- [ComputingNode] [http-nio-8082-exec-5] r.v.C.services.ClassLoaderService        : Файл в jar, ru/vaschenko/TaskCoordinator/computation/DefaultGenerator.class
2025-03-31T21:58:20.658+04:00 DEBUG 15760 --- [ComputingNode] [http-nio-8082-exec-5] r.v.C.services.ClassLoaderService        : Новое имя, ru.vaschenko.TaskCoordinator.computation.DefaultGenerator
2025-03-31T21:58:20.663+04:00  INFO 15760 --- [ComputingNode] [http-nio-8082-exec-5] r.v.C.services.ClassLoaderService        : Класс ru.vaschenko.TaskCoordinator.computation.DefaultGenerator загружен
2025-03-31T21:58:20.663+04:00 DEBUG 15760 --- [ComputingNode] [http-nio-8082-exec-5] r.v.C.services.ClassLoaderService        : Файл в jar, ru/vaschenko/TaskCoordinator/computation/DefaultSolver.class
2025-03-31T21:58:20.665+04:00 DEBUG 15760 --- [ComputingNode] [http-nio-8082-exec-5] r.v.C.services.ClassLoaderService        : Новое имя, ru.vaschenko.TaskCoordinator.computation.DefaultSolver
2025-03-31T21:58:20.665+04:00  INFO 15760 --- [ComputingNode] [http-nio-8082-exec-5] r.v.C.services.ClassLoaderService        : Класс ru.vaschenko.TaskCoordinator.computation.DefaultSolver загружен
2025-03-31T21:58:20.665+04:00 DEBUG 15760 --- [ComputingNode] [http-nio-8082-exec-5] r.v.C.services.ClassLoaderService        : Файл в jar, ru/vaschenko/TaskCoordinator/dto/SubTask.class
2025-03-31T21:58:20.665+04:00 DEBUG 15760 --- [ComputingNode] [http-nio-8082-exec-5] r.v.C.services.ClassLoaderService        : Новое имя, ru.vaschenko.TaskCoordinator.dto.SubTask
2025-03-31T21:58:20.670+04:00  INFO 15760 --- [ComputingNode] [http-nio-8082-exec-5] r.v.C.services.ClassLoaderService        : Класс ru.vaschenko.TaskCoordinator.dto.SubTask загружен
2025-03-31T21:58:20.671+04:00 DEBUG 15760 --- [ComputingNode] [http-nio-8082-exec-5] r.v.C.services.ClassLoaderService        : Файл в jar, ru/vaschenko/TaskCoordinator/dto/ResultLatinSquare.class
2025-03-31T21:58:20.671+04:00 DEBUG 15760 --- [ComputingNode] [http-nio-8082-exec-5] r.v.C.services.ClassLoaderService        : Новое имя, ru.vaschenko.TaskCoordinator.dto.ResultLatinSquare
2025-03-31T21:58:20.671+04:00  INFO 15760 --- [ComputingNode] [http-nio-8082-exec-5] r.v.C.services.ClassLoaderService        : Класс ru.vaschenko.TaskCoordinator.dto.ResultLatinSquare загружен
2025-03-31T21:58:20.671+04:00 DEBUG 15760 --- [ComputingNode] [http-nio-8082-exec-5] r.v.C.services.ClassLoaderService        : Запуск findAndInvokeSinglePublicMethod с componentType: GENERATOR
2025-03-31T21:58:20.671+04:00 DEBUG 15760 --- [ComputingNode] [http-nio-8082-exec-5] r.v.C.services.ClassLoaderService        : Загруженные классы: [ru.vaschenko.TaskCoordinator.computation.DefaultGenerator, ru.vaschenko.TaskCoordinator.computation.DefaultSolver, ru.vaschenko.TaskCoordinator.dto.SubTask, ru.vaschenko.TaskCoordinator.dto.ResultLatinSquare]
2025-03-31T21:58:20.671+04:00 DEBUG 15760 --- [ComputingNode] [http-nio-8082-exec-5] r.v.C.services.ClassLoaderService        : Параметры перед конвертацией: {subTask={treeLevel=1, number=1, matrix=[[A, null, null, null], [null, A, null, C], [C, null, A, null], [null, C, null, A]], alphabet=[A, B, C, D]}}
2025-03-31T21:58:20.671+04:00 DEBUG 15760 --- [ComputingNode] [http-nio-8082-exec-5] r.v.C.services.ClassLoaderService        : Найден целевой класс: ru.vaschenko.TaskCoordinator.computation.DefaultGenerator
2025-03-31T21:58:20.671+04:00 DEBUG 15760 --- [ComputingNode] [http-nio-8082-exec-5] r.v.C.services.ClassLoaderService        : Вызываем метод generate из класса DefaultGenerator
2025-03-31T21:58:20.671+04:00 DEBUG 15760 --- [ComputingNode] [http-nio-8082-exec-5] r.v.C.services.ClassLoaderService        : Конвертация параметра 'subTask' из типа LinkedHashMap в SubTask
2025-03-31T21:58:20.678+04:00 DEBUG 15760 --- [ComputingNode] [http-nio-8082-exec-5] r.v.C.services.ClassLoaderService        : Создан экземпляр класса ru.vaschenko.TaskCoordinator.computation.DefaultGenerator
2025-03-31T21:58:20.678+04:00 DEBUG 15760 --- [ComputingNode] [http-nio-8082-exec-5] r.v.C.services.ClassLoaderService        : Типы параметров метода: [ru.vaschenko.TaskCoordinator.dto.SubTask subTask]
2025-03-31T21:58:20.687+04:00 DEBUG 15760 --- [ComputingNode] [http-nio-8082-exec-5] r.v.C.services.ClassLoaderService        : Переданные параметры: [SubTask[treeLevel=1, number=1, matrix=[[A, null, null, null], [null, A, null, C], [C, null, A, null], [null, C, null, A]], alphabet=[A, B, C, D]]]
2025-03-31T21:58:20.687+04:00 DEBUG 15760 --- [ComputingNode] [http-nio-8082-exec-5] r.v.C.services.ClassLoaderService        : Тип параметра 0: class ru.vaschenko.TaskCoordinator.dto.SubTask, значение: SubTask[treeLevel=1, number=1, matrix=[[A, null, null, null], [null, A, null, C], [C, null, A, null], [null, C, null, A]], alphabet=[A, B, C, D]]
2025-03-31T21:58:20.936+04:00 DEBUG 15760 --- [ComputingNode] [http-nio-8082-exec-5] r.v.C.services.ComputingService          : Востановленная подзадача {re=[ResultLatinSquare[matrix=[[A, B, C, D], [B, A, D, C], [C, D, A, B], [D, C, B, A]]], ResultLatinSquare[matrix=[[A, B, C, D], [D, A, B, C], [C, D, A, B], [B, C, D, A]]]]}
2025-03-31T21:58:21.689+04:00  INFO 15760 --- [ComputingNode] [http-nio-8082-exec-6] r.v.C.services.JarStorageService         : JAR-файл сохранен: target\jars\task-30368d95-f48e-48cb-8278-8d8a96e6e956.jar
2025-03-31T21:58:21.690+04:00 DEBUG 15760 --- [ComputingNode] [http-nio-8082-exec-6] r.v.C.services.ClassLoaderService        : Файл в jar, ru/vaschenko/TaskCoordinator/computation/DefaultGenerator.class
2025-03-31T21:58:21.690+04:00 DEBUG 15760 --- [ComputingNode] [http-nio-8082-exec-6] r.v.C.services.ClassLoaderService        : Новое имя, ru.vaschenko.TaskCoordinator.computation.DefaultGenerator
2025-03-31T21:58:21.690+04:00  INFO 15760 --- [ComputingNode] [http-nio-8082-exec-6] r.v.C.services.ClassLoaderService        : Класс ru.vaschenko.TaskCoordinator.computation.DefaultGenerator загружен
2025-03-31T21:58:21.690+04:00 DEBUG 15760 --- [ComputingNode] [http-nio-8082-exec-6] r.v.C.services.ClassLoaderService        : Файл в jar, ru/vaschenko/TaskCoordinator/computation/DefaultSolver.class
2025-03-31T21:58:21.690+04:00 DEBUG 15760 --- [ComputingNode] [http-nio-8082-exec-6] r.v.C.services.ClassLoaderService        : Новое имя, ru.vaschenko.TaskCoordinator.computation.DefaultSolver
2025-03-31T21:58:21.690+04:00  INFO 15760 --- [ComputingNode] [http-nio-8082-exec-6] r.v.C.services.ClassLoaderService        : Класс ru.vaschenko.TaskCoordinator.computation.DefaultSolver загружен
2025-03-31T21:58:21.690+04:00 DEBUG 15760 --- [ComputingNode] [http-nio-8082-exec-6] r.v.C.services.ClassLoaderService        : Файл в jar, ru/vaschenko/TaskCoordinator/dto/SubTask.class
2025-03-31T21:58:21.690+04:00 DEBUG 15760 --- [ComputingNode] [http-nio-8082-exec-6] r.v.C.services.ClassLoaderService        : Новое имя, ru.vaschenko.TaskCoordinator.dto.SubTask
2025-03-31T21:58:21.690+04:00  INFO 15760 --- [ComputingNode] [http-nio-8082-exec-6] r.v.C.services.ClassLoaderService        : Класс ru.vaschenko.TaskCoordinator.dto.SubTask загружен
2025-03-31T21:58:21.690+04:00 DEBUG 15760 --- [ComputingNode] [http-nio-8082-exec-6] r.v.C.services.ClassLoaderService        : Файл в jar, ru/vaschenko/TaskCoordinator/dto/ResultLatinSquare.class
2025-03-31T21:58:21.690+04:00 DEBUG 15760 --- [ComputingNode] [http-nio-8082-exec-6] r.v.C.services.ClassLoaderService        : Новое имя, ru.vaschenko.TaskCoordinator.dto.ResultLatinSquare
2025-03-31T21:58:21.700+04:00  INFO 15760 --- [ComputingNode] [http-nio-8082-exec-6] r.v.C.services.ClassLoaderService        : Класс ru.vaschenko.TaskCoordinator.dto.ResultLatinSquare загружен
2025-03-31T21:58:21.701+04:00 DEBUG 15760 --- [ComputingNode] [http-nio-8082-exec-6] r.v.C.services.ClassLoaderService        : Запуск findAndInvokeSinglePublicMethod с componentType: GENERATOR
2025-03-31T21:58:21.701+04:00 DEBUG 15760 --- [ComputingNode] [http-nio-8082-exec-6] r.v.C.services.ClassLoaderService        : Загруженные классы: [ru.vaschenko.TaskCoordinator.computation.DefaultGenerator, ru.vaschenko.TaskCoordinator.computation.DefaultSolver, ru.vaschenko.TaskCoordinator.dto.SubTask, ru.vaschenko.TaskCoordinator.dto.ResultLatinSquare]
2025-03-31T21:58:21.701+04:00 DEBUG 15760 --- [ComputingNode] [http-nio-8082-exec-6] r.v.C.services.ClassLoaderService        : Параметры перед конвертацией: {subTask={treeLevel=1, number=2, matrix=[[A, null, null, null], [null, A, null, C], [C, null, A, null], [null, C, null, A]], alphabet=[A, B, C, D]}}
2025-03-31T21:58:21.701+04:00 DEBUG 15760 --- [ComputingNode] [http-nio-8082-exec-6] r.v.C.services.ClassLoaderService        : Найден целевой класс: ru.vaschenko.TaskCoordinator.computation.DefaultGenerator
2025-03-31T21:58:21.701+04:00 DEBUG 15760 --- [ComputingNode] [http-nio-8082-exec-6] r.v.C.services.ClassLoaderService        : Вызываем метод generate из класса DefaultGenerator
2025-03-31T21:58:21.701+04:00 DEBUG 15760 --- [ComputingNode] [http-nio-8082-exec-6] r.v.C.services.ClassLoaderService        : Конвертация параметра 'subTask' из типа LinkedHashMap в SubTask
2025-03-31T21:58:21.706+04:00 DEBUG 15760 --- [ComputingNode] [http-nio-8082-exec-6] r.v.C.services.ClassLoaderService        : Создан экземпляр класса ru.vaschenko.TaskCoordinator.computation.DefaultGenerator
2025-03-31T21:58:21.706+04:00 DEBUG 15760 --- [ComputingNode] [http-nio-8082-exec-6] r.v.C.services.ClassLoaderService        : Типы параметров метода: [ru.vaschenko.TaskCoordinator.dto.SubTask subTask]
2025-03-31T21:58:21.706+04:00 DEBUG 15760 --- [ComputingNode] [http-nio-8082-exec-6] r.v.C.services.ClassLoaderService        : Переданные параметры: [SubTask[treeLevel=1, number=2, matrix=[[A, null, null, null], [null, A, null, C], [C, null, A, null], [null, C, null, A]], alphabet=[A, B, C, D]]]
2025-03-31T21:58:21.706+04:00 DEBUG 15760 --- [ComputingNode] [http-nio-8082-exec-6] r.v.C.services.ClassLoaderService        : Тип параметра 0: class ru.vaschenko.TaskCoordinator.dto.SubTask, значение: SubTask[treeLevel=1, number=2, matrix=[[A, null, null, null], [null, A, null, C], [C, null, A, null], [null, C, null, A]], alphabet=[A, B, C, D]]
2025-03-31T21:58:22.022+04:00 DEBUG 15760 --- [ComputingNode] [http-nio-8082-exec-6] r.v.C.services.ComputingService          : Востановленная подзадача {re=[]}
2025-03-31T21:58:22.759+04:00  INFO 15760 --- [ComputingNode] [http-nio-8082-exec-9] r.v.C.services.JarStorageService         : JAR-файл сохранен: target\jars\task-96f0d81e-da33-4eae-b074-59fdcb34a86e.jar
2025-03-31T21:58:22.759+04:00 DEBUG 15760 --- [ComputingNode] [http-nio-8082-exec-9] r.v.C.services.ClassLoaderService        : Файл в jar, ru/vaschenko/TaskCoordinator/computation/DefaultGenerator.class
2025-03-31T21:58:22.759+04:00 DEBUG 15760 --- [ComputingNode] [http-nio-8082-exec-9] r.v.C.services.ClassLoaderService        : Новое имя, ru.vaschenko.TaskCoordinator.computation.DefaultGenerator
2025-03-31T21:58:22.759+04:00  INFO 15760 --- [ComputingNode] [http-nio-8082-exec-9] r.v.C.services.ClassLoaderService        : Класс ru.vaschenko.TaskCoordinator.computation.DefaultGenerator загружен
2025-03-31T21:58:22.759+04:00 DEBUG 15760 --- [ComputingNode] [http-nio-8082-exec-9] r.v.C.services.ClassLoaderService        : Файл в jar, ru/vaschenko/TaskCoordinator/computation/DefaultSolver.class
2025-03-31T21:58:22.759+04:00 DEBUG 15760 --- [ComputingNode] [http-nio-8082-exec-9] r.v.C.services.ClassLoaderService        : Новое имя, ru.vaschenko.TaskCoordinator.computation.DefaultSolver
2025-03-31T21:58:22.771+04:00  INFO 15760 --- [ComputingNode] [http-nio-8082-exec-9] r.v.C.services.ClassLoaderService        : Класс ru.vaschenko.TaskCoordinator.computation.DefaultSolver загружен
2025-03-31T21:58:22.771+04:00 DEBUG 15760 --- [ComputingNode] [http-nio-8082-exec-9] r.v.C.services.ClassLoaderService        : Файл в jar, ru/vaschenko/TaskCoordinator/dto/SubTask.class
2025-03-31T21:58:22.772+04:00 DEBUG 15760 --- [ComputingNode] [http-nio-8082-exec-9] r.v.C.services.ClassLoaderService        : Новое имя, ru.vaschenko.TaskCoordinator.dto.SubTask
2025-03-31T21:58:22.773+04:00  INFO 15760 --- [ComputingNode] [http-nio-8082-exec-9] r.v.C.services.ClassLoaderService        : Класс ru.vaschenko.TaskCoordinator.dto.SubTask загружен
2025-03-31T21:58:22.774+04:00 DEBUG 15760 --- [ComputingNode] [http-nio-8082-exec-9] r.v.C.services.ClassLoaderService        : Файл в jar, ru/vaschenko/TaskCoordinator/dto/ResultLatinSquare.class
2025-03-31T21:58:22.774+04:00 DEBUG 15760 --- [ComputingNode] [http-nio-8082-exec-9] r.v.C.services.ClassLoaderService        : Новое имя, ru.vaschenko.TaskCoordinator.dto.ResultLatinSquare
2025-03-31T21:58:22.774+04:00  INFO 15760 --- [ComputingNode] [http-nio-8082-exec-9] r.v.C.services.ClassLoaderService        : Класс ru.vaschenko.TaskCoordinator.dto.ResultLatinSquare загружен
2025-03-31T21:58:22.774+04:00 DEBUG 15760 --- [ComputingNode] [http-nio-8082-exec-9] r.v.C.services.ClassLoaderService        : Запуск findAndInvokeSinglePublicMethod с componentType: GENERATOR
2025-03-31T21:58:22.774+04:00 DEBUG 15760 --- [ComputingNode] [http-nio-8082-exec-9] r.v.C.services.ClassLoaderService        : Загруженные классы: [ru.vaschenko.TaskCoordinator.computation.DefaultGenerator, ru.vaschenko.TaskCoordinator.computation.DefaultSolver, ru.vaschenko.TaskCoordinator.dto.SubTask, ru.vaschenko.TaskCoordinator.dto.ResultLatinSquare]
2025-03-31T21:58:22.774+04:00 DEBUG 15760 --- [ComputingNode] [http-nio-8082-exec-9] r.v.C.services.ClassLoaderService        : Параметры перед конвертацией: {subTask={treeLevel=1, number=4, matrix=[[A, null, null, null], [null, A, null, C], [C, null, A, null], [null, C, null, A]], alphabet=[A, B, C, D]}}
2025-03-31T21:58:22.774+04:00 DEBUG 15760 --- [ComputingNode] [http-nio-8082-exec-9] r.v.C.services.ClassLoaderService        : Найден целевой класс: ru.vaschenko.TaskCoordinator.computation.DefaultGenerator
2025-03-31T21:58:22.774+04:00 DEBUG 15760 --- [ComputingNode] [http-nio-8082-exec-9] r.v.C.services.ClassLoaderService        : Вызываем метод generate из класса DefaultGenerator
2025-03-31T21:58:22.779+04:00 DEBUG 15760 --- [ComputingNode] [http-nio-8082-exec-9] r.v.C.services.ClassLoaderService        : Конвертация параметра 'subTask' из типа LinkedHashMap в SubTask
2025-03-31T21:58:22.781+04:00 DEBUG 15760 --- [ComputingNode] [http-nio-8082-exec-9] r.v.C.services.ClassLoaderService        : Создан экземпляр класса ru.vaschenko.TaskCoordinator.computation.DefaultGenerator
2025-03-31T21:58:22.781+04:00 DEBUG 15760 --- [ComputingNode] [http-nio-8082-exec-9] r.v.C.services.ClassLoaderService        : Типы параметров метода: [ru.vaschenko.TaskCoordinator.dto.SubTask subTask]
2025-03-31T21:58:22.781+04:00 DEBUG 15760 --- [ComputingNode] [http-nio-8082-exec-9] r.v.C.services.ClassLoaderService        : Переданные параметры: [SubTask[treeLevel=1, number=4, matrix=[[A, null, null, null], [null, A, null, C], [C, null, A, null], [null, C, null, A]], alphabet=[A, B, C, D]]]
2025-03-31T21:58:22.781+04:00 DEBUG 15760 --- [ComputingNode] [http-nio-8082-exec-9] r.v.C.services.ClassLoaderService        : Тип параметра 0: class ru.vaschenko.TaskCoordinator.dto.SubTask, значение: SubTask[treeLevel=1, number=4, matrix=[[A, null, null, null], [null, A, null, C], [C, null, A, null], [null, C, null, A]], alphabet=[A, B, C, D]]
2025-03-31T21:58:23.049+04:00 DEBUG 15760 --- [ComputingNode] [http-nio-8082-exec-9] r.v.C.services.ComputingService          : Востановленная подзадача {re=[]}
2025-03-31T22:20:12.244+04:00  INFO 2928 --- [ComputingNode] [main] r.v.C.ComputingNodeApplication           : Starting ComputingNodeApplication using Java 22.0.2 with PID 2928 (C:\Users\Ann\Desktop\study\огв\grid framework\ComputingNode\target\classes started by Ann in C:\Users\Ann\Desktop\study\огв\grid framework\ComputingNode)
2025-03-31T22:20:12.260+04:00 DEBUG 2928 --- [ComputingNode] [main] r.v.C.ComputingNodeApplication           : Running with Spring Boot v3.3.5, Spring v6.1.14
2025-03-31T22:20:12.264+04:00  INFO 2928 --- [ComputingNode] [main] r.v.C.ComputingNodeApplication           : No active profile set, falling back to 1 default profile: "default"
2025-03-31T22:20:15.428+04:00  INFO 2928 --- [ComputingNode] [main] o.s.cloud.context.scope.GenericScope     : BeanFactory id=065d012a-3478-3d20-8c16-8a75d86a3913
2025-03-31T22:20:16.565+04:00  INFO 2928 --- [ComputingNode] [main] o.s.b.w.embedded.tomcat.TomcatWebServer  : Tomcat initialized with port 8082 (http)
2025-03-31T22:20:16.613+04:00  INFO 2928 --- [ComputingNode] [main] o.apache.catalina.core.StandardService   : Starting service [Tomcat]
2025-03-31T22:20:16.613+04:00  INFO 2928 --- [ComputingNode] [main] o.apache.catalina.core.StandardEngine    : Starting Servlet engine: [Apache Tomcat/10.1.31]
2025-03-31T22:20:16.837+04:00  INFO 2928 --- [ComputingNode] [main] o.a.c.c.C.[Tomcat].[localhost].[/]       : Initializing Spring embedded WebApplicationContext
2025-03-31T22:20:16.837+04:00  INFO 2928 --- [ComputingNode] [main] w.s.c.ServletWebServerApplicationContext : Root WebApplicationContext: initialization completed in 4380 ms
2025-03-31T22:20:18.734+04:00  INFO 2928 --- [ComputingNode] [main] o.s.b.w.embedded.tomcat.TomcatWebServer  : Tomcat started on port 8082 (http) with context path '/'
2025-03-31T22:20:18.752+04:00  INFO 2928 --- [ComputingNode] [main] r.v.C.ComputingNodeApplication           : Started ComputingNodeApplication in 8.477 seconds (process running for 9.981)
2025-03-31T22:21:03.297+04:00  INFO 2928 --- [ComputingNode] [http-nio-8082-exec-1] o.a.c.c.C.[Tomcat].[localhost].[/]       : Initializing Spring DispatcherServlet 'dispatcherServlet'
2025-03-31T22:21:03.313+04:00  INFO 2928 --- [ComputingNode] [http-nio-8082-exec-1] o.s.web.servlet.DispatcherServlet        : Initializing Servlet 'dispatcherServlet'
2025-03-31T22:21:03.313+04:00  INFO 2928 --- [ComputingNode] [http-nio-8082-exec-1] o.s.web.servlet.DispatcherServlet        : Completed initialization in 0 ms
2025-03-31T22:21:04.514+04:00  INFO 2928 --- [ComputingNode] [http-nio-8082-exec-2] o.springdoc.api.AbstractOpenApiResource  : Init duration for springdoc-openapi is: 846 ms
2025-03-31T22:21:07.736+04:00  INFO 2928 --- [ComputingNode] [http-nio-8082-exec-4] r.v.C.services.NodeRegisterService       : Запрос на регистрацию
2025-03-31T22:21:21.692+04:00  INFO 2928 --- [ComputingNode] [http-nio-8082-exec-6] r.v.C.services.JarStorageService         : JAR-файл сохранен: target\jars\task-ac1b8e13-b7c4-48b2-a6d3-495aac67a49e.jar
2025-03-31T22:21:21.786+04:00 DEBUG 2928 --- [ComputingNode] [http-nio-8082-exec-6] r.v.C.services.ClassLoaderService        : Файл в jar, ru/vaschenko/TaskCoordinator/computation/DefaultGenerator.class
2025-03-31T22:21:21.798+04:00 DEBUG 2928 --- [ComputingNode] [http-nio-8082-exec-6] r.v.C.services.ClassLoaderService        : Новое имя, ru.vaschenko.TaskCoordinator.computation.DefaultGenerator
2025-03-31T22:21:22.269+04:00  INFO 2928 --- [ComputingNode] [http-nio-8082-exec-6] r.v.C.services.ClassLoaderService        : Класс ru.vaschenko.TaskCoordinator.computation.DefaultGenerator загружен
2025-03-31T22:21:22.269+04:00 DEBUG 2928 --- [ComputingNode] [http-nio-8082-exec-6] r.v.C.services.ClassLoaderService        : Файл в jar, ru/vaschenko/TaskCoordinator/computation/DefaultSolver.class
2025-03-31T22:21:22.282+04:00 DEBUG 2928 --- [ComputingNode] [http-nio-8082-exec-6] r.v.C.services.ClassLoaderService        : Новое имя, ru.vaschenko.TaskCoordinator.computation.DefaultSolver
2025-03-31T22:21:22.370+04:00  INFO 2928 --- [ComputingNode] [http-nio-8082-exec-6] r.v.C.services.ClassLoaderService        : Класс ru.vaschenko.TaskCoordinator.computation.DefaultSolver загружен
2025-03-31T22:21:22.742+04:00 DEBUG 2928 --- [ComputingNode] [http-nio-8082-exec-6] r.v.C.services.ClassLoaderService        : Файл в jar, ru/vaschenko/TaskCoordinator/dto/SubTask.class
2025-03-31T22:21:22.755+04:00 DEBUG 2928 --- [ComputingNode] [http-nio-8082-exec-6] r.v.C.services.ClassLoaderService        : Новое имя, ru.vaschenko.TaskCoordinator.dto.SubTask
2025-03-31T22:21:22.973+04:00  INFO 2928 --- [ComputingNode] [http-nio-8082-exec-6] r.v.C.services.ClassLoaderService        : Класс ru.vaschenko.TaskCoordinator.dto.SubTask загружен
2025-03-31T22:21:23.018+04:00 DEBUG 2928 --- [ComputingNode] [http-nio-8082-exec-6] r.v.C.services.ClassLoaderService        : Файл в jar, ru/vaschenko/TaskCoordinator/dto/ResultLatinSquare.class
2025-03-31T22:21:23.029+04:00 DEBUG 2928 --- [ComputingNode] [http-nio-8082-exec-6] r.v.C.services.ClassLoaderService        : Новое имя, ru.vaschenko.TaskCoordinator.dto.ResultLatinSquare
2025-03-31T22:21:23.059+04:00  INFO 2928 --- [ComputingNode] [http-nio-8082-exec-6] r.v.C.services.ClassLoaderService        : Класс ru.vaschenko.TaskCoordinator.dto.ResultLatinSquare загружен
2025-03-31T22:21:23.081+04:00 DEBUG 2928 --- [ComputingNode] [http-nio-8082-exec-6] r.v.C.services.ClassLoaderService        : Запуск findAndInvokeSinglePublicMethod с componentType: GENERATOR
2025-03-31T22:21:23.089+04:00 DEBUG 2928 --- [ComputingNode] [http-nio-8082-exec-6] r.v.C.services.ClassLoaderService        : Загруженные классы: [ru.vaschenko.TaskCoordinator.computation.DefaultGenerator, ru.vaschenko.TaskCoordinator.computation.DefaultSolver, ru.vaschenko.TaskCoordinator.dto.SubTask, ru.vaschenko.TaskCoordinator.dto.ResultLatinSquare]
2025-03-31T22:21:23.089+04:00 DEBUG 2928 --- [ComputingNode] [http-nio-8082-exec-6] r.v.C.services.ClassLoaderService        : Параметры перед конвертацией: {subTask={treeLevel=1, number=0, matrix=[[A, null, null, null], [null, A, null, C], [C, null, A, null], [null, C, null, A]], alphabet=[A, B, C, D]}}
2025-03-31T22:21:23.147+04:00 DEBUG 2928 --- [ComputingNode] [http-nio-8082-exec-6] r.v.C.services.ClassLoaderService        : Найден целевой класс: ru.vaschenko.TaskCoordinator.computation.DefaultGenerator
2025-03-31T22:21:23.272+04:00 DEBUG 2928 --- [ComputingNode] [http-nio-8082-exec-6] r.v.C.services.ClassLoaderService        : Вызываем метод generate из класса DefaultGenerator
2025-03-31T22:21:23.357+04:00 DEBUG 2928 --- [ComputingNode] [http-nio-8082-exec-6] r.v.C.services.ClassLoaderService        : Конвертация параметра 'subTask' из типа LinkedHashMap в SubTask
2025-03-31T22:21:23.742+04:00 DEBUG 2928 --- [ComputingNode] [http-nio-8082-exec-6] r.v.C.services.ClassLoaderService        : Создан экземпляр класса ru.vaschenko.TaskCoordinator.computation.DefaultGenerator
2025-03-31T22:21:23.823+04:00 DEBUG 2928 --- [ComputingNode] [http-nio-8082-exec-6] r.v.C.services.ClassLoaderService        : Типы параметров метода: [ru.vaschenko.TaskCoordinator.dto.SubTask subTask]
2025-03-31T22:21:24.356+04:00 DEBUG 2928 --- [ComputingNode] [http-nio-8082-exec-6] r.v.C.services.ClassLoaderService        : Переданные параметры: [SubTask[treeLevel=1, number=0, matrix=[[A, null, null, null], [null, A, null, C], [C, null, A, null], [null, C, null, A]], alphabet=[A, B, C, D]]]
2025-03-31T22:21:24.507+04:00 DEBUG 2928 --- [ComputingNode] [http-nio-8082-exec-6] r.v.C.services.ClassLoaderService        : Тип параметра 0: class ru.vaschenko.TaskCoordinator.dto.SubTask, значение: SubTask[treeLevel=1, number=0, matrix=[[A, null, null, null], [null, A, null, C], [C, null, A, null], [null, C, null, A]], alphabet=[A, B, C, D]]
2025-03-31T22:21:27.419+04:00 DEBUG 2928 --- [ComputingNode] [http-nio-8082-exec-6] r.v.C.services.ComputingService          : Востановленная подзадача {re=[]}
2025-03-31T22:21:29.557+04:00  INFO 2928 --- [ComputingNode] [http-nio-8082-exec-8] r.v.C.services.JarStorageService         : JAR-файл сохранен: target\jars\task-e85f58ba-9fab-4485-a4ed-43309dfc1306.jar
2025-03-31T22:21:29.598+04:00 DEBUG 2928 --- [ComputingNode] [http-nio-8082-exec-8] r.v.C.services.ClassLoaderService        : Файл в jar, ru/vaschenko/TaskCoordinator/computation/DefaultGenerator.class
2025-03-31T22:21:29.598+04:00 DEBUG 2928 --- [ComputingNode] [http-nio-8082-exec-8] r.v.C.services.ClassLoaderService        : Новое имя, ru.vaschenko.TaskCoordinator.computation.DefaultGenerator
2025-03-31T22:21:29.815+04:00  INFO 2928 --- [ComputingNode] [http-nio-8082-exec-8] r.v.C.services.ClassLoaderService        : Класс ru.vaschenko.TaskCoordinator.computation.DefaultGenerator загружен
2025-03-31T22:21:29.822+04:00 DEBUG 2928 --- [ComputingNode] [http-nio-8082-exec-8] r.v.C.services.ClassLoaderService        : Файл в jar, ru/vaschenko/TaskCoordinator/computation/DefaultSolver.class
2025-03-31T22:21:29.823+04:00 DEBUG 2928 --- [ComputingNode] [http-nio-8082-exec-8] r.v.C.services.ClassLoaderService        : Новое имя, ru.vaschenko.TaskCoordinator.computation.DefaultSolver
2025-03-31T22:21:29.839+04:00  INFO 2928 --- [ComputingNode] [http-nio-8082-exec-8] r.v.C.services.ClassLoaderService        : Класс ru.vaschenko.TaskCoordinator.computation.DefaultSolver загружен
2025-03-31T22:21:29.853+04:00 DEBUG 2928 --- [ComputingNode] [http-nio-8082-exec-8] r.v.C.services.ClassLoaderService        : Файл в jar, ru/vaschenko/TaskCoordinator/dto/SubTask.class
2025-03-31T22:21:29.853+04:00 DEBUG 2928 --- [ComputingNode] [http-nio-8082-exec-8] r.v.C.services.ClassLoaderService        : Новое имя, ru.vaschenko.TaskCoordinator.dto.SubTask
2025-03-31T22:21:29.895+04:00  INFO 2928 --- [ComputingNode] [http-nio-8082-exec-8] r.v.C.services.ClassLoaderService        : Класс ru.vaschenko.TaskCoordinator.dto.SubTask загружен
2025-03-31T22:21:29.910+04:00 DEBUG 2928 --- [ComputingNode] [http-nio-8082-exec-8] r.v.C.services.ClassLoaderService        : Файл в jar, ru/vaschenko/TaskCoordinator/dto/ResultLatinSquare.class
2025-03-31T22:21:29.910+04:00 DEBUG 2928 --- [ComputingNode] [http-nio-8082-exec-8] r.v.C.services.ClassLoaderService        : Новое имя, ru.vaschenko.TaskCoordinator.dto.ResultLatinSquare
2025-03-31T22:21:29.926+04:00  INFO 2928 --- [ComputingNode] [http-nio-8082-exec-8] r.v.C.services.ClassLoaderService        : Класс ru.vaschenko.TaskCoordinator.dto.ResultLatinSquare загружен
2025-03-31T22:21:29.926+04:00 DEBUG 2928 --- [ComputingNode] [http-nio-8082-exec-8] r.v.C.services.ClassLoaderService        : Запуск findAndInvokeSinglePublicMethod с componentType: GENERATOR
2025-03-31T22:21:29.926+04:00 DEBUG 2928 --- [ComputingNode] [http-nio-8082-exec-8] r.v.C.services.ClassLoaderService        : Загруженные классы: [ru.vaschenko.TaskCoordinator.computation.DefaultGenerator, ru.vaschenko.TaskCoordinator.computation.DefaultSolver, ru.vaschenko.TaskCoordinator.dto.SubTask, ru.vaschenko.TaskCoordinator.dto.ResultLatinSquare]
2025-03-31T22:21:29.943+04:00 DEBUG 2928 --- [ComputingNode] [http-nio-8082-exec-8] r.v.C.services.ClassLoaderService        : Параметры перед конвертацией: {subTask={treeLevel=1, number=2, matrix=[[A, null, null, null], [null, A, null, C], [C, null, A, null], [null, C, null, A]], alphabet=[A, B, C, D]}}
2025-03-31T22:21:29.948+04:00 DEBUG 2928 --- [ComputingNode] [http-nio-8082-exec-8] r.v.C.services.ClassLoaderService        : Найден целевой класс: ru.vaschenko.TaskCoordinator.computation.DefaultGenerator
2025-03-31T22:21:29.963+04:00 DEBUG 2928 --- [ComputingNode] [http-nio-8082-exec-8] r.v.C.services.ClassLoaderService        : Вызываем метод generate из класса DefaultGenerator
2025-03-31T22:21:30.020+04:00 DEBUG 2928 --- [ComputingNode] [http-nio-8082-exec-8] r.v.C.services.ClassLoaderService        : Конвертация параметра 'subTask' из типа LinkedHashMap в SubTask
2025-03-31T22:21:30.132+04:00 DEBUG 2928 --- [ComputingNode] [http-nio-8082-exec-8] r.v.C.services.ClassLoaderService        : Создан экземпляр класса ru.vaschenko.TaskCoordinator.computation.DefaultGenerator
2025-03-31T22:21:30.132+04:00 DEBUG 2928 --- [ComputingNode] [http-nio-8082-exec-8] r.v.C.services.ClassLoaderService        : Типы параметров метода: [ru.vaschenko.TaskCoordinator.dto.SubTask subTask]
2025-03-31T22:21:30.187+04:00 DEBUG 2928 --- [ComputingNode] [http-nio-8082-exec-8] r.v.C.services.ClassLoaderService        : Переданные параметры: [SubTask[treeLevel=1, number=2, matrix=[[A, null, null, null], [null, A, null, C], [C, null, A, null], [null, C, null, A]], alphabet=[A, B, C, D]]]
2025-03-31T22:21:30.193+04:00 DEBUG 2928 --- [ComputingNode] [http-nio-8082-exec-8] r.v.C.services.ClassLoaderService        : Тип параметра 0: class ru.vaschenko.TaskCoordinator.dto.SubTask, значение: SubTask[treeLevel=1, number=2, matrix=[[A, null, null, null], [null, A, null, C], [C, null, A, null], [null, C, null, A]], alphabet=[A, B, C, D]]
2025-03-31T22:21:33.272+04:00 DEBUG 2928 --- [ComputingNode] [http-nio-8082-exec-8] r.v.C.services.ComputingService          : Востановленная подзадача {re=[]}
2025-03-31T22:21:33.703+04:00  INFO 2928 --- [ComputingNode] [http-nio-8082-exec-9] r.v.C.services.JarStorageService         : JAR-файл сохранен: target\jars\task-a4b70f0c-ed26-4268-8f88-aeb06d3de3b0.jar
2025-03-31T22:21:33.715+04:00 DEBUG 2928 --- [ComputingNode] [http-nio-8082-exec-9] r.v.C.services.ClassLoaderService        : Файл в jar, ru/vaschenko/TaskCoordinator/computation/DefaultGenerator.class
2025-03-31T22:21:33.715+04:00 DEBUG 2928 --- [ComputingNode] [http-nio-8082-exec-9] r.v.C.services.ClassLoaderService        : Новое имя, ru.vaschenko.TaskCoordinator.computation.DefaultGenerator
2025-03-31T22:21:33.795+04:00  INFO 2928 --- [ComputingNode] [http-nio-8082-exec-9] r.v.C.services.ClassLoaderService        : Класс ru.vaschenko.TaskCoordinator.computation.DefaultGenerator загружен
2025-03-31T22:21:33.796+04:00 DEBUG 2928 --- [ComputingNode] [http-nio-8082-exec-9] r.v.C.services.ClassLoaderService        : Файл в jar, ru/vaschenko/TaskCoordinator/computation/DefaultSolver.class
2025-03-31T22:21:33.796+04:00 DEBUG 2928 --- [ComputingNode] [http-nio-8082-exec-9] r.v.C.services.ClassLoaderService        : Новое имя, ru.vaschenko.TaskCoordinator.computation.DefaultSolver
2025-03-31T22:21:33.810+04:00  INFO 2928 --- [ComputingNode] [http-nio-8082-exec-9] r.v.C.services.ClassLoaderService        : Класс ru.vaschenko.TaskCoordinator.computation.DefaultSolver загружен
2025-03-31T22:21:33.810+04:00 DEBUG 2928 --- [ComputingNode] [http-nio-8082-exec-9] r.v.C.services.ClassLoaderService        : Файл в jar, ru/vaschenko/TaskCoordinator/dto/SubTask.class
2025-03-31T22:21:33.810+04:00 DEBUG 2928 --- [ComputingNode] [http-nio-8082-exec-9] r.v.C.services.ClassLoaderService        : Новое имя, ru.vaschenko.TaskCoordinator.dto.SubTask
2025-03-31T22:21:33.827+04:00  INFO 2928 --- [ComputingNode] [http-nio-8082-exec-9] r.v.C.services.ClassLoaderService        : Класс ru.vaschenko.TaskCoordinator.dto.SubTask загружен
2025-03-31T22:21:33.831+04:00 DEBUG 2928 --- [ComputingNode] [http-nio-8082-exec-9] r.v.C.services.ClassLoaderService        : Файл в jar, ru/vaschenko/TaskCoordinator/dto/ResultLatinSquare.class
2025-03-31T22:21:33.831+04:00 DEBUG 2928 --- [ComputingNode] [http-nio-8082-exec-9] r.v.C.services.ClassLoaderService        : Новое имя, ru.vaschenko.TaskCoordinator.dto.ResultLatinSquare
2025-03-31T22:21:33.847+04:00  INFO 2928 --- [ComputingNode] [http-nio-8082-exec-9] r.v.C.services.ClassLoaderService        : Класс ru.vaschenko.TaskCoordinator.dto.ResultLatinSquare загружен
2025-03-31T22:21:33.847+04:00 DEBUG 2928 --- [ComputingNode] [http-nio-8082-exec-9] r.v.C.services.ClassLoaderService        : Запуск findAndInvokeSinglePublicMethod с componentType: GENERATOR
2025-03-31T22:21:33.847+04:00 DEBUG 2928 --- [ComputingNode] [http-nio-8082-exec-9] r.v.C.services.ClassLoaderService        : Загруженные классы: [ru.vaschenko.TaskCoordinator.computation.DefaultGenerator, ru.vaschenko.TaskCoordinator.computation.DefaultSolver, ru.vaschenko.TaskCoordinator.dto.SubTask, ru.vaschenko.TaskCoordinator.dto.ResultLatinSquare]
2025-03-31T22:21:33.847+04:00 DEBUG 2928 --- [ComputingNode] [http-nio-8082-exec-9] r.v.C.services.ClassLoaderService        : Параметры перед конвертацией: {subTask={treeLevel=1, number=4, matrix=[[A, null, null, null], [null, A, null, C], [C, null, A, null], [null, C, null, A]], alphabet=[A, B, C, D]}}
2025-03-31T22:21:33.865+04:00 DEBUG 2928 --- [ComputingNode] [http-nio-8082-exec-9] r.v.C.services.ClassLoaderService        : Найден целевой класс: ru.vaschenko.TaskCoordinator.computation.DefaultGenerator
2025-03-31T22:21:33.872+04:00 DEBUG 2928 --- [ComputingNode] [http-nio-8082-exec-9] r.v.C.services.ClassLoaderService        : Вызываем метод generate из класса DefaultGenerator
2025-03-31T22:21:33.882+04:00 DEBUG 2928 --- [ComputingNode] [http-nio-8082-exec-9] r.v.C.services.ClassLoaderService        : Конвертация параметра 'subTask' из типа LinkedHashMap в SubTask
2025-03-31T22:21:33.935+04:00 DEBUG 2928 --- [ComputingNode] [http-nio-8082-exec-9] r.v.C.services.ClassLoaderService        : Создан экземпляр класса ru.vaschenko.TaskCoordinator.computation.DefaultGenerator
2025-03-31T22:21:33.935+04:00 DEBUG 2928 --- [ComputingNode] [http-nio-8082-exec-9] r.v.C.services.ClassLoaderService        : Типы параметров метода: [ru.vaschenko.TaskCoordinator.dto.SubTask subTask]
2025-03-31T22:21:33.998+04:00 DEBUG 2928 --- [ComputingNode] [http-nio-8082-exec-9] r.v.C.services.ClassLoaderService        : Переданные параметры: [SubTask[treeLevel=1, number=4, matrix=[[A, null, null, null], [null, A, null, C], [C, null, A, null], [null, C, null, A]], alphabet=[A, B, C, D]]]
2025-03-31T22:21:33.998+04:00 DEBUG 2928 --- [ComputingNode] [http-nio-8082-exec-9] r.v.C.services.ClassLoaderService        : Тип параметра 0: class ru.vaschenko.TaskCoordinator.dto.SubTask, значение: SubTask[treeLevel=1, number=4, matrix=[[A, null, null, null], [null, A, null, C], [C, null, A, null], [null, C, null, A]], alphabet=[A, B, C, D]]
2025-03-31T22:21:37.164+04:00 DEBUG 2928 --- [ComputingNode] [http-nio-8082-exec-9] r.v.C.services.ComputingService          : Востановленная подзадача {re=[]}
2025-03-31T22:24:01.081+04:00  INFO 2928 --- [ComputingNode] [http-nio-8082-exec-3] r.v.C.services.NodeRegisterService       : Запрос на регистрацию
2025-03-31T22:24:09.886+04:00  INFO 2928 --- [ComputingNode] [http-nio-8082-exec-5] r.v.C.services.JarStorageService         : JAR-файл сохранен: target\jars\task-ed971a1d-19e3-4841-b3cc-a31d41f1cd77.jar
2025-03-31T22:24:09.886+04:00 DEBUG 2928 --- [ComputingNode] [http-nio-8082-exec-5] r.v.C.services.ClassLoaderService        : Файл в jar, ru/vaschenko/TaskCoordinator/computation/DefaultGenerator.class
2025-03-31T22:24:09.886+04:00 DEBUG 2928 --- [ComputingNode] [http-nio-8082-exec-5] r.v.C.services.ClassLoaderService        : Новое имя, ru.vaschenko.TaskCoordinator.computation.DefaultGenerator
2025-03-31T22:24:09.895+04:00  INFO 2928 --- [ComputingNode] [http-nio-8082-exec-5] r.v.C.services.ClassLoaderService        : Класс ru.vaschenko.TaskCoordinator.computation.DefaultGenerator загружен
2025-03-31T22:24:09.895+04:00 DEBUG 2928 --- [ComputingNode] [http-nio-8082-exec-5] r.v.C.services.ClassLoaderService        : Файл в jar, ru/vaschenko/TaskCoordinator/computation/DefaultSolver.class
2025-03-31T22:24:09.900+04:00 DEBUG 2928 --- [ComputingNode] [http-nio-8082-exec-5] r.v.C.services.ClassLoaderService        : Новое имя, ru.vaschenko.TaskCoordinator.computation.DefaultSolver
2025-03-31T22:24:09.901+04:00  INFO 2928 --- [ComputingNode] [http-nio-8082-exec-5] r.v.C.services.ClassLoaderService        : Класс ru.vaschenko.TaskCoordinator.computation.DefaultSolver загружен
2025-03-31T22:24:09.901+04:00 DEBUG 2928 --- [ComputingNode] [http-nio-8082-exec-5] r.v.C.services.ClassLoaderService        : Файл в jar, ru/vaschenko/TaskCoordinator/dto/SubTask.class
2025-03-31T22:24:09.901+04:00 DEBUG 2928 --- [ComputingNode] [http-nio-8082-exec-5] r.v.C.services.ClassLoaderService        : Новое имя, ru.vaschenko.TaskCoordinator.dto.SubTask
2025-03-31T22:24:09.901+04:00  INFO 2928 --- [ComputingNode] [http-nio-8082-exec-5] r.v.C.services.ClassLoaderService        : Класс ru.vaschenko.TaskCoordinator.dto.SubTask загружен
2025-03-31T22:24:09.901+04:00 DEBUG 2928 --- [ComputingNode] [http-nio-8082-exec-5] r.v.C.services.ClassLoaderService        : Файл в jar, ru/vaschenko/TaskCoordinator/dto/ResultLatinSquare.class
2025-03-31T22:24:09.901+04:00 DEBUG 2928 --- [ComputingNode] [http-nio-8082-exec-5] r.v.C.services.ClassLoaderService        : Новое имя, ru.vaschenko.TaskCoordinator.dto.ResultLatinSquare
2025-03-31T22:24:09.909+04:00  INFO 2928 --- [ComputingNode] [http-nio-8082-exec-5] r.v.C.services.ClassLoaderService        : Класс ru.vaschenko.TaskCoordinator.dto.ResultLatinSquare загружен
2025-03-31T22:24:09.912+04:00 DEBUG 2928 --- [ComputingNode] [http-nio-8082-exec-5] r.v.C.services.ClassLoaderService        : Запуск findAndInvokeSinglePublicMethod с componentType: GENERATOR
2025-03-31T22:24:09.913+04:00 DEBUG 2928 --- [ComputingNode] [http-nio-8082-exec-5] r.v.C.services.ClassLoaderService        : Загруженные классы: [ru.vaschenko.TaskCoordinator.computation.DefaultGenerator, ru.vaschenko.TaskCoordinator.computation.DefaultSolver, ru.vaschenko.TaskCoordinator.dto.SubTask, ru.vaschenko.TaskCoordinator.dto.ResultLatinSquare]
2025-03-31T22:24:09.916+04:00 DEBUG 2928 --- [ComputingNode] [http-nio-8082-exec-5] r.v.C.services.ClassLoaderService        : Параметры перед конвертацией: {subTask={treeLevel=1, number=0, matrix=[[A, null, null, null], [null, A, null, C], [C, null, A, null], [null, C, null, A]], alphabet=[A, B, C, D]}}
2025-03-31T22:24:09.919+04:00 DEBUG 2928 --- [ComputingNode] [http-nio-8082-exec-5] r.v.C.services.ClassLoaderService        : Найден целевой класс: ru.vaschenko.TaskCoordinator.computation.DefaultGenerator
2025-03-31T22:24:09.919+04:00 DEBUG 2928 --- [ComputingNode] [http-nio-8082-exec-5] r.v.C.services.ClassLoaderService        : Вызываем метод generate из класса DefaultGenerator
2025-03-31T22:24:09.919+04:00 DEBUG 2928 --- [ComputingNode] [http-nio-8082-exec-5] r.v.C.services.ClassLoaderService        : Конвертация параметра 'subTask' из типа LinkedHashMap в SubTask
2025-03-31T22:24:09.931+04:00 DEBUG 2928 --- [ComputingNode] [http-nio-8082-exec-5] r.v.C.services.ClassLoaderService        : Создан экземпляр класса ru.vaschenko.TaskCoordinator.computation.DefaultGenerator
2025-03-31T22:24:09.931+04:00 DEBUG 2928 --- [ComputingNode] [http-nio-8082-exec-5] r.v.C.services.ClassLoaderService        : Типы параметров метода: [ru.vaschenko.TaskCoordinator.dto.SubTask subTask]
2025-03-31T22:24:09.936+04:00 DEBUG 2928 --- [ComputingNode] [http-nio-8082-exec-5] r.v.C.services.ClassLoaderService        : Переданные параметры: [SubTask[treeLevel=1, number=0, matrix=[[A, null, null, null], [null, A, null, C], [C, null, A, null], [null, C, null, A]], alphabet=[A, B, C, D]]]
2025-03-31T22:24:09.937+04:00 DEBUG 2928 --- [ComputingNode] [http-nio-8082-exec-5] r.v.C.services.ClassLoaderService        : Тип параметра 0: class ru.vaschenko.TaskCoordinator.dto.SubTask, значение: SubTask[treeLevel=1, number=0, matrix=[[A, null, null, null], [null, A, null, C], [C, null, A, null], [null, C, null, A]], alphabet=[A, B, C, D]]
2025-03-31T22:24:10.276+04:00 DEBUG 2928 --- [ComputingNode] [http-nio-8082-exec-5] r.v.C.services.ComputingService          : Востановленная подзадача {re=[]}
2025-03-31T22:24:10.967+04:00  INFO 2928 --- [ComputingNode] [http-nio-8082-exec-7] r.v.C.services.JarStorageService         : JAR-файл сохранен: target\jars\task-a4d385d9-4542-47e4-bac1-1b8da7b0b2e6.jar
2025-03-31T22:24:10.970+04:00 DEBUG 2928 --- [ComputingNode] [http-nio-8082-exec-7] r.v.C.services.ClassLoaderService        : Файл в jar, ru/vaschenko/TaskCoordinator/computation/DefaultGenerator.class
2025-03-31T22:24:10.970+04:00 DEBUG 2928 --- [ComputingNode] [http-nio-8082-exec-7] r.v.C.services.ClassLoaderService        : Новое имя, ru.vaschenko.TaskCoordinator.computation.DefaultGenerator
2025-03-31T22:24:10.975+04:00  INFO 2928 --- [ComputingNode] [http-nio-8082-exec-7] r.v.C.services.ClassLoaderService        : Класс ru.vaschenko.TaskCoordinator.computation.DefaultGenerator загружен
2025-03-31T22:24:10.976+04:00 DEBUG 2928 --- [ComputingNode] [http-nio-8082-exec-7] r.v.C.services.ClassLoaderService        : Файл в jar, ru/vaschenko/TaskCoordinator/computation/DefaultSolver.class
2025-03-31T22:24:10.976+04:00 DEBUG 2928 --- [ComputingNode] [http-nio-8082-exec-7] r.v.C.services.ClassLoaderService        : Новое имя, ru.vaschenko.TaskCoordinator.computation.DefaultSolver
2025-03-31T22:24:10.976+04:00  INFO 2928 --- [ComputingNode] [http-nio-8082-exec-7] r.v.C.services.ClassLoaderService        : Класс ru.vaschenko.TaskCoordinator.computation.DefaultSolver загружен
2025-03-31T22:24:10.976+04:00 DEBUG 2928 --- [ComputingNode] [http-nio-8082-exec-7] r.v.C.services.ClassLoaderService        : Файл в jar, ru/vaschenko/TaskCoordinator/dto/SubTask.class
2025-03-31T22:24:10.976+04:00 DEBUG 2928 --- [ComputingNode] [http-nio-8082-exec-7] r.v.C.services.ClassLoaderService        : Новое имя, ru.vaschenko.TaskCoordinator.dto.SubTask
2025-03-31T22:24:10.976+04:00  INFO 2928 --- [ComputingNode] [http-nio-8082-exec-7] r.v.C.services.ClassLoaderService        : Класс ru.vaschenko.TaskCoordinator.dto.SubTask загружен
2025-03-31T22:24:10.976+04:00 DEBUG 2928 --- [ComputingNode] [http-nio-8082-exec-7] r.v.C.services.ClassLoaderService        : Файл в jar, ru/vaschenko/TaskCoordinator/dto/ResultLatinSquare.class
2025-03-31T22:24:10.976+04:00 DEBUG 2928 --- [ComputingNode] [http-nio-8082-exec-7] r.v.C.services.ClassLoaderService        : Новое имя, ru.vaschenko.TaskCoordinator.dto.ResultLatinSquare
2025-03-31T22:24:10.976+04:00  INFO 2928 --- [ComputingNode] [http-nio-8082-exec-7] r.v.C.services.ClassLoaderService        : Класс ru.vaschenko.TaskCoordinator.dto.ResultLatinSquare загружен
2025-03-31T22:24:10.976+04:00 DEBUG 2928 --- [ComputingNode] [http-nio-8082-exec-7] r.v.C.services.ClassLoaderService        : Запуск findAndInvokeSinglePublicMethod с componentType: GENERATOR
2025-03-31T22:24:10.976+04:00 DEBUG 2928 --- [ComputingNode] [http-nio-8082-exec-7] r.v.C.services.ClassLoaderService        : Загруженные классы: [ru.vaschenko.TaskCoordinator.computation.DefaultGenerator, ru.vaschenko.TaskCoordinator.computation.DefaultSolver, ru.vaschenko.TaskCoordinator.dto.SubTask, ru.vaschenko.TaskCoordinator.dto.ResultLatinSquare]
2025-03-31T22:24:10.976+04:00 DEBUG 2928 --- [ComputingNode] [http-nio-8082-exec-7] r.v.C.services.ClassLoaderService        : Параметры перед конвертацией: {subTask={treeLevel=1, number=2, matrix=[[A, null, null, null], [null, A, null, C], [C, null, A, null], [null, C, null, A]], alphabet=[A, B, C, D]}}
2025-03-31T22:24:10.976+04:00 DEBUG 2928 --- [ComputingNode] [http-nio-8082-exec-7] r.v.C.services.ClassLoaderService        : Найден целевой класс: ru.vaschenko.TaskCoordinator.computation.DefaultGenerator
2025-03-31T22:24:10.976+04:00 DEBUG 2928 --- [ComputingNode] [http-nio-8082-exec-7] r.v.C.services.ClassLoaderService        : Вызываем метод generate из класса DefaultGenerator
2025-03-31T22:24:10.976+04:00 DEBUG 2928 --- [ComputingNode] [http-nio-8082-exec-7] r.v.C.services.ClassLoaderService        : Конвертация параметра 'subTask' из типа LinkedHashMap в SubTask
2025-03-31T22:24:10.976+04:00 DEBUG 2928 --- [ComputingNode] [http-nio-8082-exec-7] r.v.C.services.ClassLoaderService        : Создан экземпляр класса ru.vaschenko.TaskCoordinator.computation.DefaultGenerator
2025-03-31T22:24:10.976+04:00 DEBUG 2928 --- [ComputingNode] [http-nio-8082-exec-7] r.v.C.services.ClassLoaderService        : Типы параметров метода: [ru.vaschenko.TaskCoordinator.dto.SubTask subTask]
2025-03-31T22:24:10.992+04:00 DEBUG 2928 --- [ComputingNode] [http-nio-8082-exec-7] r.v.C.services.ClassLoaderService        : Переданные параметры: [SubTask[treeLevel=1, number=2, matrix=[[A, null, null, null], [null, A, null, C], [C, null, A, null], [null, C, null, A]], alphabet=[A, B, C, D]]]
2025-03-31T22:24:10.993+04:00 DEBUG 2928 --- [ComputingNode] [http-nio-8082-exec-7] r.v.C.services.ClassLoaderService        : Тип параметра 0: class ru.vaschenko.TaskCoordinator.dto.SubTask, значение: SubTask[treeLevel=1, number=2, matrix=[[A, null, null, null], [null, A, null, C], [C, null, A, null], [null, C, null, A]], alphabet=[A, B, C, D]]
2025-03-31T22:24:11.277+04:00 DEBUG 2928 --- [ComputingNode] [http-nio-8082-exec-7] r.v.C.services.ComputingService          : Востановленная подзадача {re=[]}
2025-03-31T22:24:12.071+04:00  INFO 2928 --- [ComputingNode] [http-nio-8082-exec-6] r.v.C.services.JarStorageService         : JAR-файл сохранен: target\jars\task-f790ad6c-b277-4c01-9620-1fc0d0ca8126.jar
2025-03-31T22:24:12.076+04:00 DEBUG 2928 --- [ComputingNode] [http-nio-8082-exec-6] r.v.C.services.ClassLoaderService        : Файл в jar, ru/vaschenko/TaskCoordinator/computation/DefaultGenerator.class
2025-03-31T22:24:12.076+04:00 DEBUG 2928 --- [ComputingNode] [http-nio-8082-exec-6] r.v.C.services.ClassLoaderService        : Новое имя, ru.vaschenko.TaskCoordinator.computation.DefaultGenerator
2025-03-31T22:24:12.077+04:00  INFO 2928 --- [ComputingNode] [http-nio-8082-exec-6] r.v.C.services.ClassLoaderService        : Класс ru.vaschenko.TaskCoordinator.computation.DefaultGenerator загружен
2025-03-31T22:24:12.077+04:00 DEBUG 2928 --- [ComputingNode] [http-nio-8082-exec-6] r.v.C.services.ClassLoaderService        : Файл в jar, ru/vaschenko/TaskCoordinator/computation/DefaultSolver.class
2025-03-31T22:24:12.081+04:00 DEBUG 2928 --- [ComputingNode] [http-nio-8082-exec-6] r.v.C.services.ClassLoaderService        : Новое имя, ru.vaschenko.TaskCoordinator.computation.DefaultSolver
2025-03-31T22:24:12.081+04:00  INFO 2928 --- [ComputingNode] [http-nio-8082-exec-6] r.v.C.services.ClassLoaderService        : Класс ru.vaschenko.TaskCoordinator.computation.DefaultSolver загружен
2025-03-31T22:24:12.081+04:00 DEBUG 2928 --- [ComputingNode] [http-nio-8082-exec-6] r.v.C.services.ClassLoaderService        : Файл в jar, ru/vaschenko/TaskCoordinator/dto/SubTask.class
2025-03-31T22:24:12.081+04:00 DEBUG 2928 --- [ComputingNode] [http-nio-8082-exec-6] r.v.C.services.ClassLoaderService        : Новое имя, ru.vaschenko.TaskCoordinator.dto.SubTask
2025-03-31T22:24:12.081+04:00  INFO 2928 --- [ComputingNode] [http-nio-8082-exec-6] r.v.C.services.ClassLoaderService        : Класс ru.vaschenko.TaskCoordinator.dto.SubTask загружен
2025-03-31T22:24:12.081+04:00 DEBUG 2928 --- [ComputingNode] [http-nio-8082-exec-6] r.v.C.services.ClassLoaderService        : Файл в jar, ru/vaschenko/TaskCoordinator/dto/ResultLatinSquare.class
2025-03-31T22:24:12.081+04:00 DEBUG 2928 --- [ComputingNode] [http-nio-8082-exec-6] r.v.C.services.ClassLoaderService        : Новое имя, ru.vaschenko.TaskCoordinator.dto.ResultLatinSquare
2025-03-31T22:24:12.081+04:00  INFO 2928 --- [ComputingNode] [http-nio-8082-exec-6] r.v.C.services.ClassLoaderService        : Класс ru.vaschenko.TaskCoordinator.dto.ResultLatinSquare загружен
2025-03-31T22:24:12.085+04:00 DEBUG 2928 --- [ComputingNode] [http-nio-8082-exec-6] r.v.C.services.ClassLoaderService        : Запуск findAndInvokeSinglePublicMethod с componentType: GENERATOR
2025-03-31T22:24:12.085+04:00 DEBUG 2928 --- [ComputingNode] [http-nio-8082-exec-6] r.v.C.services.ClassLoaderService        : Загруженные классы: [ru.vaschenko.TaskCoordinator.computation.DefaultGenerator, ru.vaschenko.TaskCoordinator.computation.DefaultSolver, ru.vaschenko.TaskCoordinator.dto.SubTask, ru.vaschenko.TaskCoordinator.dto.ResultLatinSquare]
2025-03-31T22:24:12.085+04:00 DEBUG 2928 --- [ComputingNode] [http-nio-8082-exec-6] r.v.C.services.ClassLoaderService        : Параметры перед конвертацией: {subTask={treeLevel=1, number=4, matrix=[[A, null, null, null], [null, A, null, C], [C, null, A, null], [null, C, null, A]], alphabet=[A, B, C, D]}}
2025-03-31T22:24:12.085+04:00 DEBUG 2928 --- [ComputingNode] [http-nio-8082-exec-6] r.v.C.services.ClassLoaderService        : Найден целевой класс: ru.vaschenko.TaskCoordinator.computation.DefaultGenerator
2025-03-31T22:24:12.085+04:00 DEBUG 2928 --- [ComputingNode] [http-nio-8082-exec-6] r.v.C.services.ClassLoaderService        : Вызываем метод generate из класса DefaultGenerator
2025-03-31T22:24:12.085+04:00 DEBUG 2928 --- [ComputingNode] [http-nio-8082-exec-6] r.v.C.services.ClassLoaderService        : Конвертация параметра 'subTask' из типа LinkedHashMap в SubTask
2025-03-31T22:24:12.092+04:00 DEBUG 2928 --- [ComputingNode] [http-nio-8082-exec-6] r.v.C.services.ClassLoaderService        : Создан экземпляр класса ru.vaschenko.TaskCoordinator.computation.DefaultGenerator
2025-03-31T22:24:12.092+04:00 DEBUG 2928 --- [ComputingNode] [http-nio-8082-exec-6] r.v.C.services.ClassLoaderService        : Типы параметров метода: [ru.vaschenko.TaskCoordinator.dto.SubTask subTask]
2025-03-31T22:24:12.093+04:00 DEBUG 2928 --- [ComputingNode] [http-nio-8082-exec-6] r.v.C.services.ClassLoaderService        : Переданные параметры: [SubTask[treeLevel=1, number=4, matrix=[[A, null, null, null], [null, A, null, C], [C, null, A, null], [null, C, null, A]], alphabet=[A, B, C, D]]]
2025-03-31T22:24:12.093+04:00 DEBUG 2928 --- [ComputingNode] [http-nio-8082-exec-6] r.v.C.services.ClassLoaderService        : Тип параметра 0: class ru.vaschenko.TaskCoordinator.dto.SubTask, значение: SubTask[treeLevel=1, number=4, matrix=[[A, null, null, null], [null, A, null, C], [C, null, A, null], [null, C, null, A]], alphabet=[A, B, C, D]]
2025-03-31T22:24:12.309+04:00 DEBUG 2928 --- [ComputingNode] [http-nio-8082-exec-6] r.v.C.services.ComputingService          : Востановленная подзадача {re=[]}
