2025-03-31T21:51:10.634+04:00  INFO 15956 --- [DistributionNode] [main] r.v.D.DistributionNodeApplication        : Starting DistributionNodeApplication using Java 22.0.2 with PID 15956 (C:\Users\Ann\Desktop\study\огв\grid framework\DistributionNode\target\classes started by Ann in C:\Users\Ann\Desktop\study\огв\grid framework\DistributionNode)
2025-03-31T21:51:11.683+04:00 DEBUG 15956 --- [DistributionNode] [main] r.v.D.DistributionNodeApplication        : Running with Spring Boot v3.3.5, Spring v6.1.14
2025-03-31T21:51:11.701+04:00  INFO 15956 --- [DistributionNode] [main] r.v.D.DistributionNodeApplication        : No active profile set, falling back to 1 default profile: "default"
2025-03-31T21:51:21.482+04:00  INFO 15956 --- [DistributionNode] [main] o.s.cloud.context.scope.GenericScope     : BeanFactory id=e3676b86-6d92-30e3-a069-3ba6beab8e7f
2025-03-31T21:51:36.212+04:00  INFO 15956 --- [DistributionNode] [main] o.s.b.w.embedded.tomcat.TomcatWebServer  : Tomcat initialized with port 8081 (http)
2025-03-31T21:51:37.121+04:00  INFO 15956 --- [DistributionNode] [main] o.apache.catalina.core.StandardService   : Starting service [Tomcat]
2025-03-31T21:51:37.121+04:00  INFO 15956 --- [DistributionNode] [main] o.apache.catalina.core.StandardEngine    : Starting Servlet engine: [Apache Tomcat/10.1.31]
2025-03-31T21:51:40.754+04:00  INFO 15956 --- [DistributionNode] [main] o.a.c.c.C.[Tomcat].[localhost].[/]       : Initializing Spring embedded WebApplicationContext
2025-03-31T21:51:40.812+04:00  INFO 15956 --- [DistributionNode] [main] w.s.c.ServletWebServerApplicationContext : Root WebApplicationContext: initialization completed in 27563 ms
2025-03-31T21:51:49.370+04:00  INFO 15956 --- [DistributionNode] [main] o.s.b.w.embedded.tomcat.TomcatWebServer  : Tomcat started on port 8081 (http) with context path '/'
2025-03-31T21:51:49.427+04:00  INFO 15956 --- [DistributionNode] [main] r.v.D.DistributionNodeApplication        : Started DistributionNodeApplication in 55.978 seconds (process running for 66.247)
2025-03-31T21:53:47.625+04:00  INFO 15956 --- [DistributionNode] [http-nio-8081-exec-1] o.a.c.c.C.[Tomcat].[localhost].[/]       : Initializing Spring DispatcherServlet 'dispatcherServlet'
2025-03-31T21:53:47.625+04:00  INFO 15956 --- [DistributionNode] [http-nio-8081-exec-1] o.s.web.servlet.DispatcherServlet        : Initializing Servlet 'dispatcherServlet'
2025-03-31T21:53:47.625+04:00  INFO 15956 --- [DistributionNode] [http-nio-8081-exec-1] o.s.web.servlet.DispatcherServlet        : Completed initialization in 0 ms
2025-03-31T21:53:49.302+04:00  INFO 15956 --- [DistributionNode] [http-nio-8081-exec-5] o.springdoc.api.AbstractOpenApiResource  : Init duration for springdoc-openapi is: 1241 ms
2025-03-31T21:54:33.615+04:00  INFO 15956 --- [DistributionNode] [http-nio-8081-exec-4] r.v.D.services.NodeRegisterService       : Запрос на регистрацию
2025-03-31T21:55:11.306+04:00  INFO 15956 --- [DistributionNode] [http-nio-8081-exec-1] r.v.D.services.JarStorageService         : JAR-файл сохранен: target\jars\task-2b1eb604-a489-445f-bb4e-2f064cdad23a.jar
2025-03-31T21:55:11.306+04:00  INFO 15956 --- [DistributionNode] [http-nio-8081-exec-1] r.v.D.services.ClassLoaderService        : Класс ru.vaschenko.TaskCoordinator.computation.DefaultDistributor загружен с ClassLoader: java.net.URLClassLoader@343a19da
2025-03-31T21:55:11.306+04:00  INFO 15956 --- [DistributionNode] [http-nio-8081-exec-1] r.v.D.services.ClassLoaderService        : Класс ru.vaschenko.TaskCoordinator.computation.DefaultCollector загружен с ClassLoader: java.net.URLClassLoader@343a19da
2025-03-31T21:55:11.322+04:00  INFO 15956 --- [DistributionNode] [http-nio-8081-exec-1] r.v.D.services.ClassLoaderService        : Класс ru.vaschenko.TaskCoordinator.dto.Task загружен с ClassLoader: java.net.URLClassLoader@343a19da
2025-03-31T21:55:11.322+04:00  INFO 15956 --- [DistributionNode] [http-nio-8081-exec-1] r.v.D.services.ClassLoaderService        : Класс ru.vaschenko.TaskCoordinator.dto.TaskRequest загружен с ClassLoader: java.net.URLClassLoader@343a19da
2025-03-31T21:55:11.322+04:00  INFO 15956 --- [DistributionNode] [http-nio-8081-exec-1] r.v.D.services.ClassLoaderService        : Класс ru.vaschenko.TaskCoordinator.dto.SubTask загружен с ClassLoader: java.net.URLClassLoader@343a19da
2025-03-31T21:55:11.322+04:00  INFO 15956 --- [DistributionNode] [http-nio-8081-exec-1] r.v.D.services.ClassLoaderService        : Класс ru.vaschenko.TaskCoordinator.dto.ResultLatinSquare загружен с ClassLoader: java.net.URLClassLoader@343a19da
2025-03-31T21:55:11.339+04:00 DEBUG 15956 --- [DistributionNode] [http-nio-8081-exec-1] r.v.D.services.ClassLoaderService        : Вызываем метод generationSubtasks из класса DefaultDistributor
2025-03-31T21:55:11.339+04:00 DEBUG 15956 --- [DistributionNode] [http-nio-8081-exec-1] r.v.D.services.ClassLoaderService        : Создан экземпляр класса ru.vaschenko.TaskCoordinator.computation.DefaultDistributor
2025-03-31T21:55:11.339+04:00 DEBUG 15956 --- [DistributionNode] [http-nio-8081-exec-1] r.v.D.services.ClassLoaderService        : Типы параметров метода: [ru.vaschenko.TaskCoordinator.dto.Task task]
2025-03-31T21:55:11.355+04:00 DEBUG 15956 --- [DistributionNode] [http-nio-8081-exec-1] r.v.D.services.ClassLoaderService        : Переданные параметры: [Task[alphabet=[A, B, C, D], matrix=[[A, null, null, null], [null, A, null, C], [C, null, A, null], [null, C, null, A]]]]
2025-03-31T21:55:11.448+04:00  INFO 15956 --- [DistributionNode] [http-nio-8081-exec-2] r.v.D.services.JarStorageService         : JAR-файл сохранен: target\jars\task-2de3f889-b157-4f6d-9167-2bd61f707547.jar
2025-03-31T21:55:11.448+04:00 DEBUG 15956 --- [DistributionNode] [http-nio-8081-exec-2] r.v.D.services.ClassLoaderService        : Вызываем метод generationSubtasks из класса DefaultDistributor
2025-03-31T21:55:11.448+04:00 DEBUG 15956 --- [DistributionNode] [http-nio-8081-exec-2] r.v.D.services.ClassLoaderService        : Создан экземпляр класса ru.vaschenko.TaskCoordinator.computation.DefaultDistributor
2025-03-31T21:55:11.448+04:00 DEBUG 15956 --- [DistributionNode] [http-nio-8081-exec-2] r.v.D.services.ClassLoaderService        : Типы параметров метода: [ru.vaschenko.TaskCoordinator.dto.Task task]
2025-03-31T21:55:11.448+04:00 DEBUG 15956 --- [DistributionNode] [http-nio-8081-exec-2] r.v.D.services.ClassLoaderService        : Переданные параметры: [Task[alphabet=[A, B, C, D], matrix=[[A, null, null, null], [null, A, null, C], [C, null, A, null], [null, C, null, A]]]]
2025-03-31T21:55:11.511+04:00  INFO 15956 --- [DistributionNode] [http-nio-8081-exec-5] r.v.D.services.JarStorageService         : JAR-файл сохранен: target\jars\task-62dc5ed8-66bb-403a-8b35-bc09503e00ec.jar
2025-03-31T21:55:11.511+04:00 DEBUG 15956 --- [DistributionNode] [http-nio-8081-exec-5] r.v.D.services.ClassLoaderService        : Вызываем метод generationSubtasks из класса DefaultDistributor
2025-03-31T21:55:11.511+04:00 DEBUG 15956 --- [DistributionNode] [http-nio-8081-exec-5] r.v.D.services.ClassLoaderService        : Создан экземпляр класса ru.vaschenko.TaskCoordinator.computation.DefaultDistributor
2025-03-31T21:55:11.511+04:00 DEBUG 15956 --- [DistributionNode] [http-nio-8081-exec-5] r.v.D.services.ClassLoaderService        : Типы параметров метода: [ru.vaschenko.TaskCoordinator.dto.Task task]
2025-03-31T21:55:11.511+04:00 DEBUG 15956 --- [DistributionNode] [http-nio-8081-exec-5] r.v.D.services.ClassLoaderService        : Переданные параметры: [Task[alphabet=[A, B, C, D], matrix=[[A, null, null, null], [null, A, null, C], [C, null, A, null], [null, C, null, A]]]]
2025-03-31T21:55:12.373+04:00 DEBUG 15956 --- [DistributionNode] [http-nio-8081-exec-6] r.v.D.services.ClassLoaderService        : Вызываем метод collect из класса DefaultCollector
2025-03-31T21:55:12.373+04:00 DEBUG 15956 --- [DistributionNode] [http-nio-8081-exec-6] r.v.D.services.ClassLoaderService        : Создан экземпляр класса ru.vaschenko.TaskCoordinator.computation.DefaultCollector
2025-03-31T21:55:12.373+04:00 DEBUG 15956 --- [DistributionNode] [http-nio-8081-exec-6] r.v.D.services.ClassLoaderService        : Типы параметров метода: [java.util.List<ru.vaschenko.TaskCoordinator.dto.ResultLatinSquare> re]
2025-03-31T21:55:12.373+04:00 DEBUG 15956 --- [DistributionNode] [http-nio-8081-exec-6] r.v.D.services.ClassLoaderService        : Переданные параметры: [[]]
2025-03-31T21:55:12.527+04:00 DEBUG 15956 --- [DistributionNode] [http-nio-8081-exec-9] r.v.D.services.ClassLoaderService        : Вызываем метод collect из класса DefaultCollector
2025-03-31T21:55:12.528+04:00 DEBUG 15956 --- [DistributionNode] [http-nio-8081-exec-9] r.v.D.services.ClassLoaderService        : Создан экземпляр класса ru.vaschenko.TaskCoordinator.computation.DefaultCollector
2025-03-31T21:55:12.528+04:00 DEBUG 15956 --- [DistributionNode] [http-nio-8081-exec-9] r.v.D.services.ClassLoaderService        : Типы параметров метода: [java.util.List<ru.vaschenko.TaskCoordinator.dto.ResultLatinSquare> re]
2025-03-31T21:55:12.528+04:00 DEBUG 15956 --- [DistributionNode] [http-nio-8081-exec-9] r.v.D.services.ClassLoaderService        : Переданные параметры: [[{matrix=[[A, B, C, D], [B, A, D, C], [C, D, A, B], [D, C, B, A]]}, {matrix=[[A, B, C, D], [D, A, B, C], [C, D, A, B], [B, C, D, A]]}]]
2025-03-31T21:55:12.567+04:00  INFO 15956 --- [DistributionNode] [http-nio-8081-exec-10] r.v.D.services.JarStorageService         : JAR-файл сохранен: target\jars\task-2f7ee868-43a5-4cb0-a682-f91c70abe4b6.jar
2025-03-31T21:55:12.568+04:00 DEBUG 15956 --- [DistributionNode] [http-nio-8081-exec-10] r.v.D.services.ClassLoaderService        : Вызываем метод generationSubtasks из класса DefaultDistributor
2025-03-31T21:55:12.569+04:00 DEBUG 15956 --- [DistributionNode] [http-nio-8081-exec-10] r.v.D.services.ClassLoaderService        : Создан экземпляр класса ru.vaschenko.TaskCoordinator.computation.DefaultDistributor
2025-03-31T21:55:12.573+04:00 DEBUG 15956 --- [DistributionNode] [http-nio-8081-exec-10] r.v.D.services.ClassLoaderService        : Типы параметров метода: [ru.vaschenko.TaskCoordinator.dto.Task task]
2025-03-31T21:55:12.574+04:00 DEBUG 15956 --- [DistributionNode] [http-nio-8081-exec-10] r.v.D.services.ClassLoaderService        : Переданные параметры: [Task[alphabet=[A, B, C, D], matrix=[[A, null, null, null], [null, A, null, C], [C, null, A, null], [null, C, null, A]]]]
2025-03-31T21:55:12.626+04:00  INFO 15956 --- [DistributionNode] [http-nio-8081-exec-3] r.v.D.services.JarStorageService         : JAR-файл сохранен: target\jars\task-ae8f3155-727c-4be9-bcf3-21cb1c7d7331.jar
2025-03-31T21:55:12.626+04:00 DEBUG 15956 --- [DistributionNode] [http-nio-8081-exec-3] r.v.D.services.ClassLoaderService        : Вызываем метод generationSubtasks из класса DefaultDistributor
2025-03-31T21:55:12.629+04:00 DEBUG 15956 --- [DistributionNode] [http-nio-8081-exec-3] r.v.D.services.ClassLoaderService        : Создан экземпляр класса ru.vaschenko.TaskCoordinator.computation.DefaultDistributor
2025-03-31T21:55:12.629+04:00 DEBUG 15956 --- [DistributionNode] [http-nio-8081-exec-3] r.v.D.services.ClassLoaderService        : Типы параметров метода: [ru.vaschenko.TaskCoordinator.dto.Task task]
2025-03-31T21:55:12.629+04:00 DEBUG 15956 --- [DistributionNode] [http-nio-8081-exec-3] r.v.D.services.ClassLoaderService        : Переданные параметры: [Task[alphabet=[A, B, C, D], matrix=[[A, null, null, null], [null, A, null, C], [C, null, A, null], [null, C, null, A]]]]
2025-03-31T21:55:13.073+04:00 DEBUG 15956 --- [DistributionNode] [http-nio-8081-exec-4] r.v.D.services.ClassLoaderService        : Вызываем метод collect из класса DefaultCollector
2025-03-31T21:55:13.073+04:00 DEBUG 15956 --- [DistributionNode] [http-nio-8081-exec-4] r.v.D.services.ClassLoaderService        : Создан экземпляр класса ru.vaschenko.TaskCoordinator.computation.DefaultCollector
2025-03-31T21:55:13.073+04:00 DEBUG 15956 --- [DistributionNode] [http-nio-8081-exec-4] r.v.D.services.ClassLoaderService        : Типы параметров метода: [java.util.List<ru.vaschenko.TaskCoordinator.dto.ResultLatinSquare> re]
2025-03-31T21:55:13.073+04:00 DEBUG 15956 --- [DistributionNode] [http-nio-8081-exec-4] r.v.D.services.ClassLoaderService        : Переданные параметры: [[]]
2025-03-31T21:55:13.162+04:00 DEBUG 15956 --- [DistributionNode] [http-nio-8081-exec-7] r.v.D.services.ClassLoaderService        : Вызываем метод collect из класса DefaultCollector
2025-03-31T21:55:13.162+04:00 DEBUG 15956 --- [DistributionNode] [http-nio-8081-exec-7] r.v.D.services.ClassLoaderService        : Создан экземпляр класса ru.vaschenko.TaskCoordinator.computation.DefaultCollector
2025-03-31T21:55:13.162+04:00 DEBUG 15956 --- [DistributionNode] [http-nio-8081-exec-7] r.v.D.services.ClassLoaderService        : Типы параметров метода: [java.util.List<ru.vaschenko.TaskCoordinator.dto.ResultLatinSquare> re]
2025-03-31T21:55:13.162+04:00 DEBUG 15956 --- [DistributionNode] [http-nio-8081-exec-7] r.v.D.services.ClassLoaderService        : Переданные параметры: [[{matrix=[[A, D, C, B], [B, A, D, C], [C, B, A, D], [D, C, B, A]]}, {matrix=[[A, D, C, B], [D, A, B, C], [C, B, A, D], [B, C, D, A]]}]]
2025-03-31T21:55:13.688+04:00  INFO 15956 --- [DistributionNode] [http-nio-8081-exec-8] r.v.D.services.JarStorageService         : JAR-файл сохранен: target\jars\task-c2ba31d3-c09c-4ce2-af22-7bd7ddbb318e.jar
2025-03-31T21:55:13.689+04:00 DEBUG 15956 --- [DistributionNode] [http-nio-8081-exec-8] r.v.D.services.ClassLoaderService        : Вызываем метод generationSubtasks из класса DefaultDistributor
2025-03-31T21:55:13.690+04:00 DEBUG 15956 --- [DistributionNode] [http-nio-8081-exec-8] r.v.D.services.ClassLoaderService        : Создан экземпляр класса ru.vaschenko.TaskCoordinator.computation.DefaultDistributor
2025-03-31T21:55:13.690+04:00 DEBUG 15956 --- [DistributionNode] [http-nio-8081-exec-8] r.v.D.services.ClassLoaderService        : Типы параметров метода: [ru.vaschenko.TaskCoordinator.dto.Task task]
2025-03-31T21:55:13.690+04:00 DEBUG 15956 --- [DistributionNode] [http-nio-8081-exec-8] r.v.D.services.ClassLoaderService        : Переданные параметры: [Task[alphabet=[A, B, C, D], matrix=[[A, null, null, null], [null, A, null, C], [C, null, A, null], [null, C, null, A]]]]
2025-03-31T21:55:14.226+04:00 DEBUG 15956 --- [DistributionNode] [http-nio-8081-exec-1] r.v.D.services.ClassLoaderService        : Вызываем метод collect из класса DefaultCollector
2025-03-31T21:55:14.226+04:00 DEBUG 15956 --- [DistributionNode] [http-nio-8081-exec-1] r.v.D.services.ClassLoaderService        : Создан экземпляр класса ru.vaschenko.TaskCoordinator.computation.DefaultCollector
2025-03-31T21:55:14.226+04:00 DEBUG 15956 --- [DistributionNode] [http-nio-8081-exec-1] r.v.D.services.ClassLoaderService        : Типы параметров метода: [java.util.List<ru.vaschenko.TaskCoordinator.dto.ResultLatinSquare> re]
2025-03-31T21:55:14.226+04:00 DEBUG 15956 --- [DistributionNode] [http-nio-8081-exec-1] r.v.D.services.ClassLoaderService        : Переданные параметры: [[]]
2025-03-31T21:58:20.506+04:00  INFO 15956 --- [DistributionNode] [http-nio-8081-exec-6] r.v.D.services.JarStorageService         : JAR-файл сохранен: target\jars\task-acb5a90d-0d86-4c4c-a27d-42ac17f0bda8.jar
2025-03-31T21:58:20.506+04:00  INFO 15956 --- [DistributionNode] [http-nio-8081-exec-6] r.v.D.services.ClassLoaderService        : Класс ru.vaschenko.TaskCoordinator.computation.DefaultDistributor загружен с ClassLoader: java.net.URLClassLoader@5426b4ff
2025-03-31T21:58:20.506+04:00  INFO 15956 --- [DistributionNode] [http-nio-8081-exec-6] r.v.D.services.ClassLoaderService        : Класс ru.vaschenko.TaskCoordinator.computation.DefaultCollector загружен с ClassLoader: java.net.URLClassLoader@5426b4ff
2025-03-31T21:58:20.506+04:00  INFO 15956 --- [DistributionNode] [http-nio-8081-exec-6] r.v.D.services.ClassLoaderService        : Класс ru.vaschenko.TaskCoordinator.dto.Task загружен с ClassLoader: java.net.URLClassLoader@5426b4ff
2025-03-31T21:58:20.506+04:00  INFO 15956 --- [DistributionNode] [http-nio-8081-exec-6] r.v.D.services.ClassLoaderService        : Класс ru.vaschenko.TaskCoordinator.dto.TaskRequest загружен с ClassLoader: java.net.URLClassLoader@5426b4ff
2025-03-31T21:58:20.522+04:00  INFO 15956 --- [DistributionNode] [http-nio-8081-exec-6] r.v.D.services.ClassLoaderService        : Класс ru.vaschenko.TaskCoordinator.dto.SubTask загружен с ClassLoader: java.net.URLClassLoader@5426b4ff
2025-03-31T21:58:20.522+04:00  INFO 15956 --- [DistributionNode] [http-nio-8081-exec-6] r.v.D.services.ClassLoaderService        : Класс ru.vaschenko.TaskCoordinator.dto.ResultLatinSquare загружен с ClassLoader: java.net.URLClassLoader@5426b4ff
2025-03-31T21:58:20.522+04:00 DEBUG 15956 --- [DistributionNode] [http-nio-8081-exec-6] r.v.D.services.ClassLoaderService        : Вызываем метод generationSubtasks из класса DefaultDistributor
2025-03-31T21:58:20.535+04:00 DEBUG 15956 --- [DistributionNode] [http-nio-8081-exec-6] r.v.D.services.ClassLoaderService        : Создан экземпляр класса ru.vaschenko.TaskCoordinator.computation.DefaultDistributor
2025-03-31T21:58:20.535+04:00 DEBUG 15956 --- [DistributionNode] [http-nio-8081-exec-6] r.v.D.services.ClassLoaderService        : Типы параметров метода: [ru.vaschenko.TaskCoordinator.dto.Task task]
2025-03-31T21:58:20.535+04:00 DEBUG 15956 --- [DistributionNode] [http-nio-8081-exec-6] r.v.D.services.ClassLoaderService        : Переданные параметры: [Task[alphabet=[A, B, C, D], matrix=[[A, null, null, null], [null, A, null, C], [C, null, A, null], [null, C, null, A]]]]
2025-03-31T21:58:20.577+04:00  INFO 15956 --- [DistributionNode] [http-nio-8081-exec-9] r.v.D.services.JarStorageService         : JAR-файл сохранен: target\jars\task-998e2a74-786e-46f3-864a-d4dd794a9ba6.jar
2025-03-31T21:58:20.578+04:00 DEBUG 15956 --- [DistributionNode] [http-nio-8081-exec-9] r.v.D.services.ClassLoaderService        : Вызываем метод generationSubtasks из класса DefaultDistributor
2025-03-31T21:58:20.578+04:00 DEBUG 15956 --- [DistributionNode] [http-nio-8081-exec-9] r.v.D.services.ClassLoaderService        : Создан экземпляр класса ru.vaschenko.TaskCoordinator.computation.DefaultDistributor
2025-03-31T21:58:20.578+04:00 DEBUG 15956 --- [DistributionNode] [http-nio-8081-exec-9] r.v.D.services.ClassLoaderService        : Типы параметров метода: [ru.vaschenko.TaskCoordinator.dto.Task task]
2025-03-31T21:58:20.578+04:00 DEBUG 15956 --- [DistributionNode] [http-nio-8081-exec-9] r.v.D.services.ClassLoaderService        : Переданные параметры: [Task[alphabet=[A, B, C, D], matrix=[[A, null, null, null], [null, A, null, C], [C, null, A, null], [null, C, null, A]]]]
2025-03-31T21:58:20.643+04:00  INFO 15956 --- [DistributionNode] [http-nio-8081-exec-10] r.v.D.services.JarStorageService         : JAR-файл сохранен: target\jars\task-aaef74d5-33f9-414b-a715-9e33ce13df2b.jar
2025-03-31T21:58:20.644+04:00 DEBUG 15956 --- [DistributionNode] [http-nio-8081-exec-10] r.v.D.services.ClassLoaderService        : Вызываем метод generationSubtasks из класса DefaultDistributor
2025-03-31T21:58:20.645+04:00 DEBUG 15956 --- [DistributionNode] [http-nio-8081-exec-10] r.v.D.services.ClassLoaderService        : Создан экземпляр класса ru.vaschenko.TaskCoordinator.computation.DefaultDistributor
2025-03-31T21:58:20.646+04:00 DEBUG 15956 --- [DistributionNode] [http-nio-8081-exec-10] r.v.D.services.ClassLoaderService        : Типы параметров метода: [ru.vaschenko.TaskCoordinator.dto.Task task]
2025-03-31T21:58:20.646+04:00 DEBUG 15956 --- [DistributionNode] [http-nio-8081-exec-10] r.v.D.services.ClassLoaderService        : Переданные параметры: [Task[alphabet=[A, B, C, D], matrix=[[A, null, null, null], [null, A, null, C], [C, null, A, null], [null, C, null, A]]]]
2025-03-31T21:58:20.898+04:00 DEBUG 15956 --- [DistributionNode] [http-nio-8081-exec-3] r.v.D.services.ClassLoaderService        : Вызываем метод collect из класса DefaultCollector
2025-03-31T21:58:20.898+04:00 DEBUG 15956 --- [DistributionNode] [http-nio-8081-exec-3] r.v.D.services.ClassLoaderService        : Создан экземпляр класса ru.vaschenko.TaskCoordinator.computation.DefaultCollector
2025-03-31T21:58:20.898+04:00 DEBUG 15956 --- [DistributionNode] [http-nio-8081-exec-3] r.v.D.services.ClassLoaderService        : Типы параметров метода: [java.util.List<ru.vaschenko.TaskCoordinator.dto.ResultLatinSquare> re]
2025-03-31T21:58:20.898+04:00 DEBUG 15956 --- [DistributionNode] [http-nio-8081-exec-3] r.v.D.services.ClassLoaderService        : Переданные параметры: [[]]
2025-03-31T21:58:20.968+04:00 DEBUG 15956 --- [DistributionNode] [http-nio-8081-exec-4] r.v.D.services.ClassLoaderService        : Вызываем метод collect из класса DefaultCollector
2025-03-31T21:58:20.968+04:00 DEBUG 15956 --- [DistributionNode] [http-nio-8081-exec-4] r.v.D.services.ClassLoaderService        : Создан экземпляр класса ru.vaschenko.TaskCoordinator.computation.DefaultCollector
2025-03-31T21:58:20.968+04:00 DEBUG 15956 --- [DistributionNode] [http-nio-8081-exec-4] r.v.D.services.ClassLoaderService        : Типы параметров метода: [java.util.List<ru.vaschenko.TaskCoordinator.dto.ResultLatinSquare> re]
2025-03-31T21:58:20.968+04:00 DEBUG 15956 --- [DistributionNode] [http-nio-8081-exec-4] r.v.D.services.ClassLoaderService        : Переданные параметры: [[{matrix=[[A, B, C, D], [B, A, D, C], [C, D, A, B], [D, C, B, A]]}, {matrix=[[A, B, C, D], [D, A, B, C], [C, D, A, B], [B, C, D, A]]}]]
2025-03-31T21:58:21.687+04:00  INFO 15956 --- [DistributionNode] [http-nio-8081-exec-7] r.v.D.services.JarStorageService         : JAR-файл сохранен: target\jars\task-4ecd47b2-0240-486a-a80a-38be29465b1f.jar
2025-03-31T21:58:21.689+04:00 DEBUG 15956 --- [DistributionNode] [http-nio-8081-exec-7] r.v.D.services.ClassLoaderService        : Вызываем метод generationSubtasks из класса DefaultDistributor
2025-03-31T21:58:21.690+04:00 DEBUG 15956 --- [DistributionNode] [http-nio-8081-exec-7] r.v.D.services.ClassLoaderService        : Создан экземпляр класса ru.vaschenko.TaskCoordinator.computation.DefaultDistributor
2025-03-31T21:58:21.690+04:00 DEBUG 15956 --- [DistributionNode] [http-nio-8081-exec-7] r.v.D.services.ClassLoaderService        : Типы параметров метода: [ru.vaschenko.TaskCoordinator.dto.Task task]
2025-03-31T21:58:21.690+04:00 DEBUG 15956 --- [DistributionNode] [http-nio-8081-exec-7] r.v.D.services.ClassLoaderService        : Переданные параметры: [Task[alphabet=[A, B, C, D], matrix=[[A, null, null, null], [null, A, null, C], [C, null, A, null], [null, C, null, A]]]]
2025-03-31T21:58:21.719+04:00  INFO 15956 --- [DistributionNode] [http-nio-8081-exec-8] r.v.D.services.JarStorageService         : JAR-файл сохранен: target\jars\task-bcad9109-6bb0-41a2-b7e4-6b8a4675ce36.jar
2025-03-31T21:58:21.724+04:00 DEBUG 15956 --- [DistributionNode] [http-nio-8081-exec-8] r.v.D.services.ClassLoaderService        : Вызываем метод generationSubtasks из класса DefaultDistributor
2025-03-31T21:58:21.725+04:00 DEBUG 15956 --- [DistributionNode] [http-nio-8081-exec-8] r.v.D.services.ClassLoaderService        : Создан экземпляр класса ru.vaschenko.TaskCoordinator.computation.DefaultDistributor
2025-03-31T21:58:21.726+04:00 DEBUG 15956 --- [DistributionNode] [http-nio-8081-exec-8] r.v.D.services.ClassLoaderService        : Типы параметров метода: [ru.vaschenko.TaskCoordinator.dto.Task task]
2025-03-31T21:58:21.726+04:00 DEBUG 15956 --- [DistributionNode] [http-nio-8081-exec-8] r.v.D.services.ClassLoaderService        : Переданные параметры: [Task[alphabet=[A, B, C, D], matrix=[[A, null, null, null], [null, A, null, C], [C, null, A, null], [null, C, null, A]]]]
2025-03-31T21:58:22.051+04:00 DEBUG 15956 --- [DistributionNode] [http-nio-8081-exec-1] r.v.D.services.ClassLoaderService        : Вызываем метод collect из класса DefaultCollector
2025-03-31T21:58:22.051+04:00 DEBUG 15956 --- [DistributionNode] [http-nio-8081-exec-1] r.v.D.services.ClassLoaderService        : Создан экземпляр класса ru.vaschenko.TaskCoordinator.computation.DefaultCollector
2025-03-31T21:58:22.058+04:00 DEBUG 15956 --- [DistributionNode] [http-nio-8081-exec-1] r.v.D.services.ClassLoaderService        : Типы параметров метода: [java.util.List<ru.vaschenko.TaskCoordinator.dto.ResultLatinSquare> re]
2025-03-31T21:58:22.058+04:00 DEBUG 15956 --- [DistributionNode] [http-nio-8081-exec-1] r.v.D.services.ClassLoaderService        : Переданные параметры: [[]]
2025-03-31T21:58:22.120+04:00 DEBUG 15956 --- [DistributionNode] [http-nio-8081-exec-2] r.v.D.services.ClassLoaderService        : Вызываем метод collect из класса DefaultCollector
2025-03-31T21:58:22.120+04:00 DEBUG 15956 --- [DistributionNode] [http-nio-8081-exec-2] r.v.D.services.ClassLoaderService        : Создан экземпляр класса ru.vaschenko.TaskCoordinator.computation.DefaultCollector
2025-03-31T21:58:22.120+04:00 DEBUG 15956 --- [DistributionNode] [http-nio-8081-exec-2] r.v.D.services.ClassLoaderService        : Типы параметров метода: [java.util.List<ru.vaschenko.TaskCoordinator.dto.ResultLatinSquare> re]
2025-03-31T21:58:22.120+04:00 DEBUG 15956 --- [DistributionNode] [http-nio-8081-exec-2] r.v.D.services.ClassLoaderService        : Переданные параметры: [[{matrix=[[A, D, C, B], [B, A, D, C], [C, B, A, D], [D, C, B, A]]}, {matrix=[[A, D, C, B], [D, A, B, C], [C, B, A, D], [B, C, D, A]]}]]
2025-03-31T21:58:22.759+04:00  INFO 15956 --- [DistributionNode] [http-nio-8081-exec-5] r.v.D.services.JarStorageService         : JAR-файл сохранен: target\jars\task-86b06701-0e5b-450b-939a-774226e74935.jar
2025-03-31T21:58:22.759+04:00 DEBUG 15956 --- [DistributionNode] [http-nio-8081-exec-5] r.v.D.services.ClassLoaderService        : Вызываем метод generationSubtasks из класса DefaultDistributor
2025-03-31T21:58:22.759+04:00 DEBUG 15956 --- [DistributionNode] [http-nio-8081-exec-5] r.v.D.services.ClassLoaderService        : Создан экземпляр класса ru.vaschenko.TaskCoordinator.computation.DefaultDistributor
2025-03-31T21:58:22.759+04:00 DEBUG 15956 --- [DistributionNode] [http-nio-8081-exec-5] r.v.D.services.ClassLoaderService        : Типы параметров метода: [ru.vaschenko.TaskCoordinator.dto.Task task]
2025-03-31T21:58:22.759+04:00 DEBUG 15956 --- [DistributionNode] [http-nio-8081-exec-5] r.v.D.services.ClassLoaderService        : Переданные параметры: [Task[alphabet=[A, B, C, D], matrix=[[A, null, null, null], [null, A, null, C], [C, null, A, null], [null, C, null, A]]]]
2025-03-31T21:58:23.095+04:00 DEBUG 15956 --- [DistributionNode] [http-nio-8081-exec-6] r.v.D.services.ClassLoaderService        : Вызываем метод collect из класса DefaultCollector
2025-03-31T21:58:23.100+04:00 DEBUG 15956 --- [DistributionNode] [http-nio-8081-exec-6] r.v.D.services.ClassLoaderService        : Создан экземпляр класса ru.vaschenko.TaskCoordinator.computation.DefaultCollector
2025-03-31T21:58:23.100+04:00 DEBUG 15956 --- [DistributionNode] [http-nio-8081-exec-6] r.v.D.services.ClassLoaderService        : Типы параметров метода: [java.util.List<ru.vaschenko.TaskCoordinator.dto.ResultLatinSquare> re]
2025-03-31T21:58:23.101+04:00 DEBUG 15956 --- [DistributionNode] [http-nio-8081-exec-6] r.v.D.services.ClassLoaderService        : Переданные параметры: [[]]
2025-03-31T22:19:59.916+04:00  INFO 8468 --- [DistributionNode] [main] r.v.D.DistributionNodeApplication        : Starting DistributionNodeApplication using Java 22.0.2 with PID 8468 (C:\Users\Ann\Desktop\study\огв\grid framework\DistributionNode\target\classes started by Ann in C:\Users\Ann\Desktop\study\огв\grid framework\DistributionNode)
2025-03-31T22:19:59.934+04:00 DEBUG 8468 --- [DistributionNode] [main] r.v.D.DistributionNodeApplication        : Running with Spring Boot v3.3.5, Spring v6.1.14
2025-03-31T22:19:59.937+04:00  INFO 8468 --- [DistributionNode] [main] r.v.D.DistributionNodeApplication        : No active profile set, falling back to 1 default profile: "default"
2025-03-31T22:20:04.293+04:00  INFO 8468 --- [DistributionNode] [main] o.s.cloud.context.scope.GenericScope     : BeanFactory id=e3676b86-6d92-30e3-a069-3ba6beab8e7f
2025-03-31T22:20:05.656+04:00  INFO 8468 --- [DistributionNode] [main] o.s.b.w.embedded.tomcat.TomcatWebServer  : Tomcat initialized with port 8081 (http)
2025-03-31T22:20:05.718+04:00  INFO 8468 --- [DistributionNode] [main] o.apache.catalina.core.StandardService   : Starting service [Tomcat]
2025-03-31T22:20:05.718+04:00  INFO 8468 --- [DistributionNode] [main] o.apache.catalina.core.StandardEngine    : Starting Servlet engine: [Apache Tomcat/10.1.31]
2025-03-31T22:20:06.020+04:00  INFO 8468 --- [DistributionNode] [main] o.a.c.c.C.[Tomcat].[localhost].[/]       : Initializing Spring embedded WebApplicationContext
2025-03-31T22:20:06.020+04:00  INFO 8468 --- [DistributionNode] [main] w.s.c.ServletWebServerApplicationContext : Root WebApplicationContext: initialization completed in 5826 ms
2025-03-31T22:20:08.863+04:00  INFO 8468 --- [DistributionNode] [main] o.s.b.w.embedded.tomcat.TomcatWebServer  : Tomcat started on port 8081 (http) with context path '/'
2025-03-31T22:20:08.918+04:00  INFO 8468 --- [DistributionNode] [main] r.v.D.DistributionNodeApplication        : Started DistributionNodeApplication in 11.878 seconds (process running for 12.995)
2025-03-31T22:20:56.175+04:00  INFO 8468 --- [DistributionNode] [http-nio-8081-exec-1] o.a.c.c.C.[Tomcat].[localhost].[/]       : Initializing Spring DispatcherServlet 'dispatcherServlet'
2025-03-31T22:20:56.175+04:00  INFO 8468 --- [DistributionNode] [http-nio-8081-exec-1] o.s.web.servlet.DispatcherServlet        : Initializing Servlet 'dispatcherServlet'
2025-03-31T22:20:56.175+04:00  INFO 8468 --- [DistributionNode] [http-nio-8081-exec-1] o.s.web.servlet.DispatcherServlet        : Completed initialization in 0 ms
2025-03-31T22:20:57.061+04:00  INFO 8468 --- [DistributionNode] [http-nio-8081-exec-2] o.springdoc.api.AbstractOpenApiResource  : Init duration for springdoc-openapi is: 494 ms
2025-03-31T22:21:01.632+04:00  INFO 8468 --- [DistributionNode] [http-nio-8081-exec-3] r.v.D.services.NodeRegisterService       : Запрос на регистрацию
2025-03-31T22:21:21.389+04:00  INFO 8468 --- [DistributionNode] [http-nio-8081-exec-9] r.v.D.services.JarStorageService         : JAR-файл сохранен: target\jars\task-735faed1-1f70-47d7-94b0-f7e430a45b2e.jar
2025-03-31T22:21:21.402+04:00  INFO 8468 --- [DistributionNode] [http-nio-8081-exec-9] r.v.D.services.ClassLoaderService        : Класс ru.vaschenko.TaskCoordinator.computation.DefaultDistributor загружен с ClassLoader: java.net.URLClassLoader@5698f208
2025-03-31T22:21:21.407+04:00  INFO 8468 --- [DistributionNode] [http-nio-8081-exec-9] r.v.D.services.ClassLoaderService        : Класс ru.vaschenko.TaskCoordinator.computation.DefaultCollector загружен с ClassLoader: java.net.URLClassLoader@5698f208
2025-03-31T22:21:21.407+04:00  INFO 8468 --- [DistributionNode] [http-nio-8081-exec-9] r.v.D.services.ClassLoaderService        : Класс ru.vaschenko.TaskCoordinator.dto.Task загружен с ClassLoader: java.net.URLClassLoader@5698f208
2025-03-31T22:21:21.414+04:00  INFO 8468 --- [DistributionNode] [http-nio-8081-exec-9] r.v.D.services.ClassLoaderService        : Класс ru.vaschenko.TaskCoordinator.dto.TaskRequest загружен с ClassLoader: java.net.URLClassLoader@5698f208
2025-03-31T22:21:21.420+04:00  INFO 8468 --- [DistributionNode] [http-nio-8081-exec-9] r.v.D.services.ClassLoaderService        : Класс ru.vaschenko.TaskCoordinator.dto.SubTask загружен с ClassLoader: java.net.URLClassLoader@5698f208
2025-03-31T22:21:21.423+04:00  INFO 8468 --- [DistributionNode] [http-nio-8081-exec-9] r.v.D.services.ClassLoaderService        : Класс ru.vaschenko.TaskCoordinator.dto.ResultLatinSquare загружен с ClassLoader: java.net.URLClassLoader@5698f208
2025-03-31T22:21:21.454+04:00 DEBUG 8468 --- [DistributionNode] [http-nio-8081-exec-9] r.v.D.services.ClassLoaderService        : Вызываем метод generationSubtasks из класса DefaultDistributor
2025-03-31T22:21:21.471+04:00 DEBUG 8468 --- [DistributionNode] [http-nio-8081-exec-9] r.v.D.services.ClassLoaderService        : Создан экземпляр класса ru.vaschenko.TaskCoordinator.computation.DefaultDistributor
2025-03-31T22:21:21.471+04:00 DEBUG 8468 --- [DistributionNode] [http-nio-8081-exec-9] r.v.D.services.ClassLoaderService        : Типы параметров метода: [ru.vaschenko.TaskCoordinator.dto.Task task]
2025-03-31T22:21:21.471+04:00 DEBUG 8468 --- [DistributionNode] [http-nio-8081-exec-9] r.v.D.services.ClassLoaderService        : Переданные параметры: [Task[alphabet=[A, B, C, D], matrix=[[A, null, null, null], [null, A, null, C], [C, null, A, null], [null, C, null, A]]]]
2025-03-31T22:21:21.594+04:00  INFO 8468 --- [DistributionNode] [http-nio-8081-exec-6] r.v.D.services.JarStorageService         : JAR-файл сохранен: target\jars\task-9f1f7ca4-a488-4c6b-a36f-70ff67b6fbd7.jar
2025-03-31T22:21:21.598+04:00 DEBUG 8468 --- [DistributionNode] [http-nio-8081-exec-6] r.v.D.services.ClassLoaderService        : Вызываем метод generationSubtasks из класса DefaultDistributor
2025-03-31T22:21:21.600+04:00 DEBUG 8468 --- [DistributionNode] [http-nio-8081-exec-6] r.v.D.services.ClassLoaderService        : Создан экземпляр класса ru.vaschenko.TaskCoordinator.computation.DefaultDistributor
2025-03-31T22:21:21.603+04:00 DEBUG 8468 --- [DistributionNode] [http-nio-8081-exec-6] r.v.D.services.ClassLoaderService        : Типы параметров метода: [ru.vaschenko.TaskCoordinator.dto.Task task]
2025-03-31T22:21:21.603+04:00 DEBUG 8468 --- [DistributionNode] [http-nio-8081-exec-6] r.v.D.services.ClassLoaderService        : Переданные параметры: [Task[alphabet=[A, B, C, D], matrix=[[A, null, null, null], [null, A, null, C], [C, null, A, null], [null, C, null, A]]]]
2025-03-31T22:21:21.659+04:00  INFO 8468 --- [DistributionNode] [http-nio-8081-exec-7] r.v.D.services.JarStorageService         : JAR-файл сохранен: target\jars\task-cfb9b1db-3e1b-46eb-be66-9a24a42ce201.jar
2025-03-31T22:21:21.681+04:00 DEBUG 8468 --- [DistributionNode] [http-nio-8081-exec-7] r.v.D.services.ClassLoaderService        : Вызываем метод generationSubtasks из класса DefaultDistributor
2025-03-31T22:21:21.718+04:00 DEBUG 8468 --- [DistributionNode] [http-nio-8081-exec-7] r.v.D.services.ClassLoaderService        : Создан экземпляр класса ru.vaschenko.TaskCoordinator.computation.DefaultDistributor
2025-03-31T22:21:21.790+04:00 DEBUG 8468 --- [DistributionNode] [http-nio-8081-exec-7] r.v.D.services.ClassLoaderService        : Типы параметров метода: [ru.vaschenko.TaskCoordinator.dto.Task task]
2025-03-31T22:21:21.827+04:00 DEBUG 8468 --- [DistributionNode] [http-nio-8081-exec-7] r.v.D.services.ClassLoaderService        : Переданные параметры: [Task[alphabet=[A, B, C, D], matrix=[[A, null, null, null], [null, A, null, C], [C, null, A, null], [null, C, null, A]]]]
2025-03-31T22:21:27.714+04:00 DEBUG 8468 --- [DistributionNode] [http-nio-8081-exec-10] r.v.D.services.ClassLoaderService        : Вызываем метод collect из класса DefaultCollector
2025-03-31T22:21:27.930+04:00 DEBUG 8468 --- [DistributionNode] [http-nio-8081-exec-10] r.v.D.services.ClassLoaderService        : Создан экземпляр класса ru.vaschenko.TaskCoordinator.computation.DefaultCollector
2025-03-31T22:21:28.027+04:00 DEBUG 8468 --- [DistributionNode] [http-nio-8081-exec-10] r.v.D.services.ClassLoaderService        : Типы параметров метода: [java.util.List<ru.vaschenko.TaskCoordinator.dto.ResultLatinSquare> re]
2025-03-31T22:21:28.053+04:00 DEBUG 8468 --- [DistributionNode] [http-nio-8081-exec-10] r.v.D.services.ClassLoaderService        : Переданные параметры: [[]]
2025-03-31T22:21:28.078+04:00 DEBUG 8468 --- [DistributionNode] [http-nio-8081-exec-1] r.v.D.services.ClassLoaderService        : Вызываем метод collect из класса DefaultCollector
2025-03-31T22:21:28.368+04:00 DEBUG 8468 --- [DistributionNode] [http-nio-8081-exec-1] r.v.D.services.ClassLoaderService        : Создан экземпляр класса ru.vaschenko.TaskCoordinator.computation.DefaultCollector
2025-03-31T22:21:28.368+04:00 DEBUG 8468 --- [DistributionNode] [http-nio-8081-exec-1] r.v.D.services.ClassLoaderService        : Типы параметров метода: [java.util.List<ru.vaschenko.TaskCoordinator.dto.ResultLatinSquare> re]
2025-03-31T22:21:28.384+04:00 DEBUG 8468 --- [DistributionNode] [http-nio-8081-exec-1] r.v.D.services.ClassLoaderService        : Переданные параметры: [[{matrix=[[A, B, C, D], [B, A, D, C], [C, D, A, B], [D, C, B, A]]}, {matrix=[[A, B, C, D], [D, A, B, C], [C, D, A, B], [B, C, D, A]]}]]
2025-03-31T22:21:29.536+04:00  INFO 8468 --- [DistributionNode] [http-nio-8081-exec-2] r.v.D.services.JarStorageService         : JAR-файл сохранен: target\jars\task-23771ef4-b0b2-4f17-99ae-eac52e4bacc5.jar
2025-03-31T22:21:29.542+04:00 DEBUG 8468 --- [DistributionNode] [http-nio-8081-exec-2] r.v.D.services.ClassLoaderService        : Вызываем метод generationSubtasks из класса DefaultDistributor
2025-03-31T22:21:29.557+04:00 DEBUG 8468 --- [DistributionNode] [http-nio-8081-exec-2] r.v.D.services.ClassLoaderService        : Создан экземпляр класса ru.vaschenko.TaskCoordinator.computation.DefaultDistributor
2025-03-31T22:21:29.648+04:00 DEBUG 8468 --- [DistributionNode] [http-nio-8081-exec-2] r.v.D.services.ClassLoaderService        : Типы параметров метода: [ru.vaschenko.TaskCoordinator.dto.Task task]
2025-03-31T22:21:29.671+04:00 DEBUG 8468 --- [DistributionNode] [http-nio-8081-exec-2] r.v.D.services.ClassLoaderService        : Переданные параметры: [Task[alphabet=[A, B, C, D], matrix=[[A, null, null, null], [null, A, null, C], [C, null, A, null], [null, C, null, A]]]]
2025-03-31T22:21:30.363+04:00  INFO 8468 --- [DistributionNode] [http-nio-8081-exec-4] r.v.D.services.JarStorageService         : JAR-файл сохранен: target\jars\task-fc4068b4-7f92-4958-b728-173a5d867259.jar
2025-03-31T22:21:30.456+04:00 DEBUG 8468 --- [DistributionNode] [http-nio-8081-exec-4] r.v.D.services.ClassLoaderService        : Вызываем метод generationSubtasks из класса DefaultDistributor
2025-03-31T22:21:31.258+04:00 DEBUG 8468 --- [DistributionNode] [http-nio-8081-exec-4] r.v.D.services.ClassLoaderService        : Создан экземпляр класса ru.vaschenko.TaskCoordinator.computation.DefaultDistributor
2025-03-31T22:21:31.258+04:00 DEBUG 8468 --- [DistributionNode] [http-nio-8081-exec-4] r.v.D.services.ClassLoaderService        : Типы параметров метода: [ru.vaschenko.TaskCoordinator.dto.Task task]
2025-03-31T22:21:31.290+04:00 DEBUG 8468 --- [DistributionNode] [http-nio-8081-exec-4] r.v.D.services.ClassLoaderService        : Переданные параметры: [Task[alphabet=[A, B, C, D], matrix=[[A, null, null, null], [null, A, null, C], [C, null, A, null], [null, C, null, A]]]]
2025-03-31T22:21:33.310+04:00 DEBUG 8468 --- [DistributionNode] [http-nio-8081-exec-3] r.v.D.services.ClassLoaderService        : Вызываем метод collect из класса DefaultCollector
2025-03-31T22:21:33.311+04:00 DEBUG 8468 --- [DistributionNode] [http-nio-8081-exec-3] r.v.D.services.ClassLoaderService        : Создан экземпляр класса ru.vaschenko.TaskCoordinator.computation.DefaultCollector
2025-03-31T22:21:33.313+04:00 DEBUG 8468 --- [DistributionNode] [http-nio-8081-exec-3] r.v.D.services.ClassLoaderService        : Типы параметров метода: [java.util.List<ru.vaschenko.TaskCoordinator.dto.ResultLatinSquare> re]
2025-03-31T22:21:33.314+04:00 DEBUG 8468 --- [DistributionNode] [http-nio-8081-exec-3] r.v.D.services.ClassLoaderService        : Переданные параметры: [[]]
2025-03-31T22:21:33.358+04:00 DEBUG 8468 --- [DistributionNode] [http-nio-8081-exec-5] r.v.D.services.ClassLoaderService        : Вызываем метод collect из класса DefaultCollector
2025-03-31T22:21:33.359+04:00 DEBUG 8468 --- [DistributionNode] [http-nio-8081-exec-5] r.v.D.services.ClassLoaderService        : Создан экземпляр класса ru.vaschenko.TaskCoordinator.computation.DefaultCollector
2025-03-31T22:21:33.360+04:00 DEBUG 8468 --- [DistributionNode] [http-nio-8081-exec-5] r.v.D.services.ClassLoaderService        : Типы параметров метода: [java.util.List<ru.vaschenko.TaskCoordinator.dto.ResultLatinSquare> re]
2025-03-31T22:21:33.361+04:00 DEBUG 8468 --- [DistributionNode] [http-nio-8081-exec-5] r.v.D.services.ClassLoaderService        : Переданные параметры: [[{matrix=[[A, D, C, B], [B, A, D, C], [C, B, A, D], [D, C, B, A]]}, {matrix=[[A, D, C, B], [D, A, B, C], [C, B, A, D], [B, C, D, A]]}]]
2025-03-31T22:21:33.736+04:00  INFO 8468 --- [DistributionNode] [http-nio-8081-exec-8] r.v.D.services.JarStorageService         : JAR-файл сохранен: target\jars\task-c3b87bd8-a3f7-442a-85e5-57ab6ffd8312.jar
2025-03-31T22:21:33.740+04:00 DEBUG 8468 --- [DistributionNode] [http-nio-8081-exec-8] r.v.D.services.ClassLoaderService        : Вызываем метод generationSubtasks из класса DefaultDistributor
2025-03-31T22:21:33.740+04:00 DEBUG 8468 --- [DistributionNode] [http-nio-8081-exec-8] r.v.D.services.ClassLoaderService        : Создан экземпляр класса ru.vaschenko.TaskCoordinator.computation.DefaultDistributor
2025-03-31T22:21:33.740+04:00 DEBUG 8468 --- [DistributionNode] [http-nio-8081-exec-8] r.v.D.services.ClassLoaderService        : Типы параметров метода: [ru.vaschenko.TaskCoordinator.dto.Task task]
2025-03-31T22:21:33.740+04:00 DEBUG 8468 --- [DistributionNode] [http-nio-8081-exec-8] r.v.D.services.ClassLoaderService        : Переданные параметры: [Task[alphabet=[A, B, C, D], matrix=[[A, null, null, null], [null, A, null, C], [C, null, A, null], [null, C, null, A]]]]
2025-03-31T22:21:37.298+04:00 DEBUG 8468 --- [DistributionNode] [http-nio-8081-exec-9] r.v.D.services.ClassLoaderService        : Вызываем метод collect из класса DefaultCollector
2025-03-31T22:21:37.298+04:00 DEBUG 8468 --- [DistributionNode] [http-nio-8081-exec-9] r.v.D.services.ClassLoaderService        : Создан экземпляр класса ru.vaschenko.TaskCoordinator.computation.DefaultCollector
2025-03-31T22:21:37.314+04:00 DEBUG 8468 --- [DistributionNode] [http-nio-8081-exec-9] r.v.D.services.ClassLoaderService        : Типы параметров метода: [java.util.List<ru.vaschenko.TaskCoordinator.dto.ResultLatinSquare> re]
2025-03-31T22:21:37.316+04:00 DEBUG 8468 --- [DistributionNode] [http-nio-8081-exec-9] r.v.D.services.ClassLoaderService        : Переданные параметры: [[]]
2025-03-31T22:24:04.684+04:00  INFO 8468 --- [DistributionNode] [http-nio-8081-exec-6] r.v.D.services.NodeRegisterService       : Запрос на регистрацию
2025-03-31T22:24:09.791+04:00  INFO 8468 --- [DistributionNode] [http-nio-8081-exec-10] r.v.D.services.JarStorageService         : JAR-файл сохранен: target\jars\task-bc7d97dd-d0e4-45a9-add0-af147adee41a.jar
2025-03-31T22:24:09.794+04:00  INFO 8468 --- [DistributionNode] [http-nio-8081-exec-10] r.v.D.services.ClassLoaderService        : Класс ru.vaschenko.TaskCoordinator.computation.DefaultDistributor загружен с ClassLoader: java.net.URLClassLoader@27c5596e
2025-03-31T22:24:09.794+04:00  INFO 8468 --- [DistributionNode] [http-nio-8081-exec-10] r.v.D.services.ClassLoaderService        : Класс ru.vaschenko.TaskCoordinator.computation.DefaultCollector загружен с ClassLoader: java.net.URLClassLoader@27c5596e
2025-03-31T22:24:09.794+04:00  INFO 8468 --- [DistributionNode] [http-nio-8081-exec-10] r.v.D.services.ClassLoaderService        : Класс ru.vaschenko.TaskCoordinator.dto.Task загружен с ClassLoader: java.net.URLClassLoader@27c5596e
2025-03-31T22:24:09.794+04:00  INFO 8468 --- [DistributionNode] [http-nio-8081-exec-10] r.v.D.services.ClassLoaderService        : Класс ru.vaschenko.TaskCoordinator.dto.TaskRequest загружен с ClassLoader: java.net.URLClassLoader@27c5596e
2025-03-31T22:24:09.805+04:00  INFO 8468 --- [DistributionNode] [http-nio-8081-exec-10] r.v.D.services.ClassLoaderService        : Класс ru.vaschenko.TaskCoordinator.dto.SubTask загружен с ClassLoader: java.net.URLClassLoader@27c5596e
2025-03-31T22:24:09.811+04:00  INFO 8468 --- [DistributionNode] [http-nio-8081-exec-10] r.v.D.services.ClassLoaderService        : Класс ru.vaschenko.TaskCoordinator.dto.ResultLatinSquare загружен с ClassLoader: java.net.URLClassLoader@27c5596e
2025-03-31T22:24:09.814+04:00 DEBUG 8468 --- [DistributionNode] [http-nio-8081-exec-10] r.v.D.services.ClassLoaderService        : Вызываем метод generationSubtasks из класса DefaultDistributor
2025-03-31T22:24:09.814+04:00 DEBUG 8468 --- [DistributionNode] [http-nio-8081-exec-10] r.v.D.services.ClassLoaderService        : Создан экземпляр класса ru.vaschenko.TaskCoordinator.computation.DefaultDistributor
2025-03-31T22:24:09.814+04:00 DEBUG 8468 --- [DistributionNode] [http-nio-8081-exec-10] r.v.D.services.ClassLoaderService        : Типы параметров метода: [ru.vaschenko.TaskCoordinator.dto.Task task]
2025-03-31T22:24:09.814+04:00 DEBUG 8468 --- [DistributionNode] [http-nio-8081-exec-10] r.v.D.services.ClassLoaderService        : Переданные параметры: [Task[alphabet=[A, B, C, D], matrix=[[A, null, null, null], [null, A, null, C], [C, null, A, null], [null, C, null, A]]]]
2025-03-31T22:24:09.873+04:00  INFO 8468 --- [DistributionNode] [http-nio-8081-exec-1] r.v.D.services.JarStorageService         : JAR-файл сохранен: target\jars\task-9cc4d617-2df1-430d-9aab-511c618eb5e6.jar
2025-03-31T22:24:09.875+04:00 DEBUG 8468 --- [DistributionNode] [http-nio-8081-exec-1] r.v.D.services.ClassLoaderService        : Вызываем метод generationSubtasks из класса DefaultDistributor
2025-03-31T22:24:09.877+04:00 DEBUG 8468 --- [DistributionNode] [http-nio-8081-exec-1] r.v.D.services.ClassLoaderService        : Создан экземпляр класса ru.vaschenko.TaskCoordinator.computation.DefaultDistributor
2025-03-31T22:24:09.879+04:00 DEBUG 8468 --- [DistributionNode] [http-nio-8081-exec-1] r.v.D.services.ClassLoaderService        : Типы параметров метода: [ru.vaschenko.TaskCoordinator.dto.Task task]
2025-03-31T22:24:09.879+04:00 DEBUG 8468 --- [DistributionNode] [http-nio-8081-exec-1] r.v.D.services.ClassLoaderService        : Переданные параметры: [Task[alphabet=[A, B, C, D], matrix=[[A, null, null, null], [null, A, null, C], [C, null, A, null], [null, C, null, A]]]]
2025-03-31T22:24:09.927+04:00  INFO 8468 --- [DistributionNode] [http-nio-8081-exec-2] r.v.D.services.JarStorageService         : JAR-файл сохранен: target\jars\task-eedf5b8a-a1c9-440e-b979-b190123b41c9.jar
2025-03-31T22:24:09.930+04:00 DEBUG 8468 --- [DistributionNode] [http-nio-8081-exec-2] r.v.D.services.ClassLoaderService        : Вызываем метод generationSubtasks из класса DefaultDistributor
2025-03-31T22:24:09.931+04:00 DEBUG 8468 --- [DistributionNode] [http-nio-8081-exec-2] r.v.D.services.ClassLoaderService        : Создан экземпляр класса ru.vaschenko.TaskCoordinator.computation.DefaultDistributor
2025-03-31T22:24:09.931+04:00 DEBUG 8468 --- [DistributionNode] [http-nio-8081-exec-2] r.v.D.services.ClassLoaderService        : Типы параметров метода: [ru.vaschenko.TaskCoordinator.dto.Task task]
2025-03-31T22:24:09.931+04:00 DEBUG 8468 --- [DistributionNode] [http-nio-8081-exec-2] r.v.D.services.ClassLoaderService        : Переданные параметры: [Task[alphabet=[A, B, C, D], matrix=[[A, null, null, null], [null, A, null, C], [C, null, A, null], [null, C, null, A]]]]
2025-03-31T22:24:10.309+04:00 DEBUG 8468 --- [DistributionNode] [http-nio-8081-exec-4] r.v.D.services.ClassLoaderService        : Вызываем метод collect из класса DefaultCollector
2025-03-31T22:24:10.309+04:00 DEBUG 8468 --- [DistributionNode] [http-nio-8081-exec-4] r.v.D.services.ClassLoaderService        : Создан экземпляр класса ru.vaschenko.TaskCoordinator.computation.DefaultCollector
2025-03-31T22:24:10.309+04:00 DEBUG 8468 --- [DistributionNode] [http-nio-8081-exec-4] r.v.D.services.ClassLoaderService        : Типы параметров метода: [java.util.List<ru.vaschenko.TaskCoordinator.dto.ResultLatinSquare> re]
2025-03-31T22:24:10.309+04:00 DEBUG 8468 --- [DistributionNode] [http-nio-8081-exec-4] r.v.D.services.ClassLoaderService        : Переданные параметры: [[]]
2025-03-31T22:24:10.359+04:00 DEBUG 8468 --- [DistributionNode] [http-nio-8081-exec-3] r.v.D.services.ClassLoaderService        : Вызываем метод collect из класса DefaultCollector
2025-03-31T22:24:10.359+04:00 DEBUG 8468 --- [DistributionNode] [http-nio-8081-exec-3] r.v.D.services.ClassLoaderService        : Создан экземпляр класса ru.vaschenko.TaskCoordinator.computation.DefaultCollector
2025-03-31T22:24:10.359+04:00 DEBUG 8468 --- [DistributionNode] [http-nio-8081-exec-3] r.v.D.services.ClassLoaderService        : Типы параметров метода: [java.util.List<ru.vaschenko.TaskCoordinator.dto.ResultLatinSquare> re]
2025-03-31T22:24:10.359+04:00 DEBUG 8468 --- [DistributionNode] [http-nio-8081-exec-3] r.v.D.services.ClassLoaderService        : Переданные параметры: [[{matrix=[[A, B, C, D], [B, A, D, C], [C, D, A, B], [D, C, B, A]]}, {matrix=[[A, B, C, D], [D, A, B, C], [C, D, A, B], [B, C, D, A]]}]]
2025-03-31T22:24:10.975+04:00  INFO 8468 --- [DistributionNode] [http-nio-8081-exec-5] r.v.D.services.JarStorageService         : JAR-файл сохранен: target\jars\task-aa58d6b7-335a-401f-a78f-e51af6d66c85.jar
2025-03-31T22:24:10.976+04:00 DEBUG 8468 --- [DistributionNode] [http-nio-8081-exec-5] r.v.D.services.ClassLoaderService        : Вызываем метод generationSubtasks из класса DefaultDistributor
2025-03-31T22:24:10.976+04:00 DEBUG 8468 --- [DistributionNode] [http-nio-8081-exec-5] r.v.D.services.ClassLoaderService        : Создан экземпляр класса ru.vaschenko.TaskCoordinator.computation.DefaultDistributor
2025-03-31T22:24:10.976+04:00 DEBUG 8468 --- [DistributionNode] [http-nio-8081-exec-5] r.v.D.services.ClassLoaderService        : Типы параметров метода: [ru.vaschenko.TaskCoordinator.dto.Task task]
2025-03-31T22:24:10.976+04:00 DEBUG 8468 --- [DistributionNode] [http-nio-8081-exec-5] r.v.D.services.ClassLoaderService        : Переданные параметры: [Task[alphabet=[A, B, C, D], matrix=[[A, null, null, null], [null, A, null, C], [C, null, A, null], [null, C, null, A]]]]
2025-03-31T22:24:11.018+04:00  INFO 8468 --- [DistributionNode] [http-nio-8081-exec-8] r.v.D.services.JarStorageService         : JAR-файл сохранен: target\jars\task-5236695d-2b69-43dc-97e2-b48a24deb081.jar
2025-03-31T22:24:11.018+04:00 DEBUG 8468 --- [DistributionNode] [http-nio-8081-exec-8] r.v.D.services.ClassLoaderService        : Вызываем метод generationSubtasks из класса DefaultDistributor
2025-03-31T22:24:11.018+04:00 DEBUG 8468 --- [DistributionNode] [http-nio-8081-exec-8] r.v.D.services.ClassLoaderService        : Создан экземпляр класса ru.vaschenko.TaskCoordinator.computation.DefaultDistributor
2025-03-31T22:24:11.018+04:00 DEBUG 8468 --- [DistributionNode] [http-nio-8081-exec-8] r.v.D.services.ClassLoaderService        : Типы параметров метода: [ru.vaschenko.TaskCoordinator.dto.Task task]
2025-03-31T22:24:11.020+04:00 DEBUG 8468 --- [DistributionNode] [http-nio-8081-exec-8] r.v.D.services.ClassLoaderService        : Переданные параметры: [Task[alphabet=[A, B, C, D], matrix=[[A, null, null, null], [null, A, null, C], [C, null, A, null], [null, C, null, A]]]]
2025-03-31T22:24:11.311+04:00 DEBUG 8468 --- [DistributionNode] [http-nio-8081-exec-9] r.v.D.services.ClassLoaderService        : Вызываем метод collect из класса DefaultCollector
2025-03-31T22:24:11.311+04:00 DEBUG 8468 --- [DistributionNode] [http-nio-8081-exec-9] r.v.D.services.ClassLoaderService        : Создан экземпляр класса ru.vaschenko.TaskCoordinator.computation.DefaultCollector
2025-03-31T22:24:11.311+04:00 DEBUG 8468 --- [DistributionNode] [http-nio-8081-exec-9] r.v.D.services.ClassLoaderService        : Типы параметров метода: [java.util.List<ru.vaschenko.TaskCoordinator.dto.ResultLatinSquare> re]
2025-03-31T22:24:11.311+04:00 DEBUG 8468 --- [DistributionNode] [http-nio-8081-exec-9] r.v.D.services.ClassLoaderService        : Переданные параметры: [[]]
2025-03-31T22:24:11.359+04:00 DEBUG 8468 --- [DistributionNode] [http-nio-8081-exec-6] r.v.D.services.ClassLoaderService        : Вызываем метод collect из класса DefaultCollector
2025-03-31T22:24:11.359+04:00 DEBUG 8468 --- [DistributionNode] [http-nio-8081-exec-6] r.v.D.services.ClassLoaderService        : Создан экземпляр класса ru.vaschenko.TaskCoordinator.computation.DefaultCollector
2025-03-31T22:24:11.359+04:00 DEBUG 8468 --- [DistributionNode] [http-nio-8081-exec-6] r.v.D.services.ClassLoaderService        : Типы параметров метода: [java.util.List<ru.vaschenko.TaskCoordinator.dto.ResultLatinSquare> re]
2025-03-31T22:24:11.359+04:00 DEBUG 8468 --- [DistributionNode] [http-nio-8081-exec-6] r.v.D.services.ClassLoaderService        : Переданные параметры: [[{matrix=[[A, D, C, B], [B, A, D, C], [C, B, A, D], [D, C, B, A]]}, {matrix=[[A, D, C, B], [D, A, B, C], [C, B, A, D], [B, C, D, A]]}]]
2025-03-31T22:24:12.071+04:00  INFO 8468 --- [DistributionNode] [http-nio-8081-exec-7] r.v.D.services.JarStorageService         : JAR-файл сохранен: target\jars\task-88607b41-3c26-4d96-9fb7-f055d349b457.jar
2025-03-31T22:24:12.071+04:00 DEBUG 8468 --- [DistributionNode] [http-nio-8081-exec-7] r.v.D.services.ClassLoaderService        : Вызываем метод generationSubtasks из класса DefaultDistributor
2025-03-31T22:24:12.071+04:00 DEBUG 8468 --- [DistributionNode] [http-nio-8081-exec-7] r.v.D.services.ClassLoaderService        : Создан экземпляр класса ru.vaschenko.TaskCoordinator.computation.DefaultDistributor
2025-03-31T22:24:12.074+04:00 DEBUG 8468 --- [DistributionNode] [http-nio-8081-exec-7] r.v.D.services.ClassLoaderService        : Типы параметров метода: [ru.vaschenko.TaskCoordinator.dto.Task task]
2025-03-31T22:24:12.076+04:00 DEBUG 8468 --- [DistributionNode] [http-nio-8081-exec-7] r.v.D.services.ClassLoaderService        : Переданные параметры: [Task[alphabet=[A, B, C, D], matrix=[[A, null, null, null], [null, A, null, C], [C, null, A, null], [null, C, null, A]]]]
2025-03-31T22:24:12.342+04:00 DEBUG 8468 --- [DistributionNode] [http-nio-8081-exec-10] r.v.D.services.ClassLoaderService        : Вызываем метод collect из класса DefaultCollector
2025-03-31T22:24:12.342+04:00 DEBUG 8468 --- [DistributionNode] [http-nio-8081-exec-10] r.v.D.services.ClassLoaderService        : Создан экземпляр класса ru.vaschenko.TaskCoordinator.computation.DefaultCollector
2025-03-31T22:24:12.342+04:00 DEBUG 8468 --- [DistributionNode] [http-nio-8081-exec-10] r.v.D.services.ClassLoaderService        : Типы параметров метода: [java.util.List<ru.vaschenko.TaskCoordinator.dto.ResultLatinSquare> re]
2025-03-31T22:24:12.342+04:00 DEBUG 8468 --- [DistributionNode] [http-nio-8081-exec-10] r.v.D.services.ClassLoaderService        : Переданные параметры: [[]]
