2025-03-25T22:42:01.980+04:00  INFO 8060 --- [ServiceDiscovery] [main] r.v.S.ServiceDiscoveryApplication        : Starting ServiceDiscoveryApplication using Java 22.0.2 with PID 8060 (C:\Users\Ann\Desktop\study\огв\grid framework\ServiceDiscovery\target\classes started by Ann in C:\Users\Ann\Desktop\study\огв\grid framework\ServiceDiscovery)
2025-03-25T22:42:02.050+04:00 DEBUG 8060 --- [ServiceDiscovery] [main] r.v.S.ServiceDiscoveryApplication        : Running with Spring Boot v3.3.5, Spring v6.1.14
2025-03-25T22:42:02.052+04:00  INFO 8060 --- [ServiceDiscovery] [main] r.v.S.ServiceDiscoveryApplication        : No active profile set, falling back to 1 default profile: "default"
2025-03-25T22:42:41.766+04:00  INFO 8060 --- [ServiceDiscovery] [main] o.s.cloud.context.scope.GenericScope     : BeanFactory id=fc676f0b-2e84-30fe-8ba4-99b076e6dea2
2025-03-25T22:42:48.663+04:00  INFO 8060 --- [ServiceDiscovery] [main] o.s.b.w.embedded.tomcat.TomcatWebServer  : Tomcat initialized with port 8083 (http)
2025-03-25T22:42:48.991+04:00  INFO 8060 --- [ServiceDiscovery] [main] o.apache.catalina.core.StandardService   : Starting service [Tomcat]
2025-03-25T22:42:48.993+04:00  INFO 8060 --- [ServiceDiscovery] [main] o.apache.catalina.core.StandardEngine    : Starting Servlet engine: [Apache Tomcat/10.1.31]
2025-03-25T22:42:49.240+04:00  INFO 8060 --- [ServiceDiscovery] [main] o.a.c.c.C.[Tomcat].[localhost].[/]       : Initializing Spring embedded WebApplicationContext
2025-03-25T22:42:49.242+04:00  INFO 8060 --- [ServiceDiscovery] [main] w.s.c.ServletWebServerApplicationContext : Root WebApplicationContext: initialization completed in 43216 ms
2025-03-25T22:43:05.922+04:00  INFO 8060 --- [ServiceDiscovery] [main] o.s.b.w.embedded.tomcat.TomcatWebServer  : Tomcat started on port 8083 (http) with context path '/'
2025-03-25T22:43:06.321+04:00  INFO 8060 --- [ServiceDiscovery] [main] r.v.S.ServiceDiscoveryApplication        : Started ServiceDiscoveryApplication in 81.027 seconds (process running for 89.039)
2025-03-25T22:44:18.983+04:00  INFO 8060 --- [ServiceDiscovery] [http-nio-8083-exec-1] o.a.c.c.C.[Tomcat].[localhost].[/]       : Initializing Spring DispatcherServlet 'dispatcherServlet'
2025-03-25T22:44:18.983+04:00  INFO 8060 --- [ServiceDiscovery] [http-nio-8083-exec-1] o.s.web.servlet.DispatcherServlet        : Initializing Servlet 'dispatcherServlet'
2025-03-25T22:44:18.983+04:00  INFO 8060 --- [ServiceDiscovery] [http-nio-8083-exec-1] o.s.web.servlet.DispatcherServlet        : Completed initialization in 0 ms
2025-03-25T22:44:19.218+04:00  INFO 8060 --- [ServiceDiscovery] [http-nio-8083-exec-1] r.v.S.c.NodeManagementController         : Регистрация ноды NodeRegisterDto[type=COMPUTING, nodeUrl=http://localhost:8082]
2025-03-25T22:44:38.218+04:00  INFO 8060 --- [ServiceDiscovery] [http-nio-8083-exec-2] r.v.S.c.NodeManagementController         : Регистрация ноды NodeRegisterDto[type=DISTRIBUTION, nodeUrl=http://localhost:8081]
2025-03-25T22:44:51.085+04:00  INFO 8060 --- [ServiceDiscovery] [http-nio-8083-exec-3] r.v.S.services.TaskManagementService     : Начинаем решение задачи FullTaskRequest[args={task={alphabet=[A, B, C, D], matrix=[[A, null, null, null], [null, A, null, C], [C, null, A, null], [null, C, null, A]]}}, jarToDist=[B@7ff1b1d5, jarToComp=[B@6a25e2ca]
2025-03-25T22:44:51.388+04:00  INFO 8060 --- [ServiceDiscovery] [http-nio-8083-exec-3] r.v.S.services.TaskManagementService     : Следующая подзадача {subTask={treeLevel=1, number=0, matrix=[[A, null, null, null], [null, A, null, C], [C, null, A, null], [null, C, null, A]], alphabet=[A, B, C, D]}}
2025-03-25T22:44:51.388+04:00  INFO 8060 --- [ServiceDiscovery] [http-nio-8083-exec-3] r.v.S.services.TaskManagementService     : Свободная нода найдена - NodeInformation(nodeUrl=http://localhost:8082, subTaskRequest=null, lastResponseTime=null)
2025-03-25T22:44:51.388+04:00  INFO 8060 --- [ServiceDiscovery] [http-nio-8083-exec-3] r.v.S.services.TaskManagementService     : Новая подзадачка SubTaskRequest[args={subTask={treeLevel=1, number=0, matrix=[[A, null, null, null], [null, A, null, C], [C, null, A, null], [null, C, null, A]], alphabet=[A, B, C, D]}}, jar=[B@6a25e2ca]
2025-03-25T22:44:52.016+04:00  INFO 8060 --- [ServiceDiscovery] [http-nio-8083-exec-3] r.v.S.services.TaskManagementService     : Решение подзадачки {re=[]}
2025-03-25T22:44:52.056+04:00  INFO 8060 --- [ServiceDiscovery] [http-nio-8083-exec-3] r.v.S.services.TaskManagementService     : Следующая подзадача {subTask={treeLevel=1, number=1, matrix=[[A, null, null, null], [null, A, null, C], [C, null, A, null], [null, C, null, A]], alphabet=[A, B, C, D]}}
2025-03-25T22:44:52.056+04:00  INFO 8060 --- [ServiceDiscovery] [http-nio-8083-exec-3] r.v.S.services.TaskManagementService     : Свободная нода найдена - NodeInformation(nodeUrl=http://localhost:8082, subTaskRequest=null, lastResponseTime=null)
2025-03-25T22:44:52.067+04:00  INFO 8060 --- [ServiceDiscovery] [http-nio-8083-exec-3] r.v.S.services.TaskManagementService     : Новая подзадачка SubTaskRequest[args={subTask={treeLevel=1, number=1, matrix=[[A, null, null, null], [null, A, null, C], [C, null, A, null], [null, C, null, A]], alphabet=[A, B, C, D]}}, jar=[B@6a25e2ca]
2025-03-25T22:44:52.399+04:00  INFO 8060 --- [ServiceDiscovery] [http-nio-8083-exec-3] r.v.S.services.TaskManagementService     : Решение подзадачки {re=[{matrix=[[A, B, C, D], [B, A, D, C], [C, D, A, B], [D, C, B, A]]}, {matrix=[[A, B, C, D], [D, A, B, C], [C, D, A, B], [B, C, D, A]]}]}
2025-03-25T22:44:52.432+04:00  INFO 8060 --- [ServiceDiscovery] [http-nio-8083-exec-3] r.v.S.services.TaskManagementService     : Следующая подзадача {subTask={treeLevel=1, number=2, matrix=[[A, null, null, null], [null, A, null, C], [C, null, A, null], [null, C, null, A]], alphabet=[A, B, C, D]}}
2025-03-25T22:44:52.432+04:00  INFO 8060 --- [ServiceDiscovery] [http-nio-8083-exec-3] r.v.S.services.TaskManagementService     : Свободная нода найдена - NodeInformation(nodeUrl=http://localhost:8082, subTaskRequest=null, lastResponseTime=null)
2025-03-25T22:44:52.432+04:00  INFO 8060 --- [ServiceDiscovery] [http-nio-8083-exec-3] r.v.S.services.TaskManagementService     : Новая подзадачка SubTaskRequest[args={subTask={treeLevel=1, number=2, matrix=[[A, null, null, null], [null, A, null, C], [C, null, A, null], [null, C, null, A]], alphabet=[A, B, C, D]}}, jar=[B@6a25e2ca]
2025-03-25T22:44:52.767+04:00  INFO 8060 --- [ServiceDiscovery] [http-nio-8083-exec-3] r.v.S.services.TaskManagementService     : Решение подзадачки {re=[]}
2025-03-25T22:44:52.807+04:00  INFO 8060 --- [ServiceDiscovery] [http-nio-8083-exec-3] r.v.S.services.TaskManagementService     : Следующая подзадача {subTask={treeLevel=1, number=3, matrix=[[A, null, null, null], [null, A, null, C], [C, null, A, null], [null, C, null, A]], alphabet=[A, B, C, D]}}
2025-03-25T22:44:52.807+04:00  INFO 8060 --- [ServiceDiscovery] [http-nio-8083-exec-3] r.v.S.services.TaskManagementService     : Свободная нода найдена - NodeInformation(nodeUrl=http://localhost:8082, subTaskRequest=null, lastResponseTime=null)
2025-03-25T22:44:52.807+04:00  INFO 8060 --- [ServiceDiscovery] [http-nio-8083-exec-3] r.v.S.services.TaskManagementService     : Новая подзадачка SubTaskRequest[args={subTask={treeLevel=1, number=3, matrix=[[A, null, null, null], [null, A, null, C], [C, null, A, null], [null, C, null, A]], alphabet=[A, B, C, D]}}, jar=[B@6a25e2ca]
2025-03-25T22:44:53.152+04:00  INFO 8060 --- [ServiceDiscovery] [http-nio-8083-exec-3] r.v.S.services.TaskManagementService     : Решение подзадачки {re=[{matrix=[[A, D, C, B], [B, A, D, C], [C, B, A, D], [D, C, B, A]]}, {matrix=[[A, D, C, B], [D, A, B, C], [C, B, A, D], [B, C, D, A]]}]}
2025-03-25T22:44:53.167+04:00  INFO 8060 --- [ServiceDiscovery] [http-nio-8083-exec-3] r.v.S.services.TaskManagementService     : Следующая подзадача {subTask={treeLevel=1, number=4, matrix=[[A, null, null, null], [null, A, null, C], [C, null, A, null], [null, C, null, A]], alphabet=[A, B, C, D]}}
2025-03-25T22:44:53.184+04:00  INFO 8060 --- [ServiceDiscovery] [http-nio-8083-exec-3] r.v.S.services.TaskManagementService     : Свободная нода найдена - NodeInformation(nodeUrl=http://localhost:8082, subTaskRequest=null, lastResponseTime=null)
2025-03-25T22:44:53.184+04:00  INFO 8060 --- [ServiceDiscovery] [http-nio-8083-exec-3] r.v.S.services.TaskManagementService     : Новая подзадачка SubTaskRequest[args={subTask={treeLevel=1, number=4, matrix=[[A, null, null, null], [null, A, null, C], [C, null, A, null], [null, C, null, A]], alphabet=[A, B, C, D]}}, jar=[B@6a25e2ca]
2025-03-25T22:44:53.466+04:00  INFO 8060 --- [ServiceDiscovery] [http-nio-8083-exec-3] r.v.S.services.TaskManagementService     : Решение подзадачки {re=[]}
2025-03-25T22:44:53.499+04:00  INFO 8060 --- [ServiceDiscovery] [http-nio-8083-exec-3] r.v.S.services.TaskManagementService     : Следующая подзадача null
2025-03-25T22:44:53.499+04:00 DEBUG 8060 --- [ServiceDiscovery] [http-nio-8083-exec-3] r.v.S.services.TaskManagementService     : Начало конвертации в список. Получены nodeResults: [{re=[]}, {re=[{matrix=[[A, B, C, D], [B, A, D, C], [C, D, A, B], [D, C, B, A]]}, {matrix=[[A, B, C, D], [D, A, B, C], [C, D, A, B], [B, C, D, A]]}]}, {re=[]}, {re=[{matrix=[[A, D, C, B], [B, A, D, C], [C, B, A, D], [D, C, B, A]]}, {matrix=[[A, D, C, B], [D, A, B, C], [C, B, A, D], [B, C, D, A]]}]}, {re=[]}]
2025-03-25T22:44:53.499+04:00 DEBUG 8060 --- [ServiceDiscovery] [http-nio-8083-exec-3] r.v.S.services.TaskManagementService     : Конвертированные результаты: [{matrix=[[A, B, C, D], [B, A, D, C], [C, D, A, B], [D, C, B, A]]}, {matrix=[[A, B, C, D], [D, A, B, C], [C, D, A, B], [B, C, D, A]]}, {matrix=[[A, D, C, B], [B, A, D, C], [C, B, A, D], [D, C, B, A]]}, {matrix=[[A, D, C, B], [D, A, B, C], [C, B, A, D], [B, C, D, A]]}]
2025-03-25T22:44:53.499+04:00 DEBUG 8060 --- [ServiceDiscovery] [http-nio-8083-exec-3] r.v.S.services.TaskManagementService     : Возвращаемый результат: {re=[{matrix=[[A, B, C, D], [B, A, D, C], [C, D, A, B], [D, C, B, A]]}, {matrix=[[A, B, C, D], [D, A, B, C], [C, D, A, B], [B, C, D, A]]}, {matrix=[[A, D, C, B], [B, A, D, C], [C, B, A, D], [D, C, B, A]]}, {matrix=[[A, D, C, B], [D, A, B, C], [C, B, A, D], [B, C, D, A]]}]}
2025-03-25T22:47:19.567+04:00  INFO 244 --- [ServiceDiscovery] [main] r.v.S.ServiceDiscoveryApplication        : Starting ServiceDiscoveryApplication using Java 22.0.2 with PID 244 (C:\Users\Ann\Desktop\study\огв\grid framework\ServiceDiscovery\target\classes started by Ann in C:\Users\Ann\Desktop\study\огв\grid framework\ServiceDiscovery)
2025-03-25T22:47:19.569+04:00 DEBUG 244 --- [ServiceDiscovery] [main] r.v.S.ServiceDiscoveryApplication        : Running with Spring Boot v3.3.5, Spring v6.1.14
2025-03-25T22:47:19.573+04:00  INFO 244 --- [ServiceDiscovery] [main] r.v.S.ServiceDiscoveryApplication        : No active profile set, falling back to 1 default profile: "default"
2025-03-25T22:47:27.739+04:00  INFO 244 --- [ServiceDiscovery] [main] o.s.cloud.context.scope.GenericScope     : BeanFactory id=fc676f0b-2e84-30fe-8ba4-99b076e6dea2
2025-03-25T22:47:31.748+04:00  INFO 244 --- [ServiceDiscovery] [main] o.s.b.w.embedded.tomcat.TomcatWebServer  : Tomcat initialized with port 8083 (http)
2025-03-25T22:47:31.779+04:00  INFO 244 --- [ServiceDiscovery] [main] o.apache.catalina.core.StandardService   : Starting service [Tomcat]
2025-03-25T22:47:31.779+04:00  INFO 244 --- [ServiceDiscovery] [main] o.apache.catalina.core.StandardEngine    : Starting Servlet engine: [Apache Tomcat/10.1.31]
2025-03-25T22:47:31.869+04:00  INFO 244 --- [ServiceDiscovery] [main] o.a.c.c.C.[Tomcat].[localhost].[/]       : Initializing Spring embedded WebApplicationContext
2025-03-25T22:47:31.869+04:00  INFO 244 --- [ServiceDiscovery] [main] w.s.c.ServletWebServerApplicationContext : Root WebApplicationContext: initialization completed in 12109 ms
2025-03-25T22:47:37.732+04:00  INFO 244 --- [ServiceDiscovery] [main] o.s.b.w.embedded.tomcat.TomcatWebServer  : Tomcat started on port 8083 (http) with context path '/'
2025-03-25T22:47:37.748+04:00  INFO 244 --- [ServiceDiscovery] [main] r.v.S.ServiceDiscoveryApplication        : Started ServiceDiscoveryApplication in 19.3 seconds (process running for 20.076)
2025-03-25T22:47:49.105+04:00  INFO 244 --- [ServiceDiscovery] [http-nio-8083-exec-1] o.a.c.c.C.[Tomcat].[localhost].[/]       : Initializing Spring DispatcherServlet 'dispatcherServlet'
2025-03-25T22:47:49.111+04:00  INFO 244 --- [ServiceDiscovery] [http-nio-8083-exec-1] o.s.web.servlet.DispatcherServlet        : Initializing Servlet 'dispatcherServlet'
2025-03-25T22:47:49.111+04:00  INFO 244 --- [ServiceDiscovery] [http-nio-8083-exec-1] o.s.web.servlet.DispatcherServlet        : Completed initialization in 0 ms
2025-03-25T22:47:49.335+04:00  INFO 244 --- [ServiceDiscovery] [http-nio-8083-exec-1] r.v.S.c.NodeManagementController         : Регистрация ноды NodeRegisterDto[type=DISTRIBUTION, nodeUrl=http://localhost:8081]
2025-03-25T22:47:51.608+04:00  INFO 244 --- [ServiceDiscovery] [http-nio-8083-exec-2] r.v.S.c.NodeManagementController         : Регистрация ноды NodeRegisterDto[type=COMPUTING, nodeUrl=http://localhost:8082]
2025-03-25T22:47:59.195+04:00  INFO 244 --- [ServiceDiscovery] [http-nio-8083-exec-3] r.v.S.services.TaskManagementService     : Начинаем решение задачи FullTaskRequest[args={task={alphabet=[A, B, C, D], matrix=[[A, null, null, null], [null, A, null, C], [C, null, A, null], [null, C, null, A]]}}, jarToDist=[B@1cf6babc, jarToComp=[B@d19375]
2025-03-25T22:47:59.398+04:00  INFO 244 --- [ServiceDiscovery] [http-nio-8083-exec-3] r.v.S.services.TaskManagementService     : Следующая подзадача {subTask={treeLevel=1, number=0, matrix=[[A, null, null, null], [null, A, null, C], [C, null, A, null], [null, C, null, A]], alphabet=[A, B, C, D]}}
2025-03-25T22:47:59.398+04:00  INFO 244 --- [ServiceDiscovery] [http-nio-8083-exec-3] r.v.S.services.TaskManagementService     : Свободная нода найдена - NodeInformation(nodeUrl=http://localhost:8082, subTaskRequest=null, lastResponseTime=null)
2025-03-25T22:47:59.398+04:00  INFO 244 --- [ServiceDiscovery] [http-nio-8083-exec-3] r.v.S.services.TaskManagementService     : Новая подзадачка SubTaskRequest[args={subTask={treeLevel=1, number=0, matrix=[[A, null, null, null], [null, A, null, C], [C, null, A, null], [null, C, null, A]], alphabet=[A, B, C, D]}}, jar=[B@d19375]
2025-03-25T22:47:59.694+04:00  INFO 244 --- [ServiceDiscovery] [http-nio-8083-exec-3] r.v.S.services.TaskManagementService     : Решение подзадачки {re=[]}
2025-03-25T22:47:59.735+04:00  INFO 244 --- [ServiceDiscovery] [http-nio-8083-exec-3] r.v.S.services.TaskManagementService     : Следующая подзадача {subTask={treeLevel=1, number=1, matrix=[[A, null, null, null], [null, A, null, C], [C, null, A, null], [null, C, null, A]], alphabet=[A, B, C, D]}}
2025-03-25T22:47:59.735+04:00  INFO 244 --- [ServiceDiscovery] [http-nio-8083-exec-3] r.v.S.services.TaskManagementService     : Свободная нода найдена - NodeInformation(nodeUrl=http://localhost:8082, subTaskRequest=null, lastResponseTime=null)
2025-03-25T22:47:59.735+04:00  INFO 244 --- [ServiceDiscovery] [http-nio-8083-exec-3] r.v.S.services.TaskManagementService     : Новая подзадачка SubTaskRequest[args={subTask={treeLevel=1, number=1, matrix=[[A, null, null, null], [null, A, null, C], [C, null, A, null], [null, C, null, A]], alphabet=[A, B, C, D]}}, jar=[B@d19375]
2025-03-25T22:48:00.098+04:00  INFO 244 --- [ServiceDiscovery] [http-nio-8083-exec-3] r.v.S.services.TaskManagementService     : Решение подзадачки {re=[{matrix=[[A, B, C, D], [B, A, D, C], [C, D, A, B], [D, C, B, A]]}, {matrix=[[A, B, C, D], [D, A, B, C], [C, D, A, B], [B, C, D, A]]}]}
2025-03-25T22:48:00.114+04:00  INFO 244 --- [ServiceDiscovery] [http-nio-8083-exec-3] r.v.S.services.TaskManagementService     : Следующая подзадача {subTask={treeLevel=1, number=2, matrix=[[A, null, null, null], [null, A, null, C], [C, null, A, null], [null, C, null, A]], alphabet=[A, B, C, D]}}
2025-03-25T22:48:00.114+04:00  INFO 244 --- [ServiceDiscovery] [http-nio-8083-exec-3] r.v.S.services.TaskManagementService     : Свободная нода найдена - NodeInformation(nodeUrl=http://localhost:8082, subTaskRequest=null, lastResponseTime=null)
2025-03-25T22:48:00.114+04:00  INFO 244 --- [ServiceDiscovery] [http-nio-8083-exec-3] r.v.S.services.TaskManagementService     : Новая подзадачка SubTaskRequest[args={subTask={treeLevel=1, number=2, matrix=[[A, null, null, null], [null, A, null, C], [C, null, A, null], [null, C, null, A]], alphabet=[A, B, C, D]}}, jar=[B@d19375]
2025-03-25T22:48:00.499+04:00  INFO 244 --- [ServiceDiscovery] [http-nio-8083-exec-3] r.v.S.services.TaskManagementService     : Решение подзадачки {re=[]}
2025-03-25T22:48:00.529+04:00  INFO 244 --- [ServiceDiscovery] [http-nio-8083-exec-3] r.v.S.services.TaskManagementService     : Следующая подзадача {subTask={treeLevel=1, number=3, matrix=[[A, null, null, null], [null, A, null, C], [C, null, A, null], [null, C, null, A]], alphabet=[A, B, C, D]}}
2025-03-25T22:48:00.529+04:00  INFO 244 --- [ServiceDiscovery] [http-nio-8083-exec-3] r.v.S.services.TaskManagementService     : Свободная нода найдена - NodeInformation(nodeUrl=http://localhost:8082, subTaskRequest=null, lastResponseTime=null)
2025-03-25T22:48:00.538+04:00  INFO 244 --- [ServiceDiscovery] [http-nio-8083-exec-3] r.v.S.services.TaskManagementService     : Новая подзадачка SubTaskRequest[args={subTask={treeLevel=1, number=3, matrix=[[A, null, null, null], [null, A, null, C], [C, null, A, null], [null, C, null, A]], alphabet=[A, B, C, D]}}, jar=[B@d19375]
2025-03-25T22:48:01.013+04:00  INFO 244 --- [ServiceDiscovery] [http-nio-8083-exec-3] r.v.S.services.TaskManagementService     : Решение подзадачки {re=[{matrix=[[A, D, C, B], [B, A, D, C], [C, B, A, D], [D, C, B, A]]}, {matrix=[[A, D, C, B], [D, A, B, C], [C, B, A, D], [B, C, D, A]]}]}
2025-03-25T22:48:01.058+04:00  INFO 244 --- [ServiceDiscovery] [http-nio-8083-exec-3] r.v.S.services.TaskManagementService     : Следующая подзадача {subTask={treeLevel=1, number=4, matrix=[[A, null, null, null], [null, A, null, C], [C, null, A, null], [null, C, null, A]], alphabet=[A, B, C, D]}}
2025-03-25T22:48:01.058+04:00  INFO 244 --- [ServiceDiscovery] [http-nio-8083-exec-3] r.v.S.services.TaskManagementService     : Свободная нода найдена - NodeInformation(nodeUrl=http://localhost:8082, subTaskRequest=null, lastResponseTime=null)
2025-03-25T22:48:01.058+04:00  INFO 244 --- [ServiceDiscovery] [http-nio-8083-exec-3] r.v.S.services.TaskManagementService     : Новая подзадачка SubTaskRequest[args={subTask={treeLevel=1, number=4, matrix=[[A, null, null, null], [null, A, null, C], [C, null, A, null], [null, C, null, A]], alphabet=[A, B, C, D]}}, jar=[B@d19375]
2025-03-25T22:48:01.352+04:00  INFO 244 --- [ServiceDiscovery] [http-nio-8083-exec-3] r.v.S.services.TaskManagementService     : Решение подзадачки {re=[]}
2025-03-25T22:48:01.368+04:00  INFO 244 --- [ServiceDiscovery] [http-nio-8083-exec-3] r.v.S.services.TaskManagementService     : Следующая подзадача null
2025-03-25T22:48:01.368+04:00 DEBUG 244 --- [ServiceDiscovery] [http-nio-8083-exec-3] r.v.S.services.TaskManagementService     : Начало конвертации в список. Получены nodeResults: [{re=[]}, {re=[{matrix=[[A, B, C, D], [B, A, D, C], [C, D, A, B], [D, C, B, A]]}, {matrix=[[A, B, C, D], [D, A, B, C], [C, D, A, B], [B, C, D, A]]}]}, {re=[]}, {re=[{matrix=[[A, D, C, B], [B, A, D, C], [C, B, A, D], [D, C, B, A]]}, {matrix=[[A, D, C, B], [D, A, B, C], [C, B, A, D], [B, C, D, A]]}]}, {re=[]}]
2025-03-25T22:48:01.368+04:00 DEBUG 244 --- [ServiceDiscovery] [http-nio-8083-exec-3] r.v.S.services.TaskManagementService     : Конвертированные результаты: [{matrix=[[A, B, C, D], [B, A, D, C], [C, D, A, B], [D, C, B, A]]}, {matrix=[[A, B, C, D], [D, A, B, C], [C, D, A, B], [B, C, D, A]]}, {matrix=[[A, D, C, B], [B, A, D, C], [C, B, A, D], [D, C, B, A]]}, {matrix=[[A, D, C, B], [D, A, B, C], [C, B, A, D], [B, C, D, A]]}]
2025-03-25T22:48:01.368+04:00 DEBUG 244 --- [ServiceDiscovery] [http-nio-8083-exec-3] r.v.S.services.TaskManagementService     : Возвращаемый результат: {re=[{matrix=[[A, B, C, D], [B, A, D, C], [C, D, A, B], [D, C, B, A]]}, {matrix=[[A, B, C, D], [D, A, B, C], [C, D, A, B], [B, C, D, A]]}, {matrix=[[A, D, C, B], [B, A, D, C], [C, B, A, D], [D, C, B, A]]}, {matrix=[[A, D, C, B], [D, A, B, C], [C, B, A, D], [B, C, D, A]]}]}
2025-03-25T22:48:37.766+04:00  INFO 244 --- [ServiceDiscovery] [scheduling-1] r.v.S.services.NotifyService             : notify node http://localhost:8082
2025-03-25T22:51:01.294+04:00  INFO 11828 --- [ServiceDiscovery] [main] r.v.S.ServiceDiscoveryApplication        : Starting ServiceDiscoveryApplication using Java 22.0.2 with PID 11828 (C:\Users\Ann\Desktop\study\огв\grid framework\ServiceDiscovery\target\classes started by Ann in C:\Users\Ann\Desktop\study\огв\grid framework\ServiceDiscovery)
2025-03-25T22:51:01.298+04:00 DEBUG 11828 --- [ServiceDiscovery] [main] r.v.S.ServiceDiscoveryApplication        : Running with Spring Boot v3.3.5, Spring v6.1.14
2025-03-25T22:51:01.302+04:00  INFO 11828 --- [ServiceDiscovery] [main] r.v.S.ServiceDiscoveryApplication        : No active profile set, falling back to 1 default profile: "default"
2025-03-25T22:51:03.551+04:00  INFO 11828 --- [ServiceDiscovery] [main] o.s.cloud.context.scope.GenericScope     : BeanFactory id=fc676f0b-2e84-30fe-8ba4-99b076e6dea2
2025-03-25T22:51:04.201+04:00  INFO 11828 --- [ServiceDiscovery] [main] o.s.b.w.embedded.tomcat.TomcatWebServer  : Tomcat initialized with port 8083 (http)
2025-03-25T22:51:04.217+04:00  INFO 11828 --- [ServiceDiscovery] [main] o.apache.catalina.core.StandardService   : Starting service [Tomcat]
2025-03-25T22:51:04.217+04:00  INFO 11828 --- [ServiceDiscovery] [main] o.apache.catalina.core.StandardEngine    : Starting Servlet engine: [Apache Tomcat/10.1.31]
2025-03-25T22:51:04.305+04:00  INFO 11828 --- [ServiceDiscovery] [main] o.a.c.c.C.[Tomcat].[localhost].[/]       : Initializing Spring embedded WebApplicationContext
2025-03-25T22:51:04.305+04:00  INFO 11828 --- [ServiceDiscovery] [main] w.s.c.ServletWebServerApplicationContext : Root WebApplicationContext: initialization completed in 2847 ms
2025-03-25T22:51:10.379+04:00  INFO 11828 --- [ServiceDiscovery] [main] o.s.b.w.embedded.tomcat.TomcatWebServer  : Tomcat started on port 8083 (http) with context path '/'
2025-03-25T22:51:10.395+04:00  INFO 11828 --- [ServiceDiscovery] [main] r.v.S.ServiceDiscoveryApplication        : Started ServiceDiscoveryApplication in 15.056 seconds (process running for 15.747)
2025-03-25T22:51:38.126+04:00  INFO 11828 --- [ServiceDiscovery] [http-nio-8083-exec-1] o.a.c.c.C.[Tomcat].[localhost].[/]       : Initializing Spring DispatcherServlet 'dispatcherServlet'
2025-03-25T22:51:38.139+04:00  INFO 11828 --- [ServiceDiscovery] [http-nio-8083-exec-1] o.s.web.servlet.DispatcherServlet        : Initializing Servlet 'dispatcherServlet'
2025-03-25T22:51:38.145+04:00  INFO 11828 --- [ServiceDiscovery] [http-nio-8083-exec-1] o.s.web.servlet.DispatcherServlet        : Completed initialization in 4 ms
2025-03-25T22:51:38.474+04:00  INFO 11828 --- [ServiceDiscovery] [http-nio-8083-exec-1] r.v.S.c.NodeManagementController         : Регистрация ноды NodeRegisterDto[type=DISTRIBUTION, nodeUrl=http://localhost:8081]
2025-03-25T22:51:42.473+04:00  INFO 11828 --- [ServiceDiscovery] [http-nio-8083-exec-2] r.v.S.c.NodeManagementController         : Регистрация ноды NodeRegisterDto[type=COMPUTING, nodeUrl=http://localhost:8082]
2025-03-25T22:52:10.405+04:00  INFO 11828 --- [ServiceDiscovery] [scheduling-1] r.v.S.services.NotifyService             : notify node http://localhost:8082
2025-03-25T22:52:10.436+04:00  INFO 11828 --- [ServiceDiscovery] [scheduling-1] r.v.S.services.NotifyService             : Нода http://localhost:8082 отаетила
2025-03-25T22:53:10.415+04:00  INFO 11828 --- [ServiceDiscovery] [scheduling-1] r.v.S.services.NotifyService             : notify node http://localhost:8082
2025-03-25T22:53:10.433+04:00  WARN 11828 --- [ServiceDiscovery] [scheduling-1] r.v.S.services.NotifyService             : Нода http://localhost:8082 не отаетила
2025-03-25T23:06:57.247+04:00  INFO 4032 --- [ServiceDiscovery] [main] r.v.S.ServiceDiscoveryApplication        : Starting ServiceDiscoveryApplication using Java 22.0.2 with PID 4032 (C:\Users\Ann\Desktop\study\огв\grid framework\ServiceDiscovery\target\classes started by Ann in C:\Users\Ann\Desktop\study\огв\grid framework\ServiceDiscovery)
2025-03-25T23:06:57.259+04:00 DEBUG 4032 --- [ServiceDiscovery] [main] r.v.S.ServiceDiscoveryApplication        : Running with Spring Boot v3.3.5, Spring v6.1.14
2025-03-25T23:06:57.262+04:00  INFO 4032 --- [ServiceDiscovery] [main] r.v.S.ServiceDiscoveryApplication        : No active profile set, falling back to 1 default profile: "default"
2025-03-25T23:07:21.008+04:00  INFO 4032 --- [ServiceDiscovery] [main] o.s.cloud.context.scope.GenericScope     : BeanFactory id=fc676f0b-2e84-30fe-8ba4-99b076e6dea2
2025-03-25T23:07:27.428+04:00  INFO 4032 --- [ServiceDiscovery] [main] o.s.b.w.embedded.tomcat.TomcatWebServer  : Tomcat initialized with port 8083 (http)
2025-03-25T23:07:28.234+04:00  INFO 4032 --- [ServiceDiscovery] [main] o.apache.catalina.core.StandardService   : Starting service [Tomcat]
2025-03-25T23:07:28.257+04:00  INFO 4032 --- [ServiceDiscovery] [main] o.apache.catalina.core.StandardEngine    : Starting Servlet engine: [Apache Tomcat/10.1.31]
2025-03-25T23:07:31.803+04:00  INFO 4032 --- [ServiceDiscovery] [main] o.a.c.c.C.[Tomcat].[localhost].[/]       : Initializing Spring embedded WebApplicationContext
2025-03-25T23:07:31.810+04:00  INFO 4032 --- [ServiceDiscovery] [main] w.s.c.ServletWebServerApplicationContext : Root WebApplicationContext: initialization completed in 34380 ms
2025-03-25T23:07:44.894+04:00  INFO 4032 --- [ServiceDiscovery] [main] o.s.b.w.embedded.tomcat.TomcatWebServer  : Tomcat started on port 8083 (http) with context path '/'
2025-03-25T23:07:44.944+04:00  INFO 4032 --- [ServiceDiscovery] [main] r.v.S.ServiceDiscoveryApplication        : Started ServiceDiscoveryApplication in 64.375 seconds (process running for 70.651)
2025-03-25T23:09:13.848+04:00  INFO 4032 --- [ServiceDiscovery] [http-nio-8083-exec-1] o.a.c.c.C.[Tomcat].[localhost].[/]       : Initializing Spring DispatcherServlet 'dispatcherServlet'
2025-03-25T23:09:13.850+04:00  INFO 4032 --- [ServiceDiscovery] [http-nio-8083-exec-1] o.s.web.servlet.DispatcherServlet        : Initializing Servlet 'dispatcherServlet'
2025-03-25T23:09:13.854+04:00  INFO 4032 --- [ServiceDiscovery] [http-nio-8083-exec-1] o.s.web.servlet.DispatcherServlet        : Completed initialization in 3 ms
2025-03-25T23:09:14.181+04:00  INFO 4032 --- [ServiceDiscovery] [http-nio-8083-exec-1] r.v.S.c.NodeManagementController         : Регистрация ноды NodeRegisterDto[type=COMPUTING, nodeUrl=http://localhost:8084]
2025-03-25T23:09:18.693+04:00  INFO 4032 --- [ServiceDiscovery] [http-nio-8083-exec-2] r.v.S.c.NodeManagementController         : Регистрация ноды NodeRegisterDto[type=COMPUTING, nodeUrl=http://localhost:8082]
2025-03-25T23:09:25.882+04:00  INFO 4032 --- [ServiceDiscovery] [http-nio-8083-exec-3] r.v.S.c.NodeManagementController         : Регистрация ноды NodeRegisterDto[type=DISTRIBUTION, nodeUrl=http://localhost:8081]
2025-03-25T23:09:37.848+04:00  INFO 4032 --- [ServiceDiscovery] [http-nio-8083-exec-4] r.v.S.services.TaskManagementService     : Начинаем решение задачи FullTaskRequest[args={task={alphabet=[A, B, C, D], matrix=[[A, null, null, null], [null, A, null, C], [C, null, A, null], [null, C, null, A]]}}, jarToDist=[B@1e51cae9, jarToComp=[B@69240937]
2025-03-25T23:09:38.165+04:00  INFO 4032 --- [ServiceDiscovery] [http-nio-8083-exec-4] r.v.S.services.TaskManagementService     : Следующая подзадача {subTask={treeLevel=1, number=0, matrix=[[A, null, null, null], [null, A, null, C], [C, null, A, null], [null, C, null, A]], alphabet=[A, B, C, D]}}
2025-03-25T23:09:38.168+04:00  INFO 4032 --- [ServiceDiscovery] [http-nio-8083-exec-4] r.v.S.services.TaskManagementService     : Свободная нода найдена - NodeInformation(nodeUrl=http://localhost:8084, subTaskRequest=null, lastResponseTime=null)
2025-03-25T23:09:38.169+04:00  INFO 4032 --- [ServiceDiscovery] [http-nio-8083-exec-4] r.v.S.services.TaskManagementService     : Новая подзадачка SubTaskRequest[args={subTask={treeLevel=1, number=0, matrix=[[A, null, null, null], [null, A, null, C], [C, null, A, null], [null, C, null, A]], alphabet=[A, B, C, D]}}, jar=[B@69240937]
2025-03-25T23:09:38.776+04:00  INFO 4032 --- [ServiceDiscovery] [http-nio-8083-exec-4] r.v.S.services.TaskManagementService     : Решение подзадачки {re=[]}
2025-03-25T23:09:38.810+04:00  INFO 4032 --- [ServiceDiscovery] [http-nio-8083-exec-4] r.v.S.services.TaskManagementService     : Следующая подзадача {subTask={treeLevel=1, number=1, matrix=[[A, null, null, null], [null, A, null, C], [C, null, A, null], [null, C, null, A]], alphabet=[A, B, C, D]}}
2025-03-25T23:09:38.811+04:00  INFO 4032 --- [ServiceDiscovery] [http-nio-8083-exec-4] r.v.S.services.TaskManagementService     : Свободная нода найдена - NodeInformation(nodeUrl=http://localhost:8082, subTaskRequest=null, lastResponseTime=null)
2025-03-25T23:09:38.812+04:00  INFO 4032 --- [ServiceDiscovery] [http-nio-8083-exec-4] r.v.S.services.TaskManagementService     : Новая подзадачка SubTaskRequest[args={subTask={treeLevel=1, number=1, matrix=[[A, null, null, null], [null, A, null, C], [C, null, A, null], [null, C, null, A]], alphabet=[A, B, C, D]}}, jar=[B@69240937]
2025-03-25T23:09:39.340+04:00  INFO 4032 --- [ServiceDiscovery] [http-nio-8083-exec-4] r.v.S.services.TaskManagementService     : Решение подзадачки {re=[{matrix=[[A, B, C, D], [B, A, D, C], [C, D, A, B], [D, C, B, A]]}, {matrix=[[A, B, C, D], [D, A, B, C], [C, D, A, B], [B, C, D, A]]}]}
2025-03-25T23:09:39.377+04:00  INFO 4032 --- [ServiceDiscovery] [http-nio-8083-exec-4] r.v.S.services.TaskManagementService     : Следующая подзадача {subTask={treeLevel=1, number=2, matrix=[[A, null, null, null], [null, A, null, C], [C, null, A, null], [null, C, null, A]], alphabet=[A, B, C, D]}}
2025-03-25T23:09:39.378+04:00  INFO 4032 --- [ServiceDiscovery] [http-nio-8083-exec-4] r.v.S.services.TaskManagementService     : Свободная нода найдена - NodeInformation(nodeUrl=http://localhost:8084, subTaskRequest=null, lastResponseTime=null)
2025-03-25T23:09:39.378+04:00  INFO 4032 --- [ServiceDiscovery] [http-nio-8083-exec-4] r.v.S.services.TaskManagementService     : Новая подзадачка SubTaskRequest[args={subTask={treeLevel=1, number=2, matrix=[[A, null, null, null], [null, A, null, C], [C, null, A, null], [null, C, null, A]], alphabet=[A, B, C, D]}}, jar=[B@69240937]
2025-03-25T23:09:39.760+04:00  INFO 4032 --- [ServiceDiscovery] [http-nio-8083-exec-4] r.v.S.services.TaskManagementService     : Решение подзадачки {re=[]}
2025-03-25T23:09:39.791+04:00  INFO 4032 --- [ServiceDiscovery] [http-nio-8083-exec-4] r.v.S.services.TaskManagementService     : Следующая подзадача {subTask={treeLevel=1, number=3, matrix=[[A, null, null, null], [null, A, null, C], [C, null, A, null], [null, C, null, A]], alphabet=[A, B, C, D]}}
2025-03-25T23:09:39.792+04:00  INFO 4032 --- [ServiceDiscovery] [http-nio-8083-exec-4] r.v.S.services.TaskManagementService     : Свободная нода найдена - NodeInformation(nodeUrl=http://localhost:8082, subTaskRequest=null, lastResponseTime=null)
2025-03-25T23:09:39.792+04:00  INFO 4032 --- [ServiceDiscovery] [http-nio-8083-exec-4] r.v.S.services.TaskManagementService     : Новая подзадачка SubTaskRequest[args={subTask={treeLevel=1, number=3, matrix=[[A, null, null, null], [null, A, null, C], [C, null, A, null], [null, C, null, A]], alphabet=[A, B, C, D]}}, jar=[B@69240937]
2025-03-25T23:09:40.228+04:00  INFO 4032 --- [ServiceDiscovery] [http-nio-8083-exec-4] r.v.S.services.TaskManagementService     : Решение подзадачки {re=[{matrix=[[A, D, C, B], [B, A, D, C], [C, B, A, D], [D, C, B, A]]}, {matrix=[[A, D, C, B], [D, A, B, C], [C, B, A, D], [B, C, D, A]]}]}
2025-03-25T23:09:40.260+04:00  INFO 4032 --- [ServiceDiscovery] [http-nio-8083-exec-4] r.v.S.services.TaskManagementService     : Следующая подзадача {subTask={treeLevel=1, number=4, matrix=[[A, null, null, null], [null, A, null, C], [C, null, A, null], [null, C, null, A]], alphabet=[A, B, C, D]}}
2025-03-25T23:09:40.260+04:00  INFO 4032 --- [ServiceDiscovery] [http-nio-8083-exec-4] r.v.S.services.TaskManagementService     : Свободная нода найдена - NodeInformation(nodeUrl=http://localhost:8084, subTaskRequest=null, lastResponseTime=null)
2025-03-25T23:09:40.261+04:00  INFO 4032 --- [ServiceDiscovery] [http-nio-8083-exec-4] r.v.S.services.TaskManagementService     : Новая подзадачка SubTaskRequest[args={subTask={treeLevel=1, number=4, matrix=[[A, null, null, null], [null, A, null, C], [C, null, A, null], [null, C, null, A]], alphabet=[A, B, C, D]}}, jar=[B@69240937]
2025-03-25T23:09:40.581+04:00  INFO 4032 --- [ServiceDiscovery] [http-nio-8083-exec-4] r.v.S.services.TaskManagementService     : Решение подзадачки {re=[]}
2025-03-25T23:09:40.607+04:00  INFO 4032 --- [ServiceDiscovery] [http-nio-8083-exec-4] r.v.S.services.TaskManagementService     : Следующая подзадача null
2025-03-25T23:09:40.607+04:00 DEBUG 4032 --- [ServiceDiscovery] [http-nio-8083-exec-4] r.v.S.services.TaskManagementService     : Начало конвертации в список. Получены nodeResults: [{re=[]}, {re=[{matrix=[[A, B, C, D], [B, A, D, C], [C, D, A, B], [D, C, B, A]]}, {matrix=[[A, B, C, D], [D, A, B, C], [C, D, A, B], [B, C, D, A]]}]}, {re=[]}, {re=[{matrix=[[A, D, C, B], [B, A, D, C], [C, B, A, D], [D, C, B, A]]}, {matrix=[[A, D, C, B], [D, A, B, C], [C, B, A, D], [B, C, D, A]]}]}, {re=[]}]
2025-03-25T23:09:40.609+04:00 DEBUG 4032 --- [ServiceDiscovery] [http-nio-8083-exec-4] r.v.S.services.TaskManagementService     : Конвертированные результаты: [{matrix=[[A, B, C, D], [B, A, D, C], [C, D, A, B], [D, C, B, A]]}, {matrix=[[A, B, C, D], [D, A, B, C], [C, D, A, B], [B, C, D, A]]}, {matrix=[[A, D, C, B], [B, A, D, C], [C, B, A, D], [D, C, B, A]]}, {matrix=[[A, D, C, B], [D, A, B, C], [C, B, A, D], [B, C, D, A]]}]
2025-03-25T23:09:40.609+04:00 DEBUG 4032 --- [ServiceDiscovery] [http-nio-8083-exec-4] r.v.S.services.TaskManagementService     : Возвращаемый результат: {re=[{matrix=[[A, B, C, D], [B, A, D, C], [C, D, A, B], [D, C, B, A]]}, {matrix=[[A, B, C, D], [D, A, B, C], [C, D, A, B], [B, C, D, A]]}, {matrix=[[A, D, C, B], [B, A, D, C], [C, B, A, D], [D, C, B, A]]}, {matrix=[[A, D, C, B], [D, A, B, C], [C, B, A, D], [B, C, D, A]]}]}
2025-03-25T23:09:44.950+04:00  INFO 4032 --- [ServiceDiscovery] [scheduling-1] r.v.S.services.NotifyService             : notify node http://localhost:8084
2025-03-25T23:09:44.961+04:00  INFO 4032 --- [ServiceDiscovery] [scheduling-1] r.v.S.services.NotifyService             : Нода http://localhost:8084 отаетила
2025-03-25T23:09:44.961+04:00  INFO 4032 --- [ServiceDiscovery] [scheduling-1] r.v.S.services.NotifyService             : notify node http://localhost:8082
2025-03-25T23:09:44.970+04:00  INFO 4032 --- [ServiceDiscovery] [scheduling-1] r.v.S.services.NotifyService             : Нода http://localhost:8082 отаетила
2025-03-25T23:10:44.952+04:00  INFO 4032 --- [ServiceDiscovery] [scheduling-1] r.v.S.services.NotifyService             : notify node http://localhost:8084
2025-03-25T23:10:44.961+04:00  INFO 4032 --- [ServiceDiscovery] [scheduling-1] r.v.S.services.NotifyService             : Нода http://localhost:8084 отаетила
2025-03-25T23:10:44.962+04:00  INFO 4032 --- [ServiceDiscovery] [scheduling-1] r.v.S.services.NotifyService             : notify node http://localhost:8082
2025-03-25T23:10:44.968+04:00  INFO 4032 --- [ServiceDiscovery] [scheduling-1] r.v.S.services.NotifyService             : Нода http://localhost:8082 отаетила
